Log file open, 01/25/21 12:24:13
LogWindows: Failed to load 'aqProf.dll' (GetLastError=126)
LogWindows: File 'aqProf.dll' does not exist
LogWindows: Failed to load 'VSPerf140.dll' (GetLastError=126)
LogWindows: File 'VSPerf140.dll' does not exist
LogWindows: Failed to load 'VtuneApi.dll' (GetLastError=126)
LogWindows: File 'VtuneApi.dll' does not exist
LogWindows: Failed to load 'VtuneApi32e.dll' (GetLastError=126)
LogWindows: File 'VtuneApi32e.dll' does not exist
LogInit: Display: Running engine for game: MazeGame
LogPlatformFile: Not using cached read wrapper
LogTaskGraph: Started task graph with 5 named threads and 14 total threads with 3 sets of task threads.
LogStats: Stats thread started at 0.323564
LogD3D11RHI: Loaded GFSDK_Aftermath_Lib.x64.dll
LogICUInternationalization: Display: ICU TimeZone Detection - Raw Offset: +1:00, Platform Override: ''
LogPluginManager: Mounting plugin Paper2D
LogPluginManager: Mounting plugin AISupport
LogPluginManager: Mounting plugin LightPropagationVolume
LogPluginManager: Mounting plugin CLionSourceCodeAccess
LogPluginManager: Mounting plugin CodeLiteSourceCodeAccess
LogPluginManager: Mounting plugin GitSourceControl
LogPluginManager: Mounting plugin KDevelopSourceCodeAccess
LogPluginManager: Mounting plugin NullSourceCodeAccess
LogPluginManager: Mounting plugin PerforceSourceControl
LogPluginManager: Mounting plugin SubversionSourceControl
LogPluginManager: Mounting plugin UObjectPlugin
LogPluginManager: Mounting plugin VisualStudioCodeSourceCodeAccess
LogPluginManager: Mounting plugin VisualStudioSourceCodeAccess
LogPluginManager: Mounting plugin XCodeSourceCodeAccess
LogPluginManager: Mounting plugin AssetManagerEditor
LogPluginManager: Mounting plugin CryptoKeys
LogPluginManager: Mounting plugin DataValidation
LogPluginManager: Mounting plugin FacialAnimation
LogPluginManager: Mounting plugin GameplayTagsEditor
LogPluginManager: Mounting plugin MacGraphicsSwitching
LogPluginManager: Mounting plugin MeshEditor
LogPluginManager: Mounting plugin MobileLauncherProfileWizard
LogPluginManager: Mounting plugin PluginBrowser
LogPluginManager: Mounting plugin SpeedTreeImporter
LogPluginManager: Mounting plugin DatasmithContent
LogPluginManager: Mounting plugin AlembicImporter
LogPluginManager: Mounting plugin AppleImageUtils
LogPluginManager: Mounting plugin AppleVision
LogPluginManager: Mounting plugin BackChannel
LogPluginManager: Mounting plugin CharacterAI
LogPluginManager: Mounting plugin GeometryCache
LogPluginManager: Mounting plugin HTML5Networking
LogPluginManager: Mounting plugin ProxyLODPlugin
LogPluginManager: Mounting plugin MagicLeap
LogPluginManager: Mounting plugin MagicLeapEmulator
LogPluginManager: Mounting plugin MagicLeapMedia
LogPluginManager: Mounting plugin AndroidMedia
LogPluginManager: Mounting plugin AvfMedia
LogPluginManager: Mounting plugin ImgMedia
LogPluginManager: Mounting plugin LinearTimecode
LogPluginManager: Mounting plugin MediaCompositing
LogPluginManager: Mounting plugin MediaPlayerEditor
LogPluginManager: Mounting plugin WmfMedia
LogPluginManager: Mounting plugin TcpMessaging
LogPluginManager: Mounting plugin UdpMessaging
LogPluginManager: Mounting plugin ActorSequence
LogPluginManager: Mounting plugin LevelSequenceEditor
LogPluginManager: Mounting plugin MatineeToLevelSequence
LogPluginManager: Mounting plugin NetcodeUnitTest
LogPluginManager: Mounting plugin NUTUnrealEngine4
LogPluginManager: Mounting plugin OnlineSubsystemGooglePlay
LogPluginManager: Mounting plugin OnlineSubsystemIOS
LogPluginManager: Mounting plugin OnlineSubsystem
LogPluginManager: Mounting plugin OnlineSubsystemNull
LogPluginManager: Mounting plugin OnlineSubsystemUtils
LogPluginManager: Mounting plugin LauncherChunkInstaller
LogPluginManager: Mounting plugin AndroidDeviceProfileSelector
LogPluginManager: Mounting plugin AndroidMoviePlayer
LogPluginManager: Mounting plugin AndroidPermission
LogPluginManager: Mounting plugin AppleMoviePlayer
LogPluginManager: Mounting plugin ArchVisCharacter
LogPluginManager: Mounting plugin AudioCapture
LogPluginManager: Mounting plugin CableComponent
LogPluginManager: Mounting plugin CustomMeshComponent
LogPluginManager: Mounting plugin EditableMesh
LogPluginManager: Mounting plugin ExampleDeviceProfileSelector
LogPluginManager: Mounting plugin GoogleCloudMessaging
LogPluginManager: Mounting plugin ImmediatePhysics
LogPluginManager: Mounting plugin IOSDeviceProfileSelector
LogPluginManager: Mounting plugin LinuxDeviceProfileSelector
LogPluginManager: Mounting plugin LocationServicesBPLibrary
LogPluginManager: Mounting plugin MobilePatchingUtils
LogPluginManager: Mounting plugin OculusVR
LogPluginManager: Plugin shader directory ../../../Engine/Plugins/Runtime/Oculus/OculusVR/Shaders found
LogPluginManager: Mapping shader source directory ../../../Engine/Plugins/Runtime/Oculus/OculusVR/Shaders to virtual directory /Plugin/OculusVR
LogPluginManager: Mounting plugin PhysXVehicles
LogPluginManager: Mounting plugin ProceduralMeshComponent
LogPluginManager: Mounting plugin RuntimePhysXCooking
LogPluginManager: Mounting plugin SteamVR
LogPluginManager: Mounting plugin WindowsMoviePlayer
LogStreaming: Display: Took  0.262s to configure plugins.
LogInit: Using libcurl 7.55.1-DEV
LogInit:  - built for x86_64-pc-win32
LogInit:  - supports SSL with OpenSSL/1.0.2h
LogInit:  - supports HTTP deflate (compression) using libz 1.2.8
LogInit:  - other features:
LogInit:      CURL_VERSION_SSL
LogInit:      CURL_VERSION_LIBZ
LogInit:      CURL_VERSION_IPV6
LogInit:      CURL_VERSION_ASYNCHDNS
LogInit:      CURL_VERSION_LARGEFILE
LogInit:      CURL_VERSION_IDN
LogInit:  CurlRequestOptions (configurable via config and command line):
LogInit:  - bVerifyPeer = false  - Libcurl will NOT verify peer certificate
LogInit:  - bUseHttpProxy = false  - Libcurl will NOT use HTTP proxy
LogInit:  - bDontReuseConnections = false  - Libcurl will reuse connections
LogInit:  - CertBundlePath = nullptr  - Libcurl will use whatever was configured at build time.
LogInit:  - MaxHostConnections = 16  - Libcurl will limit the number of connections to a host
LogInit:  - LocalHostAddr = Default
LogInit:  - BufferSize = 65536
LogInit: WinSock: version 1.1 (2.2), MaxSocks=32767, MaxUdp=65467
LogInit: Build: ++UE4+Release-4.20-CL-4369336
LogInit: Engine Version: 4.20.3-4369336+++UE4+Release-4.20
LogInit: Compatible Engine Version: 4.20.0-4212847+++UE4+Release-4.20
LogInit: Net CL: 4212847
LogInit: OS: Windows 10 (), CPU: Intel(R) Core(TM) i5-7300HQ CPU @ 2.50GHz, GPU: Intel(R) HD Graphics 630
LogInit: Compiled (64-bit): Sep 17 2018 12:26:19
LogInit: Compiled with Visual C++: 19.13.26129.00
LogInit: Build Configuration: Development
LogInit: Branch Name: ++UE4+Release-4.20
LogInit: Command Line: -EpicPortal  -epicusername="blooia" -epicuserid=27591ec173fc45aba594a0e4d13e8e68 -epiclocale=pl
LogInit: Base Directory: D:/unreal/UE_4.20/Engine/Binaries/Win64/
LogInit: Installed Engine Build: 1
LogDevObjectVersion: Number of dev versions registered: 20
LogDevObjectVersion:   Dev-Blueprints (B0D832E4-1F89-4F0D-ACCF-7EB736FD4AA2): 10
LogDevObjectVersion:   Dev-Build (E1C64328-A22C-4D53-A36C-8E866417BD8C): 0
LogDevObjectVersion:   Dev-Core (375EC13C-06E4-48FB-B500-84F0262A717E): 2
LogDevObjectVersion:   Dev-Editor (E4B068ED-F494-42E9-A231-DA0B2E46BB41): 24
LogDevObjectVersion:   Dev-Framework (CFFC743F-43B0-4480-9391-14DF171D2073): 34
LogDevObjectVersion:   Dev-Mobile (B02B49B5-BB20-44E9-A304-32B752E40360): 2
LogDevObjectVersion:   Dev-Networking (A4E4105C-59A1-49B5-A7C5-40C4547EDFEE): 0
LogDevObjectVersion:   Dev-Online (39C831C9-5AE6-47DC-9A44-9C173E1C8E7C): 0
LogDevObjectVersion:   Dev-Physics (78F01B33-EBEA-4F98-B9B4-84EACCB95AA2): 0
LogDevObjectVersion:   Dev-Platform (6631380F-2D4D-43E0-8009-CF276956A95A): 0
LogDevObjectVersion:   Dev-Rendering (12F88B9F-8875-4AFC-A67C-D90C383ABD29): 26
LogDevObjectVersion:   Dev-Sequencer (7B5AE74C-D270-4C10-A958-57980B212A5A): 9
LogDevObjectVersion:   Dev-VR (D7296918-1DD6-4BDD-9DE2-64A83CC13884): 2
LogDevObjectVersion:   Dev-LoadTimes (C2A15278-BFE7-4AFE-6C17-90FF531DF755): 1
LogDevObjectVersion:   Private-Geometry (6EACA3D4-40EC-4CC1-B786-8BED09428FC5): 3
LogDevObjectVersion:   Dev-AnimPhys (29E575DD-E0A3-4627-9D10-D276232CDCEA): 17
LogDevObjectVersion:   Dev-ReflectionCapture (6B266CEC-1EC7-4B8F-A30B-E4D90942FC07): 1
LogDevObjectVersion:   Dev-Automation (0DF73D61-A23F-47EA-B727-89E90C41499A): 1
LogDevObjectVersion:   FortniteMain (601D1886-AC64-4F84-AA16-D3DE0DEAC7D6): 12
LogDevObjectVersion:   Dev-Enterprise (9DFFBCD6-494F-0158-E221-12823C92A888): 1
LogStreaming: Display: Took  0.025s to delete old logs.
LogInit: Presizing for max 8388607 objects, including 0 objects not considered by GC, pre-allocating 0 bytes for permanent pool.
LogInit: Object subsystem initialized
[2021.01.25-11.24.13:893][  0]LogInit: Selected Device Profile: [Windows]
[2021.01.25-11.24.13:893][  0]LogInit: Applying CVar settings loaded from the selected device profile: [Windows]
[2021.01.25-11.24.13:908][  0]LogHAL: Display: Platform has ~ 8 GB [8445386752 / 8589934592 / 8], which maps to Default [LargestMinGB=32, LargerMinGB=12, DefaultMinGB=8, SmallerMinGB=6, SmallestMinGB=0)
[2021.01.25-11.24.13:908][  0]LogInit: Setting Device Profile CVar: [[r.Vulkan.UseRealUBs:1]]
[2021.01.25-11.24.13:908][  0]LogInit: Going up to parent DeviceProfile []
[2021.01.25-11.24.13:910][  0]LogInit: Computer: DESKTOP-RHMTELH
[2021.01.25-11.24.13:910][  0]LogInit: User: belee
[2021.01.25-11.24.13:910][  0]LogInit: CPU Page size=4096, Cores=4
[2021.01.25-11.24.13:910][  0]LogInit: High frequency timer resolution =10.000000 MHz
[2021.01.25-11.24.13:910][  0]LogMemory: Memory total: Physical=7.9GB (8GB approx)
[2021.01.25-11.24.13:910][  0]LogMemory: Platform Memory Stats for Windows
[2021.01.25-11.24.13:910][  0]LogMemory: Process Physical Memory: 101.99 MB used, 101.99 MB peak
[2021.01.25-11.24.13:910][  0]LogMemory: Process Virtual Memory: 92.82 MB used, 92.82 MB peak
[2021.01.25-11.24.13:910][  0]LogMemory: Physical Memory: 6874.79 MB used,  1179.36 MB free, 8054.15 MB total
[2021.01.25-11.24.13:910][  0]LogMemory: Virtual Memory: 4613.14 MB used,  1179.36 MB free, 134217728.00 MB total
[2021.01.25-11.24.13:987][  0]LogInit: Using OS detected language (pl-PL).
[2021.01.25-11.24.13:987][  0]LogInit: Using OS detected locale (pl-PL).
[2021.01.25-11.24.13:989][  0]LogTextLocalizationManager: No specific localization for 'pl-PL' exists, so the 'pl' localization will be used.
[2021.01.25-11.24.13:994][  0]LogStreaming: Display: Took  0.007s to InitEngineTextLocalization.
[2021.01.25-11.24.13:994][  0]LogInit: Setting process to per monitor DPI aware
[2021.01.25-11.24.14:076][  0]LogSlate: New Slate User Created.  User Index 0, Is Virtual User: 0
[2021.01.25-11.24.14:076][  0]LogSlate: Slate User Registered.  User Index 0, Is Virtual User: 0
[2021.01.25-11.24.14:929][  0]LogHMD: Failed to initialize OpenVR with code 110
[2021.01.25-11.24.14:929][  0]LogD3D11RHI: D3D11 adapters:
[2021.01.25-11.24.15:057][  0]LogD3D11RHI:    0. 'NVIDIA GeForce GTX 1050' (Feature Level 11_0)
[2021.01.25-11.24.15:057][  0]LogD3D11RHI:       4021/0/4027 MB DedicatedVideo/DedicatedSystem/SharedSystem, Outputs:1, VendorId:0x10de
[2021.01.25-11.24.15:087][  0]LogD3D11RHI:    1. 'Intel(R) HD Graphics 630' (Feature Level 11_0)
[2021.01.25-11.24.15:087][  0]LogD3D11RHI:       128/0/4027 MB DedicatedVideo/DedicatedSystem/SharedSystem, Outputs:0, VendorId:0x8086
[2021.01.25-11.24.15:091][  0]LogD3D11RHI:    2. 'Microsoft Basic Render Driver' (Feature Level 11_0)
[2021.01.25-11.24.15:091][  0]LogD3D11RHI:       0/0/4027 MB DedicatedVideo/DedicatedSystem/SharedSystem, Outputs:0, VendorId:0x1414
[2021.01.25-11.24.15:091][  0]LogD3D11RHI: Chosen D3D11 Adapter: 0
[2021.01.25-11.24.15:152][  0]LogD3D11RHI: Creating new Direct3DDevice
[2021.01.25-11.24.15:152][  0]LogD3D11RHI:     GPU DeviceId: 0x1c8d (for the marketing name, search the web for "GPU Device Id")
[2021.01.25-11.24.15:152][  0]LogWindows: EnumDisplayDevices:
[2021.01.25-11.24.15:152][  0]LogWindows:    0. 'Intel(R) HD Graphics 630' (P:1 D:1)
[2021.01.25-11.24.15:153][  0]LogWindows:    1. 'Intel(R) HD Graphics 630' (P:0 D:0)
[2021.01.25-11.24.15:153][  0]LogWindows:    2. 'Intel(R) HD Graphics 630' (P:0 D:0)
[2021.01.25-11.24.15:154][  0]LogWindows: DebugString: PrimaryIsNotTheChoosenAdapter PrimaryIsNotTheChoosenAdapter PrimaryIsNotTheChoosenAdapter FoundDriverCount:0 
[2021.01.25-11.24.15:154][  0]LogD3D11RHI:     Adapter Name: NVIDIA GeForce GTX 1050
[2021.01.25-11.24.15:154][  0]LogD3D11RHI:   Driver Version: Unknown (internal:Unknown, unified:Unknown)
[2021.01.25-11.24.15:154][  0]LogD3D11RHI:      Driver Date: Unknown
[2021.01.25-11.24.15:154][  0]LogRHI: Texture pool is 2814 MB (70% of 4021 MB)
[2021.01.25-11.24.15:233][  0]LogD3D11RHI: Async texture creation enabled
[2021.01.25-11.24.15:254][  0]LogD3D11RHI: GPU Timing Frequency: 1000.000000 (Debug: 2 1)
[2021.01.25-11.24.15:255][  0]LogShaderCompilers: Guid format shader working directory is 14 characters bigger than the processId version (../../../../MazeGameAB/MazeGame/Intermediate/Shaders/WorkingDirectory/13980/).
[2021.01.25-11.24.15:256][  0]LogShaderCompilers: Cleaned the shader compiler working directory 'C:/Users/belee/AppData/Local/Temp/UnrealShaderWorkingDir/C6D3CF0D46DE2C4EB9C059BD962AE5EB/'.
[2021.01.25-11.24.15:820][  0]LogTemp: Display: Loaded TP AllDesktopTargetPlatform
[2021.01.25-11.24.15:835][  0]LogTemp: Display: Loaded TP MacClientTargetPlatform
[2021.01.25-11.24.15:850][  0]LogTemp: Display: Loaded TP MacNoEditorTargetPlatform
[2021.01.25-11.24.15:865][  0]LogTemp: Display: Loaded TP MacServerTargetPlatform
[2021.01.25-11.24.15:880][  0]LogTemp: Display: Loaded TP MacTargetPlatform
[2021.01.25-11.24.15:895][  0]LogTemp: Display: Loaded TP WindowsClientTargetPlatform
[2021.01.25-11.24.15:911][  0]LogTemp: Display: Loaded TP WindowsNoEditorTargetPlatform
[2021.01.25-11.24.15:928][  0]LogTemp: Display: Loaded TP WindowsServerTargetPlatform
[2021.01.25-11.24.15:935][  0]LogTemp: Display: Loaded TP WindowsTargetPlatform
[2021.01.25-11.24.16:050][  0]LogTemp: Display: Loaded TP AndroidTargetPlatform
[2021.01.25-11.24.16:050][  0]LogTemp: Display: Loaded TP AndroidTargetPlatform
[2021.01.25-11.24.16:050][  0]LogTemp: Display: Loaded TP AndroidTargetPlatform
[2021.01.25-11.24.16:050][  0]LogTemp: Display: Loaded TP AndroidTargetPlatform
[2021.01.25-11.24.16:050][  0]LogTemp: Display: Loaded TP AndroidTargetPlatform
[2021.01.25-11.24.16:050][  0]LogTemp: Display: Loaded TP AndroidTargetPlatform
[2021.01.25-11.24.16:050][  0]LogTemp: Display: Loaded TP AndroidTargetPlatform
[2021.01.25-11.24.16:050][  0]LogTemp: Display: Loaded TP AndroidTargetPlatform
[2021.01.25-11.24.16:050][  0]LogTemp: Display: Loaded TP AndroidTargetPlatform
[2021.01.25-11.24.16:050][  0]LogTemp: Display: Loaded TP AndroidTargetPlatform
[2021.01.25-11.24.16:050][  0]LogTemp: Display: Loaded TP AndroidTargetPlatform
[2021.01.25-11.24.16:050][  0]LogTemp: Display: Loaded TP AndroidTargetPlatform
[2021.01.25-11.24.16:050][  0]LogTemp: Display: Loaded TP AndroidTargetPlatform
[2021.01.25-11.24.16:050][  0]LogTemp: Display: Loaded TP AndroidTargetPlatform
[2021.01.25-11.24.16:050][  0]LogTemp: Display: Loaded TP AndroidTargetPlatform
[2021.01.25-11.24.16:050][  0]LogTemp: Display: Loaded TP AndroidTargetPlatform
[2021.01.25-11.24.16:050][  0]LogTemp: Display: Loaded TP AndroidTargetPlatform
[2021.01.25-11.24.16:050][  0]LogTemp: Display: Loaded TP AndroidTargetPlatform
[2021.01.25-11.24.16:055][  0]LogTemp: Display: Loaded TP HTML5TargetPlatform
[2021.01.25-11.24.16:135][  0]LogTemp: Display: Loaded TP IOSTargetPlatform
[2021.01.25-11.24.16:135][  0]LogTemp: Display: Loaded TP IOSTargetPlatform
[2021.01.25-11.24.16:162][  0]LogTemp: Display: Loaded TP TVOSTargetPlatform
[2021.01.25-11.24.16:162][  0]LogTemp: Display: Loaded TP TVOSTargetPlatform
[2021.01.25-11.24.16:177][  0]LogTemp: Display: Loaded TP LinuxClientTargetPlatform
[2021.01.25-11.24.16:192][  0]LogTemp: Display: Loaded TP LinuxNoEditorTargetPlatform
[2021.01.25-11.24.16:207][  0]LogTemp: Display: Loaded TP LinuxServerTargetPlatform
[2021.01.25-11.24.16:224][  0]LogTemp: Display: Loaded TP LinuxTargetPlatform
[2021.01.25-11.24.16:234][  0]LogTemp: Display: Loaded TP LuminTargetPlatform
[2021.01.25-11.24.16:234][  0]LogTargetPlatformManager: Display: Building Assets For Windows
[2021.01.25-11.24.16:324][  0]LogXGEController: Cannot use XGE Controller as Incredibuild is not installed on this machine.
[2021.01.25-11.24.16:324][  0]LogShaderCompilers: Cannot use XGE Shader Compiler as Incredibuild is not installed on this machine.
[2021.01.25-11.24.16:324][  0]LogShaderCompilers: Display: Using Local Shader Compiler.
[2021.01.25-11.24.17:296][  0]LogDerivedDataCache: Display: Max Cache Size: 512 MB
[2021.01.25-11.24.17:364][  0]LogDerivedDataCache: Loaded boot cache 0.07s 71MB C:/Users/belee/AppData/Local/UnrealEngine/4.20/DerivedDataCache/Boot.ddc.
[2021.01.25-11.24.17:365][  0]LogDerivedDataCache: Display: Loaded Boot cache: C:/Users/belee/AppData/Local/UnrealEngine/4.20/DerivedDataCache/Boot.ddc
[2021.01.25-11.24.17:365][  0]LogDerivedDataCache: FDerivedDataBackendGraph:  Pak pak cache file ../../../../MazeGameAB/MazeGame/DerivedDataCache/DDC.ddp not found, will not use a pak cache.
[2021.01.25-11.24.17:365][  0]LogDerivedDataCache: Unable to find inner node Pak for hierarchical cache Hierarchy.
[2021.01.25-11.24.17:365][  0]LogDerivedDataCache: FDerivedDataBackendGraph:  CompressedPak pak cache file ../../../../MazeGameAB/MazeGame/DerivedDataCache/Compressed.ddp not found, will not use a pak cache.
[2021.01.25-11.24.17:365][  0]LogDerivedDataCache: Unable to find inner node CompressedPak for hierarchical cache Hierarchy.
[2021.01.25-11.24.17:382][  0]LogDerivedDataCache: Display: Pak cache opened for reading ../../../Engine/DerivedDataCache/Compressed.ddp.
[2021.01.25-11.24.17:395][  0]LogDerivedDataCache: Using Local data cache path C:/Users/belee/AppData/Local/UnrealEngine/Common/DerivedDataCache: Writable
[2021.01.25-11.24.17:395][  0]LogDerivedDataCache: Shared data cache path not found in *engine.ini, will not use an Shared cache.
[2021.01.25-11.24.17:395][  0]LogDerivedDataCache: Unable to find inner node Shared for hierarchical cache Hierarchy.
[2021.01.25-11.24.17:414][  0]LogMaterial: Verifying Global Shaders for PCD3D_SM5
[2021.01.25-11.24.17:416][  0]LogSlate: Using FreeType 2.6.0
[2021.01.25-11.24.17:418][  0]LogSlate: SlateFontServices - WITH_FREETYPE: 1, WITH_HARFBUZZ: 1
[2021.01.25-11.24.17:654][  0]LogAssetRegistry: FAssetRegistry took 0.0261 seconds to start up
[2021.01.25-11.24.17:995][  0]LogInit: Selected Device Profile: [Windows]
[2021.01.25-11.24.18:155][  0]LogSimplygon: Simplygon DLL not present - disabling.
[2021.01.25-11.24.18:164][  0]LogMeshReduction: Using SimplygonSwarm for distributed automatic mesh merging
[2021.01.25-11.24.18:164][  0]LogMeshReduction: Using ProxyLODMeshReduction for automatic mesh merging
[2021.01.25-11.24.18:164][  0]LogMeshReduction: Using QuadricMeshReduction for automatic static mesh reduction
[2021.01.25-11.24.18:164][  0]LogMeshReduction: No automatic skeletal mesh reduction module available
[2021.01.25-11.24.18:190][  0]LogNetVersion: MazeGame 1.0.0, NetCL: 4212847, EngineNetVer: 5, GameNetVer: 0 (Checksum: 803854447)
[2021.01.25-11.24.18:886][  0]LogPackageLocalizationCache: Processed 11 localized package path(s) for 2 prioritized culture(s) in 0.184780 seconds
[2021.01.25-11.24.18:893][  0]LogUObjectArray: 38425 objects as part of root set at end of initial load.
[2021.01.25-11.24.18:893][  0]LogUObjectAllocator: 6690864 out of 0 bytes used by permanent object pool.
[2021.01.25-11.24.18:893][  0]LogUObjectArray: CloseDisregardForGC: 0/0 objects in disregard for GC pool
[2021.01.25-11.24.19:905][  0]LogTcpMessaging: Initializing TcpMessaging bridge
[2021.01.25-11.24.19:918][  0]LogUdpMessaging: Initializing bridge on interface 0.0.0.0:0 to multicast group 230.0.0.1:6666.
[2021.01.25-11.24.20:066][  0]SourceControl: Source control is disabled
[2021.01.25-11.24.20:066][  0]SourceControl: Source control is disabled
[2021.01.25-11.24.20:067][  0]SourceControl: Source control is disabled
[2021.01.25-11.24.20:068][  0]SourceControl: Source control is disabled
[2021.01.25-11.24.20:241][  0]LogAndroidPermission: UAndroidPermissionCallbackProxy::GetInstance
[2021.01.25-11.24.20:310][  0]LogOcInput: OculusInput pre-init called
[2021.01.25-11.24.20:370][  0]LogEngine: Initializing Engine...
[2021.01.25-11.24.20:371][  0]LogHMD: Failed to initialize OpenVR with code 110
[2021.01.25-11.24.20:373][  0]LogStats: UGameplayTagsManager::ConstructGameplayTagTree: ImportINI prefixes -  0.000 s
[2021.01.25-11.24.20:373][  0]LogStats: UGameplayTagsManager::ConstructGameplayTagTree: Construct from data asset -  0.000 s
[2021.01.25-11.24.20:373][  0]LogStats: UGameplayTagsManager::ConstructGameplayTagTree: ImportINI -  0.000 s
[2021.01.25-11.24.20:373][  0]LogStats: UGameplayTagsManager::ConstructGameplayTagTree: GameplayTagTreeChangedEvent.Broadcast -  0.000 s
[2021.01.25-11.24.20:645][  0]LogInit: Initializing FReadOnlyCVARCache
[2021.01.25-11.24.20:665][  0]LogAIModule: Creating AISystem for world Untitled
[2021.01.25-11.24.20:687][  0]LogInit: XAudio2 using 'Głośniki / Słuchawki (Realtek Audio)' : 2 channels at 48 kHz using 32 bits per sample (channel mask 0x3)
[2021.01.25-11.24.21:165][  0]LogInit: FAudioDevice initialized.
[2021.01.25-11.24.21:166][  0]LogNetVersion: Set ProjectVersion to 1.0.0.0. Version Checksum will be recalculated on next use.
[2021.01.25-11.24.21:267][  0]LogDerivedDataCache: Saved boot cache 0.10s 71MB C:/Users/belee/AppData/Local/UnrealEngine/4.20/DerivedDataCache/Boot.ddc.
[2021.01.25-11.24.21:273][  0]LogInit: Texture streaming: Enabled
[2021.01.25-11.24.21:306][  0]LogEngineSessionManager: EngineSessionManager initialized
[2021.01.25-11.24.21:329][  0]LogInit: Transaction tracking system initialized
[2021.01.25-11.24.21:369][  0]BlueprintLog: New page: Editor Load
[2021.01.25-11.24.21:495][  0]LocalizationService: Localization service is disabled
[2021.01.25-11.24.21:849][  0]LogCook: Display: Max memory allowance for cook 16384mb min free memory 0mb
[2021.01.25-11.24.21:849][  0]LogCook: Display: Mobile HDR setting 1
[2021.01.25-11.24.21:850][  0]LogFileCache: Scanning file cache for directory 'D:/unreal/MazeGameAB/MazeGame/Content/' took 0.01s
[2021.01.25-11.24.21:850][  0]LogGameplayTags: Display: UGameplayTagsManager::DoneAddingNativeTags. DelegateIsBound: 0
[2021.01.25-11.24.21:850][  0]LogStats: UGameplayTagsManager::ConstructGameplayTagTree: ImportINI prefixes -  0.000 s
[2021.01.25-11.24.21:850][  0]LogStats: UGameplayTagsManager::ConstructGameplayTagTree: Construct from data asset -  0.000 s
[2021.01.25-11.24.21:850][  0]LogStats: UGameplayTagsManager::ConstructGameplayTagTree: ImportINI -  0.000 s
[2021.01.25-11.24.21:850][  0]LogStats: UGameplayTagsManager::ConstructGameplayTagTree: GameplayTagTreeChangedEvent.Broadcast -  0.000 s
[2021.01.25-11.24.22:035][  0]SourceControl: Source control is disabled
[2021.01.25-11.24.22:035][  0]Cmd: MAP LOAD FILE="../../../../MazeGameAB/MazeGame/Content/StarterContent/Maps/MainAgnieszkaBonislawska.umap" TEMPLATE=0 SHOWPROGRESS=1 FEATURELEVEL=3
[2021.01.25-11.24.22:038][  0]LightingResults: New page: Lighting Build
[2021.01.25-11.24.22:041][  0]MapCheck: New page: Map Check
[2021.01.25-11.24.22:041][  0]LightingResults: New page: Lighting Build
[2021.01.25-11.24.22:632][  0]LogAIModule: Creating AISystem for world MainAgnieszkaBonislawska
[2021.01.25-11.24.22:643][  0]PIE: Warning: Trying to simulate physics on ''/Game/StarterContent/Maps/MainAgnieszkaBonislawska.MainAgnieszkaBonislawska:PersistentLevel.Maze_StaticMesh.StaticMeshComponent0'' but it has ComplexAsSimple collision.
[2021.01.25-11.24.22:647][  0]LogEditorServer: Finished looking for orphan Actors (0.000 secs)
[2021.01.25-11.24.22:674][  0]Cmd: MAP CHECKDEP NOCLEARLOG
[2021.01.25-11.24.22:741][  0]MapCheck: Map check complete: 0 Error(s), 0 Warning(s), took 67,448ms to complete.
[2021.01.25-11.24.22:741][  0]LogFileHelpers: Loading map 'MainAgnieszkaBonislawska' took 0.707
[2021.01.25-11.24.22:998][  0]LogSlate: Updating window title bar state: overlay mode, drag disabled, window buttons hidden, title bar hidden
[2021.01.25-11.24.23:012][  0]LogSlate: Updating window title bar state: overlay mode, drag disabled, window buttons hidden, title bar hidden
[2021.01.25-11.24.23:019][  0]LogSlate: Updating window title bar state: overlay mode, drag disabled, window buttons hidden, title bar hidden
[2021.01.25-11.24.23:028][  0]LogSlate: Updating window title bar state: overlay mode, drag disabled, window buttons hidden, title bar hidden
[2021.01.25-11.24.23:201][  0]LogCollectionManager: Loaded 0 collections in 0.001206 seconds
[2021.01.25-11.24.23:291][  0]LogFileCache: Scanning file cache for directory 'D:/unreal/MazeGameAB/MazeGame/Saved/Collections/' took 0.01s
[2021.01.25-11.24.23:291][  0]LogFileCache: Scanning file cache for directory 'D:/unreal/MazeGameAB/MazeGame/Content/Developers/belee/Collections/' took 0.01s
[2021.01.25-11.24.23:291][  0]LogFileCache: Scanning file cache for directory 'D:/unreal/MazeGameAB/MazeGame/Content/Collections/' took 0.01s
[2021.01.25-11.24.23:291][  0]LogCollectionManager: Rebuilt the GUID cache for 0 collections in 0.000001 seconds
[2021.01.25-11.24.23:309][  0]LogContentBrowser: Native class hierarchy populated in 0.0133 seconds. Added 2572 classes and 603 folders.
[2021.01.25-11.24.23:336][  0]LogContentBrowser: Native class hierarchy updated for 'WidgetCarousel' in 0.0003 seconds. Added 0 classes and 0 folders.
[2021.01.25-11.24.23:745][  0]LogContentBrowser: Native class hierarchy updated for 'AddContentDialog' in 0.0003 seconds. Added 0 classes and 0 folders.
[2021.01.25-11.24.23:766][  0]LogContentBrowser: Native class hierarchy updated for 'SceneOutliner' in 0.0004 seconds. Added 1 classes and 2 folders.
[2021.01.25-11.24.24:135][  0]LogSlate: Took 0.003978 seconds to synchronously load lazily loaded font '../../../Engine/Content/Slate/Fonts/Roboto-Regular.ttf' (155K)
[2021.01.25-11.24.24:143][  0]LogSlate: Took 0.004840 seconds to synchronously load lazily loaded font '../../../Engine/Content/Slate/Fonts/Roboto-Bold.ttf' (160K)
[2021.01.25-11.24.24:159][  0]LogSlate: Took 0.003193 seconds to synchronously load lazily loaded font '../../../Engine/Content/Editor/Slate/Fonts/FontAwesome.ttf' (139K)
[2021.01.25-11.24.24:326][  0]LogRenderer: Reallocating scene render targets to support 932x436 Format 10 NumSamples 1 (Frame:1).
[2021.01.25-11.24.24:683][  0]LogContentBrowser: Native class hierarchy updated for 'HierarchicalLODOutliner' in 0.0004 seconds. Added 0 classes and 0 folders.
[2021.01.25-11.24.24:683][  0]LogLoad: (Engine Initialization) Total time: 15.12 seconds
[2021.01.25-11.24.24:683][  0]LogLoad: (Engine Initialization) Total Blueprint compile time: 0.00 seconds
[2021.01.25-11.24.24:779][  0]LogContentStreaming: Texture pool size now 1000 MB
[2021.01.25-11.24.24:863][  0]LogSlate: Took 0.003360 seconds to synchronously load lazily loaded font '../../../Engine/Content/Slate/Fonts/Roboto-Light.ttf' (167K)
[2021.01.25-11.24.25:218][  2]LogAssetRegistry: Asset discovery search completed in 7.5849 seconds
[2021.01.25-11.24.25:221][  2]LogCollectionManager: Rebuilt the object cache for 0 collections in 0.000000 seconds (found 0 objects)
[2021.01.25-11.24.25:221][  2]LogCollectionManager: Fixed up redirectors for 0 collections in 0.000072 seconds (updated 0 objects)
[2021.01.25-11.24.41:630][544]LogSlate: FSceneViewport::OnFocusLost() reason 0
[2021.01.25-11.24.42:843][609]LogEditorActor: Deleted Actor: PointLight
[2021.01.25-11.24.42:875][609]LogEditorActor: Deleted 1 Actors (0.067 secs)
[2021.01.25-11.24.54:554][863]Cmd: TRANSACTION UNDO
[2021.01.25-11.24.54:555][863]LogEditorTransaction: Undo Delete selection
[2021.01.25-11.24.54:574][863]PIE: Warning: Trying to simulate physics on ''/Game/StarterContent/Maps/MainAgnieszkaBonislawska.MainAgnieszkaBonislawska:PersistentLevel.Maze_StaticMesh.StaticMeshComponent0'' but it has ComplexAsSimple collision.
[2021.01.25-11.24.54:575][863]PIE: Warning: Trying to simulate physics on ''/Game/StarterContent/Maps/MainAgnieszkaBonislawska.MainAgnieszkaBonislawska:PersistentLevel.Maze_StaticMesh.StaticMeshComponent0'' but it has ComplexAsSimple collision.
[2021.01.25-11.24.54:600][863]LogSlate: Took 0.000292 seconds to synchronously load lazily loaded font '../../../Engine/Content/Slate/Fonts/Roboto-Light.ttf' (167K)
[2021.01.25-11.26.38:134][447]LogEditorViewport: Clicking on Actor (LMB): BP_Sky_Sphere_C (Sky Sphere)
[2021.01.25-11.26.57:064][573]LogEditorViewport: Clicking on Actor (LMB): TriggerBox (TriggerBox)
[2021.01.25-11.28.22:740][390]LogEditorViewport: Clicking on Actor (LMB): StaticMeshActor (Ball)
[2021.01.25-11.28.38:480][294]LogSlate: FSceneViewport::OnFocusLost() reason 0
[2021.01.25-11.28.40:976][433]LogSlate: Took 0.003164 seconds to synchronously load lazily loaded font '../../../Engine/Content/Slate/Fonts/Roboto-Italic.ttf' (157K)
[2021.01.25-11.30.25:478][290]LogSlate: FSceneViewport::OnFocusLost() reason 0
[2021.01.25-11.30.25:552][295]LogTemp: Repeating last play command: Selected Viewport
[2021.01.25-11.30.25:576][295]LogBlueprintUserMessages: Early PlayInEditor Detection: Level '/Game/StarterContent/Maps/MainAgnieszkaBonislawska.MainAgnieszkaBonislawska:PersistentLevel' has LevelScriptBlueprint '/Game/StarterContent/Maps/MainAgnieszkaBonislawska.MainAgnieszkaBonislawska:PersistentLevel.MainAgnieszkaBonislawska' with GeneratedClass '/Game/StarterContent/Maps/MainAgnieszkaBonislawska.MainAgnieszkaBonislawska_C' with ClassGeneratedBy '/Game/StarterContent/Maps/MainAgnieszkaBonislawska.MainAgnieszkaBonislawska:PersistentLevel.MainAgnieszkaBonislawska'
[2021.01.25-11.30.25:580][295]LogPlayLevel: PlayLevel: No blueprints needed recompiling
[2021.01.25-11.30.25:616][295]PIE: New page: PIE session: MainAgnieszkaBonislawska (25 sty 2021, 13:30:25)
[2021.01.25-11.30.25:617][295]LogPlayLevel: Creating play world package: /Game/StarterContent/Maps/UEDPIE_0_MainAgnieszkaBonislawska
[2021.01.25-11.30.25:625][295]LogPlayLevel: PIE: StaticDuplicateObject took: (0.008967s)
[2021.01.25-11.30.25:626][295]LogAIModule: Creating AISystem for world MainAgnieszkaBonislawska
[2021.01.25-11.30.25:627][295]LogPlayLevel: PIE: World Init took: (0.001481s)
[2021.01.25-11.30.25:628][295]LogPlayLevel: PIE: Created PIE world by copying editor world from /Game/StarterContent/Maps/MainAgnieszkaBonislawska.MainAgnieszkaBonislawska to /Game/StarterContent/Maps/UEDPIE_0_MainAgnieszkaBonislawska.MainAgnieszkaBonislawska (0.011677s)
[2021.01.25-11.30.25:677][295]LogInit: XAudio2 using 'Głośniki / Słuchawki (Realtek Audio)' : 2 channels at 48 kHz using 32 bits per sample (channel mask 0x3)
[2021.01.25-11.30.25:781][295]LogInit: FAudioDevice initialized.
[2021.01.25-11.30.25:842][295]LogLoad: Game class is 'GameModeBase'
[2021.01.25-11.30.25:865][295]PIE: Warning: Trying to simulate physics on ''/Game/StarterContent/Maps/UEDPIE_0_MainAgnieszkaBonislawska.MainAgnieszkaBonislawska:PersistentLevel.Maze_StaticMesh.StaticMeshComponent0'' but it has ComplexAsSimple collision.
[2021.01.25-11.30.25:865][295]LogWorld: Bringing World /Game/StarterContent/Maps/UEDPIE_0_MainAgnieszkaBonislawska.MainAgnieszkaBonislawska up for play (max tick rate 60) at 2021.01.25-12.30.25
[2021.01.25-11.30.25:883][295]LogWorld: Bringing up level for play took: 0.018487
[2021.01.25-11.30.25:940][295]LogContentBrowser: Native class hierarchy updated for 'MovieSceneCapture' in 0.0010 seconds. Added 10 classes and 0 folders.
[2021.01.25-11.30.25:958][295]PIE: Play in editor start time for /Game/StarterContent/Maps/UEDPIE_0_MainAgnieszkaBonislawska -0,571
[2021.01.25-11.30.25:958][295]LogBlueprintUserMessages: Late PlayInEditor Detection: Level '/Game/StarterContent/Maps/MainAgnieszkaBonislawska.MainAgnieszkaBonislawska:PersistentLevel' has LevelScriptBlueprint '/Game/StarterContent/Maps/MainAgnieszkaBonislawska.MainAgnieszkaBonislawska:PersistentLevel.MainAgnieszkaBonislawska' with GeneratedClass '/Game/StarterContent/Maps/MainAgnieszkaBonislawska.MainAgnieszkaBonislawska_C' with ClassGeneratedBy '/Game/StarterContent/Maps/MainAgnieszkaBonislawska.MainAgnieszkaBonislawska:PersistentLevel.MainAgnieszkaBonislawska'
[2021.01.25-11.30.26:670][327]LogBlueprintUserMessages: [MainAgnieszkaBonislawska_C_26] Witaj w moim labiryncie! Sprawdźmy jak szybko z niego uciekniesz!
[2021.01.25-11.30.37:162][956]LogNet: Browse: /Game/StarterContent/Maps/MainAgnieszkaBonislawska
[2021.01.25-11.30.37:162][956]LogLoad: LoadMap: /Game/StarterContent/Maps/MainAgnieszkaBonislawska
[2021.01.25-11.30.37:210][956]LogPlayLevel: Creating play world package: /Game/StarterContent/Maps/UEDPIE_0_MainAgnieszkaBonislawska
[2021.01.25-11.30.37:213][956]LogPlayLevel: PIE: StaticDuplicateObject took: (0.003690s)
[2021.01.25-11.30.37:214][956]LogAIModule: Creating AISystem for world MainAgnieszkaBonislawska
[2021.01.25-11.30.37:214][956]LogPlayLevel: PIE: World Init took: (0.000675s)
[2021.01.25-11.30.37:214][956]LogPlayLevel: PIE: Created PIE world by copying editor world from /Game/StarterContent/Maps/MainAgnieszkaBonislawska.MainAgnieszkaBonislawska to /Game/StarterContent/Maps/UEDPIE_0_MainAgnieszkaBonislawska.MainAgnieszkaBonislawska (0.004540s)
[2021.01.25-11.30.37:214][956]LogLoad: Game class is 'GameModeBase'
[2021.01.25-11.30.37:216][956]PIE: Warning: Trying to simulate physics on ''/Game/StarterContent/Maps/UEDPIE_0_MainAgnieszkaBonislawska.MainAgnieszkaBonislawska:PersistentLevel.Maze_StaticMesh.StaticMeshComponent0'' but it has ComplexAsSimple collision.
[2021.01.25-11.30.37:216][956]LogWorld: Bringing World /Game/StarterContent/Maps/UEDPIE_0_MainAgnieszkaBonislawska.MainAgnieszkaBonislawska up for play (max tick rate 60) at 2021.01.25-12.30.37
[2021.01.25-11.30.37:216][956]LogWorld: Bringing up level for play took: 0.000854
[2021.01.25-11.30.37:217][956]LogLoad: Took 0.055023 seconds to LoadMap(/Game/StarterContent/Maps/UEDPIE_0_MainAgnieszkaBonislawska)
[2021.01.25-11.30.38:151][ 12]LogBlueprintUserMessages: [MainAgnieszkaBonislawska_C_26] Witaj w moim labiryncie! Sprawdźmy jak szybko z niego uciekniesz!
[2021.01.25-11.31.06:602][716]LogBlueprintUserMessages: Early EndPlayMap Detection: Level '/Game/StarterContent/Maps/MainAgnieszkaBonislawska.MainAgnieszkaBonislawska:PersistentLevel' has LevelScriptBlueprint '/Game/StarterContent/Maps/MainAgnieszkaBonislawska.MainAgnieszkaBonislawska:PersistentLevel.MainAgnieszkaBonislawska' with GeneratedClass '/Game/StarterContent/Maps/MainAgnieszkaBonislawska.MainAgnieszkaBonislawska_C' with ClassGeneratedBy '/Game/StarterContent/Maps/MainAgnieszkaBonislawska.MainAgnieszkaBonislawska:PersistentLevel.MainAgnieszkaBonislawska'
[2021.01.25-11.31.06:607][716]LogSlate: Updating window title bar state: overlay mode, drag disabled, window buttons hidden, title bar hidden
[2021.01.25-11.31.06:652][716]LogPlayLevel: Display: Shutting down PIE online subsystems
[2021.01.25-11.31.06:653][716]LogBlueprintUserMessages: Late EndPlayMap Detection: Level '/Game/StarterContent/Maps/MainAgnieszkaBonislawska.MainAgnieszkaBonislawska:PersistentLevel' has LevelScriptBlueprint '/Game/StarterContent/Maps/MainAgnieszkaBonislawska.MainAgnieszkaBonislawska:PersistentLevel.MainAgnieszkaBonislawska' with GeneratedClass '/Game/StarterContent/Maps/MainAgnieszkaBonislawska.MainAgnieszkaBonislawska_C' with ClassGeneratedBy '/Game/StarterContent/Maps/MainAgnieszkaBonislawska.MainAgnieszkaBonislawska:PersistentLevel.MainAgnieszkaBonislawska'
[2021.01.25-11.31.06:689][716]LogSlate: Updating window title bar state: overlay mode, drag disabled, window buttons hidden, title bar hidden
[2021.01.25-11.31.06:749][717]LogPlayLevel: Display: Destroying online subsystem :Context_3
[2021.01.25-11.31.37:607][209]LogSlate: FSceneViewport::OnFocusLost() reason 2
[2021.01.25-11.31.39:498][314]LogSlate: FSceneViewport::OnFocusLost() reason 2
[2021.01.25-11.31.39:505][314]LogAssetEditorManager: Opening Asset editor for LevelScriptBlueprint /Game/StarterContent/Maps/MainAgnieszkaBonislawska.MainAgnieszkaBonislawska:PersistentLevel.MainAgnieszkaBonislawska
[2021.01.25-11.31.40:599][314]LogContentBrowser: Native class hierarchy updated for 'BlueprintGraph' in 0.0008 seconds. Added 116 classes and 0 folders.
[2021.01.25-11.31.41:519][314]LogSlate: Took 0.002400 seconds to synchronously load lazily loaded font '../../../Engine/Content/Slate/Fonts/Roboto-BoldCondensed.ttf' (158K)
[2021.01.25-11.32.23:425][684]LogSlate: Window 'MainAgnieszkaBonislawska* - Level Blueprint Editor' being destroyed
[2021.01.25-11.32.25:374][801]LogSlate: FSceneViewport::OnFocusLost() reason 0
[2021.01.25-11.32.28:912][ 12]LogEditorViewport: Clicking on Actor (LMB): StaticMeshActor (Maze_StaticMesh)
[2021.01.25-11.32.33:304][272]LogSlate: FSceneViewport::OnFocusLost() reason 0
[2021.01.25-11.33.55:214][911]LogSlate: FSceneViewport::OnFocusLost() reason 0
[2021.01.25-11.35.16:506][989]LogTemp: Repeating last play command: Selected Viewport
[2021.01.25-11.35.16:521][989]LogBlueprintUserMessages: Early PlayInEditor Detection: Level '/Game/StarterContent/Maps/MainAgnieszkaBonislawska.MainAgnieszkaBonislawska:PersistentLevel' has LevelScriptBlueprint '/Game/StarterContent/Maps/MainAgnieszkaBonislawska.MainAgnieszkaBonislawska:PersistentLevel.MainAgnieszkaBonislawska' with GeneratedClass '/Game/StarterContent/Maps/MainAgnieszkaBonislawska.MainAgnieszkaBonislawska_C' with ClassGeneratedBy '/Game/StarterContent/Maps/MainAgnieszkaBonislawska.MainAgnieszkaBonislawska:PersistentLevel.MainAgnieszkaBonislawska'
[2021.01.25-11.35.16:522][989]LogPlayLevel: PlayLevel: No blueprints needed recompiling
[2021.01.25-11.35.16:522][989]PIE: New page: PIE session: MainAgnieszkaBonislawska (25 sty 2021, 13:35:16)
[2021.01.25-11.35.16:522][989]LogPlayLevel: Creating play world package: /Game/StarterContent/Maps/UEDPIE_0_MainAgnieszkaBonislawska
[2021.01.25-11.35.16:525][989]LogPlayLevel: PIE: StaticDuplicateObject took: (0.003172s)
[2021.01.25-11.35.16:529][989]LogAIModule: Creating AISystem for world MainAgnieszkaBonislawska
[2021.01.25-11.35.16:529][989]LogPlayLevel: PIE: World Init took: (0.003422s)
[2021.01.25-11.35.16:529][989]LogPlayLevel: PIE: Created PIE world by copying editor world from /Game/StarterContent/Maps/MainAgnieszkaBonislawska.MainAgnieszkaBonislawska to /Game/StarterContent/Maps/UEDPIE_0_MainAgnieszkaBonislawska.MainAgnieszkaBonislawska (0.006749s)
[2021.01.25-11.35.16:573][989]LogInit: XAudio2 using 'Głośniki / Słuchawki (Realtek Audio)' : 2 channels at 48 kHz using 32 bits per sample (channel mask 0x3)
[2021.01.25-11.35.16:670][989]LogInit: FAudioDevice initialized.
[2021.01.25-11.35.16:705][989]LogLoad: Game class is 'GameModeBase'
[2021.01.25-11.35.16:707][989]PIE: Warning: Trying to simulate physics on ''/Game/StarterContent/Maps/UEDPIE_0_MainAgnieszkaBonislawska.MainAgnieszkaBonislawska:PersistentLevel.Maze_StaticMesh.StaticMeshComponent0'' but it has ComplexAsSimple collision.
[2021.01.25-11.35.16:707][989]LogWorld: Bringing World /Game/StarterContent/Maps/UEDPIE_0_MainAgnieszkaBonislawska.MainAgnieszkaBonislawska up for play (max tick rate 60) at 2021.01.25-12.35.16
[2021.01.25-11.35.16:707][989]LogWorld: Bringing up level for play took: 0.001104
[2021.01.25-11.35.16:721][989]PIE: Play in editor start time for /Game/StarterContent/Maps/UEDPIE_0_MainAgnieszkaBonislawska 0,192
[2021.01.25-11.35.16:721][989]LogBlueprintUserMessages: Late PlayInEditor Detection: Level '/Game/StarterContent/Maps/MainAgnieszkaBonislawska.MainAgnieszkaBonislawska:PersistentLevel' has LevelScriptBlueprint '/Game/StarterContent/Maps/MainAgnieszkaBonislawska.MainAgnieszkaBonislawska:PersistentLevel.MainAgnieszkaBonislawska' with GeneratedClass '/Game/StarterContent/Maps/MainAgnieszkaBonislawska.MainAgnieszkaBonislawska_C' with ClassGeneratedBy '/Game/StarterContent/Maps/MainAgnieszkaBonislawska.MainAgnieszkaBonislawska:PersistentLevel.MainAgnieszkaBonislawska'
[2021.01.25-11.35.17:492][ 29]LogBlueprintUserMessages: [MainAgnieszkaBonislawska_C_26] Witaj w moim labiryncie! Sprawdźmy jak szybko z niego uciekniesz!
[2021.01.25-11.35.28:787][706]LogBlueprintUserMessages: [MainAgnieszkaBonislawska_C_26] Zwyciestwo
[2021.01.25-11.35.28:789][706]LogBlueprintUserMessages: [MainAgnieszkaBonislawska_C_26]  Bardzo dobrze! Przeszedłeś labirynt w 12,3 sekund!
[2021.01.25-11.35.33:789][  6]LogNet: Browse: /Game/StarterContent/Maps/MainAgnieszkaBonislawska
[2021.01.25-11.35.33:790][  6]LogLoad: LoadMap: /Game/StarterContent/Maps/MainAgnieszkaBonislawska
[2021.01.25-11.35.33:822][  6]LogPlayLevel: Creating play world package: /Game/StarterContent/Maps/UEDPIE_0_MainAgnieszkaBonislawska
[2021.01.25-11.35.33:825][  6]LogPlayLevel: PIE: StaticDuplicateObject took: (0.003052s)
[2021.01.25-11.35.33:825][  6]LogAIModule: Creating AISystem for world MainAgnieszkaBonislawska
[2021.01.25-11.35.33:825][  6]LogPlayLevel: PIE: World Init took: (0.000659s)
[2021.01.25-11.35.33:825][  6]LogPlayLevel: PIE: Created PIE world by copying editor world from /Game/StarterContent/Maps/MainAgnieszkaBonislawska.MainAgnieszkaBonislawska to /Game/StarterContent/Maps/UEDPIE_0_MainAgnieszkaBonislawska.MainAgnieszkaBonislawska (0.003875s)
[2021.01.25-11.35.33:826][  6]LogLoad: Game class is 'GameModeBase'
[2021.01.25-11.35.33:828][  6]PIE: Warning: Trying to simulate physics on ''/Game/StarterContent/Maps/UEDPIE_0_MainAgnieszkaBonislawska.MainAgnieszkaBonislawska:PersistentLevel.Maze_StaticMesh.StaticMeshComponent0'' but it has ComplexAsSimple collision.
[2021.01.25-11.35.33:828][  6]LogWorld: Bringing World /Game/StarterContent/Maps/UEDPIE_0_MainAgnieszkaBonislawska.MainAgnieszkaBonislawska up for play (max tick rate 60) at 2021.01.25-12.35.33
[2021.01.25-11.35.33:829][  6]LogWorld: Bringing up level for play took: 0.001376
[2021.01.25-11.35.33:831][  6]LogLoad: Took 0.041219 seconds to LoadMap(/Game/StarterContent/Maps/UEDPIE_0_MainAgnieszkaBonislawska)
[2021.01.25-11.35.34:788][ 63]LogBlueprintUserMessages: [MainAgnieszkaBonislawska_C_26] Witaj w moim labiryncie! Sprawdźmy jak szybko z niego uciekniesz!
[2021.01.25-11.35.54:247][228]LogBlueprintUserMessages: Early EndPlayMap Detection: Level '/Game/StarterContent/Maps/MainAgnieszkaBonislawska.MainAgnieszkaBonislawska:PersistentLevel' has LevelScriptBlueprint '/Game/StarterContent/Maps/MainAgnieszkaBonislawska.MainAgnieszkaBonislawska:PersistentLevel.MainAgnieszkaBonislawska' with GeneratedClass '/Game/StarterContent/Maps/MainAgnieszkaBonislawska.MainAgnieszkaBonislawska_C' with ClassGeneratedBy '/Game/StarterContent/Maps/MainAgnieszkaBonislawska.MainAgnieszkaBonislawska:PersistentLevel.MainAgnieszkaBonislawska'
[2021.01.25-11.35.54:248][228]LogSlate: Updating window title bar state: overlay mode, drag disabled, window buttons hidden, title bar hidden
[2021.01.25-11.35.54:293][228]LogPlayLevel: Display: Shutting down PIE online subsystems
[2021.01.25-11.35.54:293][228]LogBlueprintUserMessages: Late EndPlayMap Detection: Level '/Game/StarterContent/Maps/MainAgnieszkaBonislawska.MainAgnieszkaBonislawska:PersistentLevel' has LevelScriptBlueprint '/Game/StarterContent/Maps/MainAgnieszkaBonislawska.MainAgnieszkaBonislawska:PersistentLevel.MainAgnieszkaBonislawska' with GeneratedClass '/Game/StarterContent/Maps/MainAgnieszkaBonislawska.MainAgnieszkaBonislawska_C' with ClassGeneratedBy '/Game/StarterContent/Maps/MainAgnieszkaBonislawska.MainAgnieszkaBonislawska:PersistentLevel.MainAgnieszkaBonislawska'
[2021.01.25-11.35.54:328][228]LogSlate: Updating window title bar state: overlay mode, drag disabled, window buttons hidden, title bar hidden
[2021.01.25-11.35.54:357][229]LogPlayLevel: Display: Destroying online subsystem :Context_5
[2021.01.25-11.36.09:484][124]LogSlate: FSceneViewport::OnFocusLost() reason 0
[2021.01.25-11.36.09:584][130]LogTemp: Repeating last play command: Selected Viewport
[2021.01.25-11.36.09:597][130]LogBlueprintUserMessages: Early PlayInEditor Detection: Level '/Game/StarterContent/Maps/MainAgnieszkaBonislawska.MainAgnieszkaBonislawska:PersistentLevel' has LevelScriptBlueprint '/Game/StarterContent/Maps/MainAgnieszkaBonislawska.MainAgnieszkaBonislawska:PersistentLevel.MainAgnieszkaBonislawska' with GeneratedClass '/Game/StarterContent/Maps/MainAgnieszkaBonislawska.MainAgnieszkaBonislawska_C' with ClassGeneratedBy '/Game/StarterContent/Maps/MainAgnieszkaBonislawska.MainAgnieszkaBonislawska:PersistentLevel.MainAgnieszkaBonislawska'
[2021.01.25-11.36.09:597][130]LogPlayLevel: PlayLevel: No blueprints needed recompiling
[2021.01.25-11.36.09:598][130]PIE: New page: PIE session: MainAgnieszkaBonislawska (25 sty 2021, 13:36:09)
[2021.01.25-11.36.09:598][130]LogPlayLevel: Creating play world package: /Game/StarterContent/Maps/UEDPIE_0_MainAgnieszkaBonislawska
[2021.01.25-11.36.09:600][130]LogPlayLevel: PIE: StaticDuplicateObject took: (0.002713s)
[2021.01.25-11.36.09:601][130]LogAIModule: Creating AISystem for world MainAgnieszkaBonislawska
[2021.01.25-11.36.09:601][130]LogPlayLevel: PIE: World Init took: (0.000732s)
[2021.01.25-11.36.09:601][130]LogPlayLevel: PIE: Created PIE world by copying editor world from /Game/StarterContent/Maps/MainAgnieszkaBonislawska.MainAgnieszkaBonislawska to /Game/StarterContent/Maps/UEDPIE_0_MainAgnieszkaBonislawska.MainAgnieszkaBonislawska (0.003568s)
[2021.01.25-11.36.09:635][130]LogInit: XAudio2 using 'Głośniki / Słuchawki (Realtek Audio)' : 2 channels at 48 kHz using 32 bits per sample (channel mask 0x3)
[2021.01.25-11.36.09:727][130]LogInit: FAudioDevice initialized.
[2021.01.25-11.36.09:758][130]LogLoad: Game class is 'GameModeBase'
[2021.01.25-11.36.09:759][130]PIE: Warning: Trying to simulate physics on ''/Game/StarterContent/Maps/UEDPIE_0_MainAgnieszkaBonislawska.MainAgnieszkaBonislawska:PersistentLevel.Maze_StaticMesh.StaticMeshComponent0'' but it has ComplexAsSimple collision.
[2021.01.25-11.36.09:760][130]LogWorld: Bringing World /Game/StarterContent/Maps/UEDPIE_0_MainAgnieszkaBonislawska.MainAgnieszkaBonislawska up for play (max tick rate 60) at 2021.01.25-12.36.09
[2021.01.25-11.36.09:760][130]LogWorld: Bringing up level for play took: 0.000849
[2021.01.25-11.36.09:774][130]PIE: Play in editor start time for /Game/StarterContent/Maps/UEDPIE_0_MainAgnieszkaBonislawska -0,755
[2021.01.25-11.36.09:774][130]LogBlueprintUserMessages: Late PlayInEditor Detection: Level '/Game/StarterContent/Maps/MainAgnieszkaBonislawska.MainAgnieszkaBonislawska:PersistentLevel' has LevelScriptBlueprint '/Game/StarterContent/Maps/MainAgnieszkaBonislawska.MainAgnieszkaBonislawska:PersistentLevel.MainAgnieszkaBonislawska' with GeneratedClass '/Game/StarterContent/Maps/MainAgnieszkaBonislawska.MainAgnieszkaBonislawska_C' with ClassGeneratedBy '/Game/StarterContent/Maps/MainAgnieszkaBonislawska.MainAgnieszkaBonislawska:PersistentLevel.MainAgnieszkaBonislawska'
[2021.01.25-11.36.10:569][170]LogBlueprintUserMessages: [MainAgnieszkaBonislawska_C_26] Witaj w moim labiryncie! Sprawdźmy jak szybko z niego uciekniesz!
[2021.01.25-11.36.27:161][165]LogBlueprintUserMessages: [MainAgnieszkaBonislawska_C_26] Zwyciestwo
[2021.01.25-11.36.27:161][165]LogBlueprintUserMessages: [MainAgnieszkaBonislawska_C_26]  Bardzo dobrze! Przeszedłeś labirynt w 17,59 sekund!
[2021.01.25-11.36.32:159][465]LogNet: Browse: /Game/StarterContent/Maps/MainAgnieszkaBonislawska
[2021.01.25-11.36.32:159][465]LogLoad: LoadMap: /Game/StarterContent/Maps/MainAgnieszkaBonislawska
[2021.01.25-11.36.32:190][465]LogPlayLevel: Creating play world package: /Game/StarterContent/Maps/UEDPIE_0_MainAgnieszkaBonislawska
[2021.01.25-11.36.32:193][465]LogPlayLevel: PIE: StaticDuplicateObject took: (0.002878s)
[2021.01.25-11.36.32:194][465]LogAIModule: Creating AISystem for world MainAgnieszkaBonislawska
[2021.01.25-11.36.32:194][465]LogPlayLevel: PIE: World Init took: (0.000711s)
[2021.01.25-11.36.32:194][465]LogPlayLevel: PIE: Created PIE world by copying editor world from /Game/StarterContent/Maps/MainAgnieszkaBonislawska.MainAgnieszkaBonislawska to /Game/StarterContent/Maps/UEDPIE_0_MainAgnieszkaBonislawska.MainAgnieszkaBonislawska (0.003752s)
[2021.01.25-11.36.32:194][465]LogLoad: Game class is 'GameModeBase'
[2021.01.25-11.36.32:196][465]PIE: Warning: Trying to simulate physics on ''/Game/StarterContent/Maps/UEDPIE_0_MainAgnieszkaBonislawska.MainAgnieszkaBonislawska:PersistentLevel.Maze_StaticMesh.StaticMeshComponent0'' but it has ComplexAsSimple collision.
[2021.01.25-11.36.32:196][465]LogWorld: Bringing World /Game/StarterContent/Maps/UEDPIE_0_MainAgnieszkaBonislawska.MainAgnieszkaBonislawska up for play (max tick rate 60) at 2021.01.25-12.36.32
[2021.01.25-11.36.32:197][465]LogWorld: Bringing up level for play took: 0.001538
[2021.01.25-11.36.32:199][465]LogLoad: Took 0.039708 seconds to LoadMap(/Game/StarterContent/Maps/UEDPIE_0_MainAgnieszkaBonislawska)
[2021.01.25-11.36.33:154][522]LogBlueprintUserMessages: [MainAgnieszkaBonislawska_C_26] Witaj w moim labiryncie! Sprawdźmy jak szybko z niego uciekniesz!
[2021.01.25-11.36.36:224][706]LogNet: Browse: /Game/StarterContent/Maps/MainAgnieszkaBonislawska
[2021.01.25-11.36.36:224][706]LogLoad: LoadMap: /Game/StarterContent/Maps/MainAgnieszkaBonislawska
[2021.01.25-11.36.36:256][706]LogPlayLevel: Creating play world package: /Game/StarterContent/Maps/UEDPIE_0_MainAgnieszkaBonislawska
[2021.01.25-11.36.36:259][706]LogPlayLevel: PIE: StaticDuplicateObject took: (0.002645s)
[2021.01.25-11.36.36:260][706]LogAIModule: Creating AISystem for world MainAgnieszkaBonislawska
[2021.01.25-11.36.36:260][706]LogPlayLevel: PIE: World Init took: (0.000746s)
[2021.01.25-11.36.36:260][706]LogPlayLevel: PIE: Created PIE world by copying editor world from /Game/StarterContent/Maps/MainAgnieszkaBonislawska.MainAgnieszkaBonislawska to /Game/StarterContent/Maps/UEDPIE_0_MainAgnieszkaBonislawska.MainAgnieszkaBonislawska (0.003541s)
[2021.01.25-11.36.36:260][706]LogLoad: Game class is 'GameModeBase'
[2021.01.25-11.36.36:262][706]PIE: Warning: Trying to simulate physics on ''/Game/StarterContent/Maps/UEDPIE_0_MainAgnieszkaBonislawska.MainAgnieszkaBonislawska:PersistentLevel.Maze_StaticMesh.StaticMeshComponent0'' but it has ComplexAsSimple collision.
[2021.01.25-11.36.36:262][706]LogWorld: Bringing World /Game/StarterContent/Maps/UEDPIE_0_MainAgnieszkaBonislawska.MainAgnieszkaBonislawska up for play (max tick rate 60) at 2021.01.25-12.36.36
[2021.01.25-11.36.36:263][706]LogWorld: Bringing up level for play took: 0.001510
[2021.01.25-11.36.36:265][706]LogLoad: Took 0.040718 seconds to LoadMap(/Game/StarterContent/Maps/UEDPIE_0_MainAgnieszkaBonislawska)
[2021.01.25-11.36.37:212][763]LogBlueprintUserMessages: [MainAgnieszkaBonislawska_C_26] Witaj w moim labiryncie! Sprawdźmy jak szybko z niego uciekniesz!
[2021.01.25-11.36.37:631][788]LogBlueprintUserMessages: Early EndPlayMap Detection: Level '/Game/StarterContent/Maps/MainAgnieszkaBonislawska.MainAgnieszkaBonislawska:PersistentLevel' has LevelScriptBlueprint '/Game/StarterContent/Maps/MainAgnieszkaBonislawska.MainAgnieszkaBonislawska:PersistentLevel.MainAgnieszkaBonislawska' with GeneratedClass '/Game/StarterContent/Maps/MainAgnieszkaBonislawska.MainAgnieszkaBonislawska_C' with ClassGeneratedBy '/Game/StarterContent/Maps/MainAgnieszkaBonislawska.MainAgnieszkaBonislawska:PersistentLevel.MainAgnieszkaBonislawska'
[2021.01.25-11.36.37:631][788]LogSlate: Updating window title bar state: overlay mode, drag disabled, window buttons hidden, title bar hidden
[2021.01.25-11.36.37:672][788]LogPlayLevel: Display: Shutting down PIE online subsystems
[2021.01.25-11.36.37:672][788]LogBlueprintUserMessages: Late EndPlayMap Detection: Level '/Game/StarterContent/Maps/MainAgnieszkaBonislawska.MainAgnieszkaBonislawska:PersistentLevel' has LevelScriptBlueprint '/Game/StarterContent/Maps/MainAgnieszkaBonislawska.MainAgnieszkaBonislawska:PersistentLevel.MainAgnieszkaBonislawska' with GeneratedClass '/Game/StarterContent/Maps/MainAgnieszkaBonislawska.MainAgnieszkaBonislawska_C' with ClassGeneratedBy '/Game/StarterContent/Maps/MainAgnieszkaBonislawska.MainAgnieszkaBonislawska:PersistentLevel.MainAgnieszkaBonislawska'
[2021.01.25-11.36.37:707][788]LogSlate: Updating window title bar state: overlay mode, drag disabled, window buttons hidden, title bar hidden
[2021.01.25-11.36.37:767][789]LogPlayLevel: Display: Destroying online subsystem :Context_6
[2021.01.25-11.37.02:773][274]LogSlate: FSceneViewport::OnFocusLost() reason 2
[2021.01.25-11.37.03:461][274]LogSavePackage: Moving '../../../../MazeGameAB/MazeGame/Saved/MainAgnieszkaBonislawska_Auto1DBF220A84F745654C147CB8FF9D637D7.tmp' to '../../../../MazeGameAB/MazeGame/Saved/Autosaves/Game/StarterContent/Maps/MainAgnieszkaBonislawska_Auto1.umap'
[2021.01.25-11.37.03:471][274]LogFileHelpers: Editor autosave (incl. sublevels) for '/Game/StarterContent/Maps/MainAgnieszkaBonislawska' took 0.675
[2021.01.25-11.37.03:471][274]LogFileHelpers: Editor autosave (incl. sublevels) for all levels took 0.675
[2021.01.25-11.37.22:365][395]LogSlate: FSceneViewport::OnFocusLost() reason 0
[2021.01.25-11.37.22:448][400]LogTemp: Repeating last play command: Selected Viewport
[2021.01.25-11.37.22:464][400]LogBlueprintUserMessages: Early PlayInEditor Detection: Level '/Game/StarterContent/Maps/MainAgnieszkaBonislawska.MainAgnieszkaBonislawska:PersistentLevel' has LevelScriptBlueprint '/Game/StarterContent/Maps/MainAgnieszkaBonislawska.MainAgnieszkaBonislawska:PersistentLevel.MainAgnieszkaBonislawska' with GeneratedClass '/Game/StarterContent/Maps/MainAgnieszkaBonislawska.MainAgnieszkaBonislawska_C' with ClassGeneratedBy '/Game/StarterContent/Maps/MainAgnieszkaBonislawska.MainAgnieszkaBonislawska:PersistentLevel.MainAgnieszkaBonislawska'
[2021.01.25-11.37.22:464][400]LogPlayLevel: PlayLevel: No blueprints needed recompiling
[2021.01.25-11.37.22:464][400]PIE: New page: PIE session: MainAgnieszkaBonislawska (25 sty 2021, 13:37:22)
[2021.01.25-11.37.22:464][400]LogPlayLevel: Creating play world package: /Game/StarterContent/Maps/UEDPIE_0_MainAgnieszkaBonislawska
[2021.01.25-11.37.22:467][400]LogPlayLevel: PIE: StaticDuplicateObject took: (0.002831s)
[2021.01.25-11.37.22:467][400]LogAIModule: Creating AISystem for world MainAgnieszkaBonislawska
[2021.01.25-11.37.22:467][400]LogPlayLevel: PIE: World Init took: (0.000655s)
[2021.01.25-11.37.22:467][400]LogPlayLevel: PIE: Created PIE world by copying editor world from /Game/StarterContent/Maps/MainAgnieszkaBonislawska.MainAgnieszkaBonislawska to /Game/StarterContent/Maps/UEDPIE_0_MainAgnieszkaBonislawska.MainAgnieszkaBonislawska (0.003599s)
[2021.01.25-11.37.22:504][400]LogInit: XAudio2 using 'Głośniki / Słuchawki (Realtek Audio)' : 2 channels at 48 kHz using 32 bits per sample (channel mask 0x3)
[2021.01.25-11.37.22:600][400]LogInit: FAudioDevice initialized.
[2021.01.25-11.37.22:637][400]LogLoad: Game class is 'GameModeBase'
[2021.01.25-11.37.22:638][400]PIE: Warning: Trying to simulate physics on ''/Game/StarterContent/Maps/UEDPIE_0_MainAgnieszkaBonislawska.MainAgnieszkaBonislawska:PersistentLevel.Maze_StaticMesh.StaticMeshComponent0'' but it has ComplexAsSimple collision.
[2021.01.25-11.37.22:639][400]LogWorld: Bringing World /Game/StarterContent/Maps/UEDPIE_0_MainAgnieszkaBonislawska.MainAgnieszkaBonislawska up for play (max tick rate 60) at 2021.01.25-12.37.22
[2021.01.25-11.37.22:639][400]LogWorld: Bringing up level for play took: 0.000871
[2021.01.25-11.37.22:652][400]PIE: Play in editor start time for /Game/StarterContent/Maps/UEDPIE_0_MainAgnieszkaBonislawska 0,124
[2021.01.25-11.37.22:652][400]LogBlueprintUserMessages: Late PlayInEditor Detection: Level '/Game/StarterContent/Maps/MainAgnieszkaBonislawska.MainAgnieszkaBonislawska:PersistentLevel' has LevelScriptBlueprint '/Game/StarterContent/Maps/MainAgnieszkaBonislawska.MainAgnieszkaBonislawska:PersistentLevel.MainAgnieszkaBonislawska' with GeneratedClass '/Game/StarterContent/Maps/MainAgnieszkaBonislawska.MainAgnieszkaBonislawska_C' with ClassGeneratedBy '/Game/StarterContent/Maps/MainAgnieszkaBonislawska.MainAgnieszkaBonislawska:PersistentLevel.MainAgnieszkaBonislawska'
[2021.01.25-11.37.23:445][441]LogBlueprintUserMessages: [MainAgnieszkaBonislawska_C_0] Witaj w moim labiryncie! Sprawdźmy jak szybko z niego uciekniesz!
[2021.01.25-11.37.31:116][901]LogNet: Browse: /Game/StarterContent/Maps/MainAgnieszkaBonislawska
[2021.01.25-11.37.31:117][901]LogLoad: LoadMap: /Game/StarterContent/Maps/MainAgnieszkaBonislawska
[2021.01.25-11.37.31:149][901]LogPlayLevel: Creating play world package: /Game/StarterContent/Maps/UEDPIE_0_MainAgnieszkaBonislawska
[2021.01.25-11.37.31:153][901]LogPlayLevel: PIE: StaticDuplicateObject took: (0.003277s)
[2021.01.25-11.37.31:153][901]LogAIModule: Creating AISystem for world MainAgnieszkaBonislawska
[2021.01.25-11.37.31:154][901]LogPlayLevel: PIE: World Init took: (0.000777s)
[2021.01.25-11.37.31:154][901]LogPlayLevel: PIE: Created PIE world by copying editor world from /Game/StarterContent/Maps/MainAgnieszkaBonislawska.MainAgnieszkaBonislawska to /Game/StarterContent/Maps/UEDPIE_0_MainAgnieszkaBonislawska.MainAgnieszkaBonislawska (0.004244s)
[2021.01.25-11.37.31:154][901]LogLoad: Game class is 'GameModeBase'
[2021.01.25-11.37.31:155][901]PIE: Warning: Trying to simulate physics on ''/Game/StarterContent/Maps/UEDPIE_0_MainAgnieszkaBonislawska.MainAgnieszkaBonislawska:PersistentLevel.Maze_StaticMesh.StaticMeshComponent0'' but it has ComplexAsSimple collision.
[2021.01.25-11.37.31:156][901]LogWorld: Bringing World /Game/StarterContent/Maps/UEDPIE_0_MainAgnieszkaBonislawska.MainAgnieszkaBonislawska up for play (max tick rate 60) at 2021.01.25-12.37.31
[2021.01.25-11.37.31:156][901]LogWorld: Bringing up level for play took: 0.001203
[2021.01.25-11.37.31:158][901]LogLoad: Took 0.040822 seconds to LoadMap(/Game/StarterContent/Maps/UEDPIE_0_MainAgnieszkaBonislawska)
[2021.01.25-11.37.32:108][958]LogBlueprintUserMessages: [MainAgnieszkaBonislawska_C_0] Witaj w moim labiryncie! Sprawdźmy jak szybko z niego uciekniesz!
[2021.01.25-11.37.32:424][977]LogNet: Browse: /Game/StarterContent/Maps/MainAgnieszkaBonislawska
[2021.01.25-11.37.32:424][977]LogLoad: LoadMap: /Game/StarterContent/Maps/MainAgnieszkaBonislawska
[2021.01.25-11.37.32:456][977]LogPlayLevel: Creating play world package: /Game/StarterContent/Maps/UEDPIE_0_MainAgnieszkaBonislawska
[2021.01.25-11.37.32:458][977]LogPlayLevel: PIE: StaticDuplicateObject took: (0.002622s)
[2021.01.25-11.37.32:459][977]LogAIModule: Creating AISystem for world MainAgnieszkaBonislawska
[2021.01.25-11.37.32:459][977]LogPlayLevel: PIE: World Init took: (0.000614s)
[2021.01.25-11.37.32:459][977]LogPlayLevel: PIE: Created PIE world by copying editor world from /Game/StarterContent/Maps/MainAgnieszkaBonislawska.MainAgnieszkaBonislawska to /Game/StarterContent/Maps/UEDPIE_0_MainAgnieszkaBonislawska.MainAgnieszkaBonislawska (0.003392s)
[2021.01.25-11.37.32:459][977]LogLoad: Game class is 'GameModeBase'
[2021.01.25-11.37.32:461][977]PIE: Warning: Trying to simulate physics on ''/Game/StarterContent/Maps/UEDPIE_0_MainAgnieszkaBonislawska.MainAgnieszkaBonislawska:PersistentLevel.Maze_StaticMesh.StaticMeshComponent0'' but it has ComplexAsSimple collision.
[2021.01.25-11.37.32:462][977]LogWorld: Bringing World /Game/StarterContent/Maps/UEDPIE_0_MainAgnieszkaBonislawska.MainAgnieszkaBonislawska up for play (max tick rate 60) at 2021.01.25-12.37.32
[2021.01.25-11.37.32:462][977]LogWorld: Bringing up level for play took: 0.001504
[2021.01.25-11.37.32:464][977]LogLoad: Took 0.039890 seconds to LoadMap(/Game/StarterContent/Maps/UEDPIE_0_MainAgnieszkaBonislawska)
[2021.01.25-11.37.33:412][ 34]LogBlueprintUserMessages: [MainAgnieszkaBonislawska_C_0] Witaj w moim labiryncie! Sprawdźmy jak szybko z niego uciekniesz!
[2021.01.25-11.39.32:441][167]LogBlueprintUserMessages: [MainAgnieszkaBonislawska_C_0] Zwyciestwo
[2021.01.25-11.39.32:441][167]LogBlueprintUserMessages: [MainAgnieszkaBonislawska_C_0]  Bardzo dobrze! Przeszedłeś labirynt w 120,04 sekund!
[2021.01.25-11.39.38:079][331]LogNet: Browse: /Game/StarterContent/Maps/MainAgnieszkaBonislawska
[2021.01.25-11.39.38:080][331]LogLoad: LoadMap: /Game/StarterContent/Maps/MainAgnieszkaBonislawska
[2021.01.25-11.39.38:127][331]LogPlayLevel: Creating play world package: /Game/StarterContent/Maps/UEDPIE_0_MainAgnieszkaBonislawska
[2021.01.25-11.39.38:130][331]LogPlayLevel: PIE: StaticDuplicateObject took: (0.003123s)
[2021.01.25-11.39.38:131][331]LogAIModule: Creating AISystem for world MainAgnieszkaBonislawska
[2021.01.25-11.39.38:131][331]LogPlayLevel: PIE: World Init took: (0.000747s)
[2021.01.25-11.39.38:131][331]LogPlayLevel: PIE: Created PIE world by copying editor world from /Game/StarterContent/Maps/MainAgnieszkaBonislawska.MainAgnieszkaBonislawska to /Game/StarterContent/Maps/UEDPIE_0_MainAgnieszkaBonislawska.MainAgnieszkaBonislawska (0.004119s)
[2021.01.25-11.39.38:131][331]LogLoad: Game class is 'GameModeBase'
[2021.01.25-11.39.38:133][331]PIE: Warning: Trying to simulate physics on ''/Game/StarterContent/Maps/UEDPIE_0_MainAgnieszkaBonislawska.MainAgnieszkaBonislawska:PersistentLevel.Maze_StaticMesh.StaticMeshComponent0'' but it has ComplexAsSimple collision.
[2021.01.25-11.39.38:133][331]LogWorld: Bringing World /Game/StarterContent/Maps/UEDPIE_0_MainAgnieszkaBonislawska.MainAgnieszkaBonislawska up for play (max tick rate 3) at 2021.01.25-12.39.38
[2021.01.25-11.39.38:134][331]LogWorld: Bringing up level for play took: 0.001341
[2021.01.25-11.39.38:136][331]LogLoad: Took 0.056394 seconds to LoadMap(/Game/StarterContent/Maps/UEDPIE_0_MainAgnieszkaBonislawska)
[2021.01.25-11.39.38:742][333]LogBlueprintUserMessages: [MainAgnieszkaBonislawska_C_0] Witaj w moim labiryncie! Sprawdźmy jak szybko z niego uciekniesz!
[2021.01.25-11.40.13:898][479]LogSlate: FSceneViewport::OnFocusLost() reason 0
[2021.01.25-11.40.37:861][895]LogSelectionDetails: Warning: NavigateToFunctionSource:  Unable to find symbols for 'UKismetSystemLibrary::PrintString' [Nie można odnaleźć elementu.]
[2021.01.25-11.40.39:714][  3]LogSelectionDetails: Warning: NavigateToFunctionSource:  Unable to find symbols for 'UKismetSystemLibrary::PrintString' [Nie można odnaleźć elementu.]
[2021.01.25-11.40.51:880][701]LogSelectionDetails: Warning: NavigateToFunctionSource:  Unable to find symbols for 'UKismetSystemLibrary::PrintString' [Nie można odnaleźć elementu.]
[2021.01.25-11.40.58:078][979]LogSlate: Window 'Save Content' being destroyed
[2021.01.25-11.40.58:330][979]LogSlate: Window 'MazeGame - Unreal Editor' being destroyed
[2021.01.25-11.40.58:535][979]LogBlueprintUserMessages: Early EndPlayMap Detection: Level '/Game/StarterContent/Maps/MainAgnieszkaBonislawska.MainAgnieszkaBonislawska:PersistentLevel' has LevelScriptBlueprint '/Game/StarterContent/Maps/MainAgnieszkaBonislawska.MainAgnieszkaBonislawska:PersistentLevel.MainAgnieszkaBonislawska' with GeneratedClass '/Game/StarterContent/Maps/MainAgnieszkaBonislawska.MainAgnieszkaBonislawska_C' with ClassGeneratedBy '/Game/StarterContent/Maps/MainAgnieszkaBonislawska.MainAgnieszkaBonislawska:PersistentLevel.MainAgnieszkaBonislawska'
[2021.01.25-11.40.58:535][979]LogSlate: Updating window title bar state: overlay mode, drag disabled, window buttons hidden, title bar hidden
[2021.01.25-11.40.58:639][979]LogPlayLevel: Display: Shutting down PIE online subsystems
[2021.01.25-11.40.58:639][979]LogBlueprintUserMessages: Late EndPlayMap Detection: Level '/Game/StarterContent/Maps/MainAgnieszkaBonislawska.MainAgnieszkaBonislawska:PersistentLevel' has LevelScriptBlueprint '/Game/StarterContent/Maps/MainAgnieszkaBonislawska.MainAgnieszkaBonislawska:PersistentLevel.MainAgnieszkaBonislawska' with GeneratedClass '/Game/StarterContent/Maps/MainAgnieszkaBonislawska.MainAgnieszkaBonislawska_C' with ClassGeneratedBy '/Game/StarterContent/Maps/MainAgnieszkaBonislawska.MainAgnieszkaBonislawska:PersistentLevel.MainAgnieszkaBonislawska'
[2021.01.25-11.40.58:710][979]LogSlate: Updating window title bar state: overlay mode, drag disabled, window buttons hidden, title bar hidden
[2021.01.25-11.40.58:882][980]Cmd: QUIT_EDITOR
[2021.01.25-11.40.59:140][980]LogWindowsTextInputMethodSystem: Display: IME system now deactivated.
[2021.01.25-11.40.59:159][980]LogExit: Preparing to exit.
[2021.01.25-11.40.59:552][980]LogExit: Editor shut down
[2021.01.25-11.40.59:553][980]LogExit: Transaction tracking system shut down
[2021.01.25-11.41.00:256][980]LogExit: Object subsystem successfully closed.
[2021.01.25-11.41.00:295][980]LogShaderCompilers: Display: Shaders left to compile 0
[2021.01.25-11.41.00:301][980]LogD3D11RHI: Shutdown
[2021.01.25-11.41.00:301][980]LogD3D11RHI: CleanupD3DDevice
[2021.01.25-11.41.00:312][980]LogD3D11RHI: ~FD3D11DynamicRHI
[2021.01.25-11.41.00:401][980]LogModuleManager: Shutting down and abandoning module BlueprintGraph (616)
[2021.01.25-11.41.00:401][980]LogModuleManager: Shutting down and abandoning module MovieSceneCapture (614)
[2021.01.25-11.41.00:401][980]LogModuleManager: Shutting down and abandoning module Voice (612)
[2021.01.25-11.41.00:402][980]LogModuleManager: Shutting down and abandoning module HierarchicalLODOutliner (610)
[2021.01.25-11.41.00:402][980]LogModuleManager: Shutting down and abandoning module SceneOutliner (608)
[2021.01.25-11.41.00:402][980]LogModuleManager: Shutting down and abandoning module AddContentDialog (606)
[2021.01.25-11.41.00:404][980]LogModuleManager: Shutting down and abandoning module WidgetCarousel (605)
[2021.01.25-11.41.00:404][980]LogModuleManager: Shutting down and abandoning module EditorWidgets (602)
[2021.01.25-11.41.00:404][980]LogModuleManager: Shutting down and abandoning module CollectionManager (600)
[2021.01.25-11.41.00:407][980]LogModuleManager: Shutting down and abandoning module StatsViewer (598)
[2021.01.25-11.41.00:407][980]LogModuleManager: Shutting down and abandoning module FoliageEdit (596)
[2021.01.25-11.41.00:408][980]LogModuleManager: Shutting down and abandoning module LandscapeEditor (594)
[2021.01.25-11.41.00:411][980]LogModuleManager: Shutting down and abandoning module MeshPaintMode (592)
[2021.01.25-11.41.00:412][980]LogModuleManager: Shutting down and abandoning module SceneDepthPickerMode (590)
[2021.01.25-11.41.00:412][980]LogModuleManager: Shutting down and abandoning module ActorPickerMode (588)
[2021.01.25-11.41.00:412][980]LogModuleManager: Shutting down and abandoning module GeometryMode (586)
[2021.01.25-11.41.00:412][980]LogModuleManager: Shutting down and abandoning module TextureAlignMode (584)
[2021.01.25-11.41.00:412][980]LogModuleManager: Shutting down and abandoning module BspMode (582)
[2021.01.25-11.41.00:412][980]LogModuleManager: Shutting down and abandoning module PIEPreviewDeviceProfileSelector (580)
[2021.01.25-11.41.00:412][980]LogModuleManager: Shutting down and abandoning module SequenceRecorderSections (578)
[2021.01.25-11.41.00:413][980]LogModuleManager: Shutting down and abandoning module AutomationWorker (576)
[2021.01.25-11.41.00:413][980]LogModuleManager: Shutting down and abandoning module AudioCaptureEditor (574)
[2021.01.25-11.41.00:413][980]LogModuleManager: Shutting down and abandoning module SequenceRecorder (573)
[2021.01.25-11.41.00:414][980]LogModuleManager: Shutting down and abandoning module MatineeToLevelSequence (570)
[2021.01.25-11.41.00:416][980]LogModuleManager: Shutting down and abandoning module LevelSequenceEditor (568)
[2021.01.25-11.41.00:419][980]LogModuleManager: Shutting down and abandoning module PlacementMode (567)
[2021.01.25-11.41.00:419][980]LogModuleManager: Shutting down and abandoning module MaterialEditor (566)
[2021.01.25-11.41.00:425][980]LogModuleManager: Shutting down and abandoning module WmfMediaFactory (562)
[2021.01.25-11.41.00:425][980]LogModuleManager: Shutting down and abandoning module WmfMediaEditor (560)
[2021.01.25-11.41.00:425][980]LogModuleManager: Shutting down and abandoning module MediaPlayerEditor (558)
[2021.01.25-11.41.00:429][980]LogModuleManager: Shutting down and abandoning module OpenExrWrapper (556)
[2021.01.25-11.41.00:429][980]LogModuleManager: Shutting down and abandoning module ImgMediaFactory (554)
[2021.01.25-11.41.00:429][980]LogModuleManager: Shutting down and abandoning module ImgMediaEditor (552)
[2021.01.25-11.41.00:429][980]LogModuleManager: Shutting down and abandoning module AvfMediaFactory (550)
[2021.01.25-11.41.00:429][980]LogModuleManager: Shutting down and abandoning module AvfMediaEditor (548)
[2021.01.25-11.41.00:429][980]LogModuleManager: Shutting down and abandoning module AndroidMediaFactory (546)
[2021.01.25-11.41.00:429][980]LogModuleManager: Shutting down and abandoning module AndroidMediaEditor (544)
[2021.01.25-11.41.00:429][980]LogModuleManager: Shutting down and abandoning module MagicLeapCameraPreviewFactory (542)
[2021.01.25-11.41.00:429][980]LogModuleManager: Shutting down and abandoning module MagicLeapMediaFactory (540)
[2021.01.25-11.41.00:429][980]LogModuleManager: Shutting down and abandoning module MagicLeapMediaEditor (538)
[2021.01.25-11.41.00:429][980]LogModuleManager: Shutting down and abandoning module CharacterAI (536)
[2021.01.25-11.41.00:429][980]LogModuleManager: Shutting down and abandoning module SmartSnapping (534)
[2021.01.25-11.41.00:429][980]LogModuleManager: Shutting down and abandoning module SessionServices (532)
[2021.01.25-11.41.00:429][980]LogModuleManager: Shutting down and abandoning module ViewportSnapping (530)
[2021.01.25-11.41.00:429][980]LogModuleManager: Shutting down and abandoning module ViewportInteraction (528)
[2021.01.25-11.41.00:429][980]LogModuleManager: Shutting down and abandoning module ClothPainter (526)
[2021.01.25-11.41.00:432][980]LogModuleManager: Shutting down and abandoning module SkeletalMeshEditor (525)
[2021.01.25-11.41.00:436][980]LogModuleManager: Shutting down and abandoning module LogVisualizer (522)
[2021.01.25-11.41.00:438][980]LogModuleManager: Shutting down and abandoning module IntroTutorials (520)
[2021.01.25-11.41.00:440][980]LogModuleManager: Shutting down and abandoning module GameProjectGeneration (519)
[2021.01.25-11.41.00:442][980]LogModuleManager: Shutting down and abandoning module LuminPlatformEditor (516)
[2021.01.25-11.41.00:442][980]LogModuleManager: Shutting down and abandoning module IOSPlatformEditor (514)
[2021.01.25-11.41.00:442][980]LogModuleManager: Shutting down and abandoning module HTML5PlatformEditor (512)
[2021.01.25-11.41.00:442][980]LogModuleManager: Shutting down and abandoning module AndroidPlatformEditor (510)
[2021.01.25-11.41.00:443][980]LogModuleManager: Shutting down and abandoning module AndroidDeviceDetection (509)
[2021.01.25-11.41.01:141][980]LogModuleManager: Shutting down and abandoning module WindowsPlatformEditor (506)
[2021.01.25-11.41.01:141][980]LogModuleManager: Shutting down and abandoning module LuminRuntimeSettings (504)
[2021.01.25-11.41.01:141][980]LogModuleManager: Shutting down and abandoning module IOSRuntimeSettings (502)
[2021.01.25-11.41.01:141][980]LogModuleManager: Shutting down and abandoning module AndroidRuntimeSettings (500)
[2021.01.25-11.41.01:141][980]LogModuleManager: Shutting down and abandoning module InputBindingEditor (498)
[2021.01.25-11.41.01:142][980]LogModuleManager: Shutting down and abandoning module MergeActors (496)
[2021.01.25-11.41.01:144][980]LogModuleManager: Shutting down and abandoning module LocalizationDashboard (494)
[2021.01.25-11.41.01:145][980]LogModuleManager: Shutting down and abandoning module LocalizationService (493)
[2021.01.25-11.41.01:146][980]LogModuleManager: Shutting down and abandoning module HardwareTargeting (490)
[2021.01.25-11.41.01:146][980]LogModuleManager: Shutting down and abandoning module DeviceProfileEditor (488)
[2021.01.25-11.41.01:146][980]LogModuleManager: Shutting down and abandoning module UndoHistory (486)
[2021.01.25-11.41.01:146][980]LogModuleManager: Shutting down and abandoning module XmlParser (484)
[2021.01.25-11.41.01:146][980]LogModuleManager: Shutting down and abandoning module Blutility (482)
[2021.01.25-11.41.01:147][980]LogModuleManager: Shutting down and abandoning module ProjectSettingsViewer (480)
[2021.01.25-11.41.01:147][980]LogModuleManager: Shutting down and abandoning module ProjectTargetPlatformEditor (479)
[2021.01.25-11.41.01:147][980]LogModuleManager: Shutting down and abandoning module EditorSettingsViewer (476)
[2021.01.25-11.41.01:147][980]LogModuleManager: Shutting down and abandoning module SettingsEditor (474)
[2021.01.25-11.41.01:149][980]LogModuleManager: Shutting down and abandoning module ProjectLauncher (472)
[2021.01.25-11.41.01:151][980]LogModuleManager: Shutting down and abandoning module SessionFrontend (470)
[2021.01.25-11.41.01:152][980]LogModuleManager: Shutting down and abandoning module ProfilerClient (468)
[2021.01.25-11.41.01:153][980]LogModuleManager: Shutting down and abandoning module DeviceManager (466)
[2021.01.25-11.41.01:154][980]LogModuleManager: Shutting down and abandoning module TargetDeviceServices (465)
[2021.01.25-11.41.01:210][980]LogModuleManager: Shutting down and abandoning module AutomationController (462)
[2021.01.25-11.41.01:212][980]LogModuleManager: Shutting down and abandoning module AutomationWindow (460)
[2021.01.25-11.41.01:213][980]LogModuleManager: Shutting down and abandoning module Layers (458)
[2021.01.25-11.41.01:217][980]LogModuleManager: Shutting down and abandoning module ComponentVisualizers (456)
[2021.01.25-11.41.01:217][980]LogModuleManager: Shutting down and abandoning module DetailCustomizations (454)
[2021.01.25-11.41.01:217][980]LogModuleManager: Shutting down and abandoning module PackagesDialog (452)
[2021.01.25-11.41.01:218][980]LogModuleManager: Shutting down and abandoning module Persona (450)
[2021.01.25-11.41.01:220][980]LogModuleManager: Shutting down and abandoning module AdvancedPreviewScene (449)
[2021.01.25-11.41.01:220][980]LogModuleManager: Shutting down and abandoning module AnimGraph (447)
[2021.01.25-11.41.01:221][980]LogModuleManager: Shutting down and abandoning module Kismet (444)
[2021.01.25-11.41.01:226][980]LogModuleManager: Shutting down and abandoning module GraphEditor (442)
[2021.01.25-11.41.01:226][980]LogModuleManager: Shutting down and abandoning module ClassViewer (440)
[2021.01.25-11.41.01:226][980]LogModuleManager: Shutting down and abandoning module Toolbox (438)
[2021.01.25-11.41.01:226][980]LogModuleManager: Shutting down and abandoning module ModuleUI (436)
[2021.01.25-11.41.01:226][980]LogModuleManager: Shutting down and abandoning module MovieSceneTools (434)
[2021.01.25-11.41.01:228][980]LogModuleManager: Shutting down and abandoning module OutputLog (432)
[2021.01.25-11.41.01:228][980]LogModuleManager: Shutting down and abandoning module GammaUI (430)
[2021.01.25-11.41.01:229][980]LogModuleManager: Shutting down and abandoning module Documentation (428)
[2021.01.25-11.41.01:229][980]LogModuleManager: Shutting down and abandoning module MovieSceneTracks (426)
[2021.01.25-11.41.01:229][980]LogModuleManager: Shutting down and abandoning module MovieScene (424)
[2021.01.25-11.41.01:229][980]LogModuleManager: Shutting down and abandoning module StreamingPauseRendering (422)
[2021.01.25-11.41.01:230][980]LogModuleManager: Shutting down and abandoning module LauncherPlatform (420)
[2021.01.25-11.41.01:230][980]LogModuleManager: Shutting down and abandoning module AnalyticsET (418)
[2021.01.25-11.41.01:230][980]LogModuleManager: Shutting down and abandoning module PortalServices (416)
[2021.01.25-11.41.01:230][980]LogModuleManager: Shutting down and abandoning module PortalRpc (414)
[2021.01.25-11.41.01:230][980]LogModuleManager: Shutting down and abandoning module MessagingRpc (412)
[2021.01.25-11.41.01:230][980]LogModuleManager: Shutting down and abandoning module AIModule (410)
[2021.01.25-11.41.01:231][980]LogModuleManager: Shutting down and abandoning module GameplayDebugger (409)
[2021.01.25-11.41.01:232][980]LogModuleManager: Shutting down and abandoning module AITestSuite (407)
[2021.01.25-11.41.01:233][980]LogModuleManager: Shutting down and abandoning module NavigationSystem (405)
[2021.01.25-11.41.01:233][980]LogModuleManager: Shutting down and abandoning module DesktopPlatform (402)
[2021.01.25-11.41.01:233][980]LogModuleManager: Shutting down and abandoning module ProfilerService (400)
[2021.01.25-11.41.01:280][980]LogModuleManager: Shutting down and abandoning module TaskGraph (398)
[2021.01.25-11.41.01:284][980]LogModuleManager: Shutting down and abandoning module SteamVRController (396)
[2021.01.25-11.41.01:284][980]LogModuleManager: Shutting down and abandoning module ProceduralMeshComponentEditor (394)
[2021.01.25-11.41.01:284][980]LogModuleManager: Shutting down and abandoning module ProceduralMeshComponent (392)
[2021.01.25-11.41.01:285][980]LogModuleManager: Shutting down and abandoning module OculusInput (390)
[2021.01.25-11.41.01:285][980]LogModuleManager: Shutting down and abandoning module MobilePatchingUtils (388)
[2021.01.25-11.41.01:285][980]LogModuleManager: Shutting down and abandoning module EditableMesh (386)
[2021.01.25-11.41.01:286][980]LogModuleManager: Shutting down and abandoning module CustomMeshComponent (384)
[2021.01.25-11.41.01:286][980]LogModuleManager: Shutting down and abandoning module CableComponent (382)
[2021.01.25-11.41.01:286][980]LogModuleManager: Shutting down and abandoning module AudioCapture (380)
[2021.01.25-11.41.01:286][980]LogModuleManager: Shutting down and abandoning module ArchVisCharacter (378)
[2021.01.25-11.41.01:286][980]LogModuleManager: Shutting down and abandoning module AndroidPermission (376)
[2021.01.25-11.41.01:286][980]LogModuleManager: Shutting down and abandoning module NUTUnrealEngine4 (374)
[2021.01.25-11.41.01:286][980]LogModuleManager: Shutting down and abandoning module NetcodeUnitTest (372)
[2021.01.25-11.41.01:290][980]LogModuleManager: Shutting down and abandoning module MediaCompositingEditor (370)
[2021.01.25-11.41.01:290][980]LogModuleManager: Shutting down and abandoning module MediaCompositing (368)
[2021.01.25-11.41.01:290][980]LogModuleManager: Shutting down and abandoning module LinearTimecode (366)
[2021.01.25-11.41.01:290][980]LogModuleManager: Shutting down and abandoning module ImgMedia (364)
[2021.01.25-11.41.01:295][980]LogModuleManager: Shutting down and abandoning module HTML5Networking (362)
[2021.01.25-11.41.01:295][980]LogModuleManager: Shutting down and abandoning module GeometryCacheTracks (360)
[2021.01.25-11.41.01:295][980]LogModuleManager: Shutting down and abandoning module GeometryCacheSequencer (358)
[2021.01.25-11.41.01:295][980]LogModuleManager: Shutting down and abandoning module BackChannel (356)
[2021.01.25-11.41.01:297][980]LogModuleManager: Shutting down and abandoning module AppleVision (354)
[2021.01.25-11.41.01:297][980]LogModuleManager: Shutting down and abandoning module AppleImageUtils (352)
[2021.01.25-11.41.01:297][980]LogModuleManager: Shutting down and abandoning module AlembicImporter (350)
[2021.01.25-11.41.01:297][980]LogModuleManager: Shutting down and abandoning module AlembicLibrary (349)
[2021.01.25-11.41.01:297][980]LogModuleManager: Shutting down and abandoning module GeometryCache (348)
[2021.01.25-11.41.01:297][980]LogModuleManager: Shutting down and abandoning module GeometryCacheEd (347)
[2021.01.25-11.41.01:297][980]LogModuleManager: Shutting down and abandoning module DatasmithContentEditor (342)
[2021.01.25-11.41.01:298][980]LogModuleManager: Shutting down and abandoning module DatasmithContent (340)
[2021.01.25-11.41.01:298][980]LogModuleManager: Shutting down and abandoning module SpeedTreeImporter (338)
[2021.01.25-11.41.01:298][980]LogModuleManager: Shutting down and abandoning module PluginBrowser (336)
[2021.01.25-11.41.01:303][980]LogModuleManager: Shutting down and abandoning module MobileLauncherProfileWizard (334)
[2021.01.25-11.41.01:304][980]LogModuleManager: Shutting down and abandoning module PolygonModeling (332)
[2021.01.25-11.41.01:304][980]LogModuleManager: Shutting down and abandoning module MeshEditor (330)
[2021.01.25-11.41.01:305][980]LogModuleManager: Shutting down and abandoning module CryptoKeysOpenSSL (328)
[2021.01.25-11.41.01:306][980]LogModuleManager: Shutting down and abandoning module CryptoKeys (326)
[2021.01.25-11.41.01:306][980]LogModuleManager: Shutting down and abandoning module VisualStudioSourceCodeAccess (324)
[2021.01.25-11.41.01:306][980]LogModuleManager: Shutting down and abandoning module VisualStudioCodeSourceCodeAccess (322)
[2021.01.25-11.41.01:306][980]LogModuleManager: Shutting down and abandoning module UObjectPlugin (320)
[2021.01.25-11.41.01:306][980]LogModuleManager: Shutting down and abandoning module SubversionSourceControl (318)
[2021.01.25-11.41.01:307][980]LogModuleManager: Shutting down and abandoning module PerforceSourceControl (316)
[2021.01.25-11.41.01:310][980]LogModuleManager: Shutting down and abandoning module GitSourceControl (314)
[2021.01.25-11.41.01:313][980]LogModuleManager: Shutting down and abandoning module SourceControl (313)
[2021.01.25-11.41.01:314][980]LogModuleManager: Shutting down and abandoning module CLionSourceCodeAccess (310)
[2021.01.25-11.41.01:314][980]LogModuleManager: Shutting down and abandoning module LightPropagationVolumeEditor (308)
[2021.01.25-11.41.01:314][980]LogModuleManager: Shutting down and abandoning module PaperTiledImporter (306)
[2021.01.25-11.41.01:314][980]LogModuleManager: Shutting down and abandoning module PaperSpriteSheetImporter (304)
[2021.01.25-11.41.01:314][980]LogModuleManager: Shutting down and abandoning module Paper2DEditor (302)
[2021.01.25-11.41.01:317][980]LogModuleManager: Shutting down and abandoning module MeshPaint (301)
[2021.01.25-11.41.01:318][980]LogModuleManager: Shutting down and abandoning module RuntimePhysXCooking (298)
[2021.01.25-11.41.01:318][980]LogModuleManager: Shutting down and abandoning module PhysXVehiclesEditor (296)
[2021.01.25-11.41.01:318][980]LogModuleManager: Shutting down and abandoning module PhysXVehicles (294)
[2021.01.25-11.41.01:318][980]LogModuleManager: Shutting down and abandoning module OculusEditor (292)
[2021.01.25-11.41.01:319][980]LogModuleManager: Shutting down and abandoning module LocationServicesBPLibrary (290)
[2021.01.25-11.41.01:319][980]LogModuleManager: Shutting down and abandoning module ImmediatePhysicsEditor (288)
[2021.01.25-11.41.01:319][980]LogModuleManager: Shutting down and abandoning module ImmediatePhysics (286)
[2021.01.25-11.41.01:320][980]LogModuleManager: Shutting down and abandoning module ActorSequence (284)
[2021.01.25-11.41.01:320][980]LogModuleManager: Shutting down and abandoning module UdpMessaging (282)
[2021.01.25-11.41.01:422][980]LogModuleManager: Shutting down and abandoning module TcpMessaging (280)
[2021.01.25-11.41.01:523][980]LogModuleManager: Shutting down and abandoning module MagicLeapAudio (278)
[2021.01.25-11.41.01:523][980]LogModuleManager: Shutting down and abandoning module GameplayTagsEditor (276)
[2021.01.25-11.41.01:524][980]LogModuleManager: Shutting down and abandoning module FacialAnimationEditor (274)
[2021.01.25-11.41.01:524][980]LogModuleManager: Shutting down and abandoning module FacialAnimation (272)
[2021.01.25-11.41.01:524][980]LogModuleManager: Shutting down and abandoning module DataValidation (270)
[2021.01.25-11.41.01:524][980]LogModuleManager: Shutting down and abandoning module AssetManagerEditor (268)
[2021.01.25-11.41.01:526][980]LogModuleManager: Shutting down and abandoning module LevelEditor (267)
[2021.01.25-11.41.01:529][980]LogModuleManager: Shutting down and abandoning module PixelInspectorModule (266)
[2021.01.25-11.41.01:531][980]LogModuleManager: Shutting down and abandoning module CommonMenuExtensions (264)
[2021.01.25-11.41.01:531][980]LogModuleManager: Shutting down and abandoning module MainFrame (262)
[2021.01.25-11.41.01:531][980]LogModuleManager: Shutting down and abandoning module HotReload (261)
[2021.01.25-11.41.01:532][980]LogModuleManager: Shutting down and abandoning module ContentBrowser (257)
[2021.01.25-11.41.01:534][980]LogModuleManager: Shutting down and abandoning module TreeMap (255)
[2021.01.25-11.41.01:535][980]LogModuleManager: Shutting down and abandoning module LightPropagationVolumeRuntime (252)
[2021.01.25-11.41.01:535][980]LogModuleManager: Shutting down and abandoning module AISupportModule (250)
[2021.01.25-11.41.01:535][980]LogModuleManager: Shutting down and abandoning module Paper2D (248)
[2021.01.25-11.41.01:537][980]LogModuleManager: Shutting down and abandoning module WindowsMoviePlayer (246)
[2021.01.25-11.41.01:538][980]LogModuleManager: Shutting down and abandoning module WmfMedia (244)
[2021.01.25-11.41.01:541][980]LogModuleManager: Shutting down and abandoning module Media (243)
[2021.01.25-11.41.01:547][980]LogModuleManager: Shutting down and abandoning module PacketHandler (240)
[2021.01.25-11.41.01:547][980]LogModuleManager: Shutting down and abandoning module ClothingSystemEditor (238)
[2021.01.25-11.41.01:547][980]LogModuleManager: Shutting down and abandoning module ClothingSystemRuntime (236)
[2021.01.25-11.41.01:549][980]LogModuleManager: Shutting down and abandoning module MediaAssets (234)
[2021.01.25-11.41.01:549][980]LogModuleManager: Shutting down and abandoning module Overlay (232)
[2021.01.25-11.41.01:549][980]LogModuleManager: Shutting down and abandoning module OverlayEditor (231)
[2021.01.25-11.41.01:549][980]LogModuleManager: Shutting down and abandoning module VREditor (228)
[2021.01.25-11.41.01:550][980]LogModuleManager: Shutting down and abandoning module StringTableEditor (226)
[2021.01.25-11.41.01:552][980]LogModuleManager: Shutting down and abandoning module GameplayTasksEditor (224)
[2021.01.25-11.41.01:552][980]LogModuleManager: Shutting down and abandoning module BehaviorTreeEditor (222)
[2021.01.25-11.41.01:556][980]LogModuleManager: Shutting down and abandoning module FunctionalTesting (220)
[2021.01.25-11.41.01:558][980]LogModuleManager: Shutting down and abandoning module CollisionAnalyzer (218)
[2021.01.25-11.41.01:560][980]LogModuleManager: Shutting down and abandoning module WorkspaceMenuStructure (217)
[2021.01.25-11.41.01:560][980]LogModuleManager: Shutting down and abandoning module UMG (214)
[2021.01.25-11.41.01:561][980]LogModuleManager: Shutting down and abandoning module UMGEditor (213)
[2021.01.25-11.41.01:564][980]LogModuleManager: Shutting down and abandoning module Sequencer (212)
[2021.01.25-11.41.01:569][980]LogModuleManager: Shutting down and abandoning module MessageLog (209)
[2021.01.25-11.41.01:569][980]LogModuleManager: Shutting down and abandoning module SlateReflector (204)
[2021.01.25-11.41.01:574][980]LogModuleManager: Shutting down and abandoning module Slate (202)
[2021.01.25-11.41.01:574][980]LogModuleManager: Shutting down and abandoning module EditorStyle (200)
[2021.01.25-11.41.01:576][980]LogModuleManager: Shutting down and abandoning module MRMesh (198)
[2021.01.25-11.41.01:577][980]LogModuleManager: Shutting down and abandoning module SourceCodeAccess (196)
[2021.01.25-11.41.01:577][980]LogModuleManager: Shutting down and abandoning module HeadMountedDisplay (194)
[2021.01.25-11.41.01:577][980]LogModuleManager: Shutting down and abandoning module XAudio2 (192)
[2021.01.25-11.41.01:577][980]LogModuleManager: Shutting down and abandoning module Networking (190)
[2021.01.25-11.41.01:577][980]LogModuleManager: Shutting down and abandoning module Core (188)
[2021.01.25-11.41.01:577][980]LogModuleManager: Shutting down and abandoning module LevelSequence (186)
[2021.01.25-11.41.01:577][980]LogModuleManager: Shutting down and abandoning module KismetCompiler (184)
[2021.01.25-11.41.01:577][980]LogModuleManager: Shutting down and abandoning module MeshUtilities (182)
[2021.01.25-11.41.01:579][980]LogModuleManager: Shutting down and abandoning module MeshMergeUtilities (181)
[2021.01.25-11.41.01:581][980]LogModuleManager: Shutting down and abandoning module MeshReductionInterface (180)
[2021.01.25-11.41.01:581][980]LogModuleManager: Shutting down and abandoning module SimplygonSwarm (179)
[2021.01.25-11.41.01:581][980]LogModuleManager: Shutting down and abandoning module ProxyLODMeshReduction (177)
[2021.01.25-11.41.01:583][980]LogModuleManager: Shutting down and abandoning module SimplygonMeshReduction (175)
[2021.01.25-11.41.01:583][980]LogModuleManager: Shutting down and abandoning module QuadricMeshReduction (173)
[2021.01.25-11.41.01:584][980]LogModuleManager: Shutting down and abandoning module MaterialBaking (169)
[2021.01.25-11.41.01:586][980]LogModuleManager: Shutting down and abandoning module DirectoryWatcher (165)
[2021.01.25-11.41.01:586][980]LogModuleManager: Shutting down and abandoning module DerivedDataCache (162)
[2021.01.25-11.41.01:686][980]LogDerivedDataCache: Shutdown
[2021.01.25-11.41.01:686][980]LogModuleManager: Shutting down and abandoning module XGEController (160)
[2021.01.25-11.41.01:687][980]LogModuleManager: Shutting down and abandoning module TargetPlatform (158)
[2021.01.25-11.41.01:687][980]LogModuleManager: Shutting down and abandoning module VulkanShaderFormat (157)
[2021.01.25-11.41.01:688][980]LogModuleManager: Shutting down and abandoning module ShaderFormatVectorVM (155)
[2021.01.25-11.41.01:689][980]LogModuleManager: Shutting down and abandoning module ShaderFormatOpenGL (153)
[2021.01.25-11.41.01:689][980]LogModuleManager: Shutting down and abandoning module ShaderFormatD3D (151)
[2021.01.25-11.41.01:689][980]LogModuleManager: Shutting down and abandoning module MetalShaderFormat (149)
[2021.01.25-11.41.01:692][980]LogModuleManager: Shutting down and abandoning module TextureFormatUncompressed (147)
[2021.01.25-11.41.01:692][980]LogModuleManager: Shutting down and abandoning module TextureFormatPVR (145)
[2021.01.25-11.41.01:692][980]LogModuleManager: Shutting down and abandoning module TextureFormatDXT (143)
[2021.01.25-11.41.01:692][980]LogModuleManager: Shutting down and abandoning module TextureFormatIntelISPCTexComp (141)
[2021.01.25-11.41.01:693][980]LogModuleManager: Shutting down and abandoning module TextureFormatASTC (139)
[2021.01.25-11.41.01:693][980]LogModuleManager: Shutting down and abandoning module ImageWrapper (138)
[2021.01.25-11.41.01:693][980]LogModuleManager: Shutting down and abandoning module TextureFormatAndroid (135)
[2021.01.25-11.41.01:693][980]LogModuleManager: Shutting down and abandoning module AudioFormatOpus (133)
[2021.01.25-11.41.01:693][980]LogModuleManager: Shutting down and abandoning module AudioFormatOgg (131)
[2021.01.25-11.41.01:693][980]LogModuleManager: Shutting down and abandoning module AudioFormatADPCM (129)
[2021.01.25-11.41.01:693][980]LogModuleManager: Shutting down and abandoning module LuminTargetPlatform (127)
[2021.01.25-11.41.01:693][980]LogModuleManager: Shutting down and abandoning module LinuxTargetPlatform (125)
[2021.01.25-11.41.01:693][980]LogModuleManager: Shutting down and abandoning module LinuxServerTargetPlatform (123)
[2021.01.25-11.41.01:693][980]LogModuleManager: Shutting down and abandoning module LinuxNoEditorTargetPlatform (121)
[2021.01.25-11.41.01:693][980]LogModuleManager: Shutting down and abandoning module LinuxClientTargetPlatform (119)
[2021.01.25-11.41.01:694][980]LogModuleManager: Shutting down and abandoning module TVOSTargetPlatform (117)
[2021.01.25-11.41.01:695][980]LogModuleManager: Shutting down and abandoning module Messaging (115)
[2021.01.25-11.41.01:695][980]LogModuleManager: Shutting down and abandoning module IOSTargetPlatform (113)
[2021.01.25-11.41.01:696][980]LogModuleManager: Shutting down and abandoning module HTML5TargetPlatform (111)
[2021.01.25-11.41.01:696][980]LogModuleManager: Shutting down and abandoning module AndroidTargetPlatform (109)
[2021.01.25-11.41.01:704][980]LogModuleManager: Shutting down and abandoning module WindowsTargetPlatform (107)
[2021.01.25-11.41.01:704][980]LogModuleManager: Shutting down and abandoning module WindowsServerTargetPlatform (105)
[2021.01.25-11.41.01:704][980]LogModuleManager: Shutting down and abandoning module WindowsNoEditorTargetPlatform (103)
[2021.01.25-11.41.01:704][980]LogModuleManager: Shutting down and abandoning module WindowsClientTargetPlatform (101)
[2021.01.25-11.41.01:704][980]LogModuleManager: Shutting down and abandoning module MacTargetPlatform (99)
[2021.01.25-11.41.01:704][980]LogModuleManager: Shutting down and abandoning module MacServerTargetPlatform (97)
[2021.01.25-11.41.01:704][980]LogModuleManager: Shutting down and abandoning module MacNoEditorTargetPlatform (95)
[2021.01.25-11.41.01:704][980]LogModuleManager: Shutting down and abandoning module MacClientTargetPlatform (93)
[2021.01.25-11.41.01:704][980]LogModuleManager: Shutting down and abandoning module AllDesktopTargetPlatform (91)
[2021.01.25-11.41.01:704][980]LogModuleManager: Shutting down and abandoning module InputCore (88)
[2021.01.25-11.41.01:704][980]LogModuleManager: Shutting down and abandoning module Settings (86)
[2021.01.25-11.41.01:704][980]LogModuleManager: Shutting down and abandoning module PhysXCooking (84)
[2021.01.25-11.41.01:704][980]LogModuleManager: Shutting down and abandoning module SteamVR (82)
[2021.01.25-11.41.01:704][980]LogModuleManager: Shutting down and abandoning module OculusHMD (80)
[2021.01.25-11.41.01:706][980]LogModuleManager: Shutting down and abandoning module ExampleDeviceProfileSelector (78)
[2021.01.25-11.41.01:706][980]LogModuleManager: Shutting down and abandoning module LauncherChunkInstaller (76)
[2021.01.25-11.41.01:706][980]LogModuleManager: Shutting down and abandoning module OnlineBlueprintSupport (74)
[2021.01.25-11.41.01:706][980]LogModuleManager: Shutting down and abandoning module OnlineSubsystem (70)
[2021.01.25-11.41.01:708][980]LogModuleManager: Shutting down and abandoning module XMPP (65)
[2021.01.25-11.41.01:711][980]LogModuleManager: Shutting down and abandoning module WebSockets (64)
[2021.01.25-11.41.01:721][980]LogModuleManager: Shutting down and abandoning module HTTP (61)
[2021.01.25-11.41.01:722][980]LogHttp: Display: Http module shutting down, but needs to wait on 1 outstanding Http requests:
[2021.01.25-11.41.01:722][980]LogHttp: Display: 	verb=[POST] url=[https://datarouter.ol.epicgames.com/datarouter/api/v1/public/data?SessionID=%7BC6403E5D-4CD5-C669-B3C5-33AF1A62BC9B%7D&AppID=UEEditor.Rocket.Release&AppVersion=4.20.3-4369336%2B%2B%2BUE4%2BRelease-4.20&UserID=deaf08bc480f3f40012a7fb2499823fe%7C27591ec173fc45aba594a0e4d13e8e68%7Ce11feb4c-afe9-4519-94fe-2f11970f740e&AppEnvironment=datacollector-binary&UploadType=eteventstream] status=Processing
[2021.01.25-11.41.01:744][980]LogModuleManager: Shutting down and abandoning module SSL (60)
[2021.01.25-11.41.01:746][980]LogModuleManager: Shutting down and abandoning module MagicLeapEmulator (56)
[2021.01.25-11.41.01:746][980]LogModuleManager: Shutting down and abandoning module MagicLeapPrivileges (54)
[2021.01.25-11.41.01:746][980]LogModuleManager: Shutting down and abandoning module MagicLeapIdentity (52)
[2021.01.25-11.41.01:746][980]LogModuleManager: Shutting down and abandoning module MagicLeapHelperVulkan (50)
[2021.01.25-11.41.01:747][980]LogModuleManager: Shutting down and abandoning module MagicLeapHelperOpenGL (48)
[2021.01.25-11.41.01:747][980]LogModuleManager: Shutting down and abandoning module MagicLeapSecureStorage (46)
[2021.01.25-11.41.01:747][980]LogModuleManager: Shutting down and abandoning module MagicLeapGestures (44)
[2021.01.25-11.41.01:747][980]LogModuleManager: Shutting down and abandoning module MagicLeapEyeTracker (42)
[2021.01.25-11.41.01:747][980]LogModuleManager: Shutting down and abandoning module MagicLeapController (40)
[2021.01.25-11.41.01:747][980]LogSlate: Slate User Destroyed.  User Index 0, Is Virtual User: 0
[2021.01.25-11.41.01:747][980]LogModuleManager: Shutting down and abandoning module MagicLeap (38)
[2021.01.25-11.41.01:747][980]LogModuleManager: Shutting down and abandoning module AnimationModifiers (36)
[2021.01.25-11.41.01:750][980]LogModuleManager: Shutting down and abandoning module PropertyEditor (35)
[2021.01.25-11.41.01:750][980]LogModuleManager: Shutting down and abandoning module AudioEditor (32)
[2021.01.25-11.41.01:753][980]LogModuleManager: Shutting down and abandoning module TextureCompressor (30)
[2021.01.25-11.41.01:762][980]LogModuleManager: Shutting down and abandoning module ShaderCore (28)
[2021.01.25-11.41.01:762][980]LogModuleManager: Shutting down and abandoning module Landscape (26)
[2021.01.25-11.41.01:762][980]LogModuleManager: Shutting down and abandoning module SlateRHIRenderer (24)
[2021.01.25-11.41.01:764][980]LogModuleManager: Shutting down and abandoning module OpenGLDrv (22)
[2021.01.25-11.41.01:765][980]LogModuleManager: Shutting down and abandoning module D3D11RHI (20)
[2021.01.25-11.41.01:765][980]LogModuleManager: Shutting down and abandoning module AnimGraphRuntime (18)
[2021.01.25-11.41.01:766][980]LogModuleManager: Shutting down and abandoning module Renderer (16)
[2021.01.25-11.41.01:766][980]LogModuleManager: Shutting down and abandoning module Engine (14)
[2021.01.25-11.41.01:766][980]LogModuleManager: Shutting down and abandoning module CoreUObject (12)
[2021.01.25-11.41.01:766][980]LogModuleManager: Shutting down and abandoning module NetworkFile (10)
[2021.01.25-11.41.01:766][980]LogModuleManager: Shutting down and abandoning module CookedIterativeFile (8)
[2021.01.25-11.41.01:767][980]LogModuleManager: Shutting down and abandoning module StreamingFile (6)
[2021.01.25-11.41.01:767][980]LogModuleManager: Shutting down and abandoning module SandboxFile (4)
[2021.01.25-11.41.01:767][980]LogModuleManager: Shutting down and abandoning module PakFile (2)
[2021.01.25-11.41.01:773][980]LogExit: Exiting.
[2021.01.25-11.41.01:781][980]Log file closed, 01/25/21 12:41:01
