Log file open, 01/25/21 14:45:08
LogWindows: Failed to load 'aqProf.dll' (GetLastError=126)
LogWindows: File 'aqProf.dll' does not exist
LogWindows: Failed to load 'VSPerf140.dll' (GetLastError=126)
LogWindows: File 'VSPerf140.dll' does not exist
LogWindows: Failed to load 'VtuneApi.dll' (GetLastError=126)
LogWindows: File 'VtuneApi.dll' does not exist
LogWindows: Failed to load 'VtuneApi32e.dll' (GetLastError=126)
LogWindows: File 'VtuneApi32e.dll' does not exist
LogInit: Display: Running engine for game: MazeGame
LogPlatformFile: Not using cached read wrapper
LogTaskGraph: Started task graph with 5 named threads and 14 total threads with 3 sets of task threads.
LogStats: Stats thread started at 0.773311
LogD3D11RHI: Loaded GFSDK_Aftermath_Lib.x64.dll
LogICUInternationalization: Display: ICU TimeZone Detection - Raw Offset: +1:00, Platform Override: ''
LogPluginManager: Mounting plugin Paper2D
LogPluginManager: Mounting plugin AISupport
LogPluginManager: Mounting plugin LightPropagationVolume
LogPluginManager: Mounting plugin CLionSourceCodeAccess
LogPluginManager: Mounting plugin CodeLiteSourceCodeAccess
LogPluginManager: Mounting plugin GitSourceControl
LogPluginManager: Mounting plugin KDevelopSourceCodeAccess
LogPluginManager: Mounting plugin NullSourceCodeAccess
LogPluginManager: Mounting plugin PerforceSourceControl
LogPluginManager: Mounting plugin SubversionSourceControl
LogPluginManager: Mounting plugin UObjectPlugin
LogPluginManager: Mounting plugin VisualStudioCodeSourceCodeAccess
LogPluginManager: Mounting plugin VisualStudioSourceCodeAccess
LogPluginManager: Mounting plugin XCodeSourceCodeAccess
LogPluginManager: Mounting plugin AssetManagerEditor
LogPluginManager: Mounting plugin CryptoKeys
LogPluginManager: Mounting plugin DataValidation
LogPluginManager: Mounting plugin FacialAnimation
LogPluginManager: Mounting plugin GameplayTagsEditor
LogPluginManager: Mounting plugin MacGraphicsSwitching
LogPluginManager: Mounting plugin MeshEditor
LogPluginManager: Mounting plugin MobileLauncherProfileWizard
LogPluginManager: Mounting plugin PluginBrowser
LogPluginManager: Mounting plugin SpeedTreeImporter
LogPluginManager: Mounting plugin DatasmithContent
LogPluginManager: Mounting plugin AlembicImporter
LogPluginManager: Mounting plugin AppleImageUtils
LogPluginManager: Mounting plugin AppleVision
LogPluginManager: Mounting plugin BackChannel
LogPluginManager: Mounting plugin CharacterAI
LogPluginManager: Mounting plugin GeometryCache
LogPluginManager: Mounting plugin HTML5Networking
LogPluginManager: Mounting plugin ProxyLODPlugin
LogPluginManager: Mounting plugin MagicLeap
LogPluginManager: Mounting plugin MagicLeapEmulator
LogPluginManager: Mounting plugin MagicLeapMedia
LogPluginManager: Mounting plugin AndroidMedia
LogPluginManager: Mounting plugin AvfMedia
LogPluginManager: Mounting plugin ImgMedia
LogPluginManager: Mounting plugin LinearTimecode
LogPluginManager: Mounting plugin MediaCompositing
LogPluginManager: Mounting plugin MediaPlayerEditor
LogPluginManager: Mounting plugin WmfMedia
LogPluginManager: Mounting plugin TcpMessaging
LogPluginManager: Mounting plugin UdpMessaging
LogPluginManager: Mounting plugin ActorSequence
LogPluginManager: Mounting plugin LevelSequenceEditor
LogPluginManager: Mounting plugin MatineeToLevelSequence
LogPluginManager: Mounting plugin NetcodeUnitTest
LogPluginManager: Mounting plugin NUTUnrealEngine4
LogPluginManager: Mounting plugin OnlineSubsystemGooglePlay
LogPluginManager: Mounting plugin OnlineSubsystemIOS
LogPluginManager: Mounting plugin OnlineSubsystem
LogPluginManager: Mounting plugin OnlineSubsystemNull
LogPluginManager: Mounting plugin OnlineSubsystemUtils
LogPluginManager: Mounting plugin LauncherChunkInstaller
LogPluginManager: Mounting plugin AndroidDeviceProfileSelector
LogPluginManager: Mounting plugin AndroidMoviePlayer
LogPluginManager: Mounting plugin AndroidPermission
LogPluginManager: Mounting plugin AppleMoviePlayer
LogPluginManager: Mounting plugin ArchVisCharacter
LogPluginManager: Mounting plugin AudioCapture
LogPluginManager: Mounting plugin CableComponent
LogPluginManager: Mounting plugin CustomMeshComponent
LogPluginManager: Mounting plugin EditableMesh
LogPluginManager: Mounting plugin ExampleDeviceProfileSelector
LogPluginManager: Mounting plugin GoogleCloudMessaging
LogPluginManager: Mounting plugin ImmediatePhysics
LogPluginManager: Mounting plugin IOSDeviceProfileSelector
LogPluginManager: Mounting plugin LinuxDeviceProfileSelector
LogPluginManager: Mounting plugin LocationServicesBPLibrary
LogPluginManager: Mounting plugin MobilePatchingUtils
LogPluginManager: Mounting plugin OculusVR
LogPluginManager: Plugin shader directory ../../../Engine/Plugins/Runtime/Oculus/OculusVR/Shaders found
LogPluginManager: Mapping shader source directory ../../../Engine/Plugins/Runtime/Oculus/OculusVR/Shaders to virtual directory /Plugin/OculusVR
LogPluginManager: Mounting plugin PhysXVehicles
LogPluginManager: Mounting plugin ProceduralMeshComponent
LogPluginManager: Mounting plugin RuntimePhysXCooking
LogPluginManager: Mounting plugin SteamVR
LogPluginManager: Mounting plugin WindowsMoviePlayer
LogStreaming: Display: Took  0.266s to configure plugins.
LogInit: Using libcurl 7.55.1-DEV
LogInit:  - built for x86_64-pc-win32
LogInit:  - supports SSL with OpenSSL/1.0.2h
LogInit:  - supports HTTP deflate (compression) using libz 1.2.8
LogInit:  - other features:
LogInit:      CURL_VERSION_SSL
LogInit:      CURL_VERSION_LIBZ
LogInit:      CURL_VERSION_IPV6
LogInit:      CURL_VERSION_ASYNCHDNS
LogInit:      CURL_VERSION_LARGEFILE
LogInit:      CURL_VERSION_IDN
LogInit:  CurlRequestOptions (configurable via config and command line):
LogInit:  - bVerifyPeer = false  - Libcurl will NOT verify peer certificate
LogInit:  - bUseHttpProxy = false  - Libcurl will NOT use HTTP proxy
LogInit:  - bDontReuseConnections = false  - Libcurl will reuse connections
LogInit:  - CertBundlePath = nullptr  - Libcurl will use whatever was configured at build time.
LogInit:  - MaxHostConnections = 16  - Libcurl will limit the number of connections to a host
LogInit:  - LocalHostAddr = Default
LogInit:  - BufferSize = 65536
LogInit: WinSock: version 1.1 (2.2), MaxSocks=32767, MaxUdp=65467
LogInit: Build: ++UE4+Release-4.20-CL-4369336
LogInit: Engine Version: 4.20.3-4369336+++UE4+Release-4.20
LogInit: Compatible Engine Version: 4.20.0-4212847+++UE4+Release-4.20
LogInit: Net CL: 4212847
LogInit: OS: Windows 10 (), CPU: Intel(R) Core(TM) i5-7300HQ CPU @ 2.50GHz, GPU: Intel(R) HD Graphics 630
LogInit: Compiled (64-bit): Sep 17 2018 12:26:19
LogInit: Compiled with Visual C++: 19.13.26129.00
LogInit: Build Configuration: Development
LogInit: Branch Name: ++UE4+Release-4.20
LogInit: Command Line:  
LogInit: Base Directory: D:/unreal/UE_4.20/Engine/Binaries/Win64/
LogInit: Installed Engine Build: 1
LogDevObjectVersion: Number of dev versions registered: 20
LogDevObjectVersion:   Dev-Blueprints (B0D832E4-1F89-4F0D-ACCF-7EB736FD4AA2): 10
LogDevObjectVersion:   Dev-Build (E1C64328-A22C-4D53-A36C-8E866417BD8C): 0
LogDevObjectVersion:   Dev-Core (375EC13C-06E4-48FB-B500-84F0262A717E): 2
LogDevObjectVersion:   Dev-Editor (E4B068ED-F494-42E9-A231-DA0B2E46BB41): 24
LogDevObjectVersion:   Dev-Framework (CFFC743F-43B0-4480-9391-14DF171D2073): 34
LogDevObjectVersion:   Dev-Mobile (B02B49B5-BB20-44E9-A304-32B752E40360): 2
LogDevObjectVersion:   Dev-Networking (A4E4105C-59A1-49B5-A7C5-40C4547EDFEE): 0
LogDevObjectVersion:   Dev-Online (39C831C9-5AE6-47DC-9A44-9C173E1C8E7C): 0
LogDevObjectVersion:   Dev-Physics (78F01B33-EBEA-4F98-B9B4-84EACCB95AA2): 0
LogDevObjectVersion:   Dev-Platform (6631380F-2D4D-43E0-8009-CF276956A95A): 0
LogDevObjectVersion:   Dev-Rendering (12F88B9F-8875-4AFC-A67C-D90C383ABD29): 26
LogDevObjectVersion:   Dev-Sequencer (7B5AE74C-D270-4C10-A958-57980B212A5A): 9
LogDevObjectVersion:   Dev-VR (D7296918-1DD6-4BDD-9DE2-64A83CC13884): 2
LogDevObjectVersion:   Dev-LoadTimes (C2A15278-BFE7-4AFE-6C17-90FF531DF755): 1
LogDevObjectVersion:   Private-Geometry (6EACA3D4-40EC-4CC1-B786-8BED09428FC5): 3
LogDevObjectVersion:   Dev-AnimPhys (29E575DD-E0A3-4627-9D10-D276232CDCEA): 17
LogDevObjectVersion:   Dev-ReflectionCapture (6B266CEC-1EC7-4B8F-A30B-E4D90942FC07): 1
LogDevObjectVersion:   Dev-Automation (0DF73D61-A23F-47EA-B727-89E90C41499A): 1
LogDevObjectVersion:   FortniteMain (601D1886-AC64-4F84-AA16-D3DE0DEAC7D6): 12
LogDevObjectVersion:   Dev-Enterprise (9DFFBCD6-494F-0158-E221-12823C92A888): 1
LogStreaming: Display: Took  0.001s to delete old logs.
LogInit: Presizing for max 8388607 objects, including 0 objects not considered by GC, pre-allocating 0 bytes for permanent pool.
LogInit: Object subsystem initialized
[2021.01.25-13.45.09:388][  0]LogInit: Selected Device Profile: [Windows]
[2021.01.25-13.45.09:388][  0]LogInit: Applying CVar settings loaded from the selected device profile: [Windows]
[2021.01.25-13.45.09:441][  0]LogHAL: Display: Platform has ~ 8 GB [8445386752 / 8589934592 / 8], which maps to Default [LargestMinGB=32, LargerMinGB=12, DefaultMinGB=8, SmallerMinGB=6, SmallestMinGB=0)
[2021.01.25-13.45.09:441][  0]LogInit: Setting Device Profile CVar: [[r.Vulkan.UseRealUBs:1]]
[2021.01.25-13.45.09:441][  0]LogInit: Going up to parent DeviceProfile []
[2021.01.25-13.45.09:445][  0]LogInit: Computer: DESKTOP-RHMTELH
[2021.01.25-13.45.09:445][  0]LogInit: User: belee
[2021.01.25-13.45.09:445][  0]LogInit: CPU Page size=4096, Cores=4
[2021.01.25-13.45.09:445][  0]LogInit: High frequency timer resolution =10.000000 MHz
[2021.01.25-13.45.09:446][  0]LogMemory: Memory total: Physical=7.9GB (8GB approx)
[2021.01.25-13.45.09:446][  0]LogMemory: Platform Memory Stats for Windows
[2021.01.25-13.45.09:446][  0]LogMemory: Process Physical Memory: 102.20 MB used, 102.20 MB peak
[2021.01.25-13.45.09:446][  0]LogMemory: Process Virtual Memory: 93.00 MB used, 93.00 MB peak
[2021.01.25-13.45.09:446][  0]LogMemory: Physical Memory: 6985.18 MB used,  1068.97 MB free, 8054.15 MB total
[2021.01.25-13.45.09:446][  0]LogMemory: Virtual Memory: 4613.14 MB used,  1068.97 MB free, 134217728.00 MB total
[2021.01.25-13.45.09:765][  0]LogInit: Using OS detected language (pl-PL).
[2021.01.25-13.45.09:765][  0]LogInit: Using OS detected locale (pl-PL).
[2021.01.25-13.45.09:766][  0]LogTextLocalizationManager: No specific localization for 'pl-PL' exists, so the 'pl' localization will be used.
[2021.01.25-13.45.09:779][  0]LogStreaming: Display: Took  0.014s to InitEngineTextLocalization.
[2021.01.25-13.45.09:779][  0]LogInit: Setting process to per monitor DPI aware
[2021.01.25-13.45.09:901][  0]LogSlate: New Slate User Created.  User Index 0, Is Virtual User: 0
[2021.01.25-13.45.09:901][  0]LogSlate: Slate User Registered.  User Index 0, Is Virtual User: 0
[2021.01.25-13.45.11:685][  0]LogHMD: Failed to initialize OpenVR with code 110
[2021.01.25-13.45.11:685][  0]LogD3D11RHI: D3D11 adapters:
[2021.01.25-13.45.11:973][  0]LogD3D11RHI:    0. 'NVIDIA GeForce GTX 1050' (Feature Level 11_0)
[2021.01.25-13.45.11:973][  0]LogD3D11RHI:       4021/0/4027 MB DedicatedVideo/DedicatedSystem/SharedSystem, Outputs:2, VendorId:0x10de
[2021.01.25-13.45.12:009][  0]LogD3D11RHI:    1. 'Intel(R) HD Graphics 630' (Feature Level 11_0)
[2021.01.25-13.45.12:009][  0]LogD3D11RHI:       128/0/4027 MB DedicatedVideo/DedicatedSystem/SharedSystem, Outputs:0, VendorId:0x8086
[2021.01.25-13.45.12:014][  0]LogD3D11RHI:    2. 'Microsoft Basic Render Driver' (Feature Level 11_0)
[2021.01.25-13.45.12:014][  0]LogD3D11RHI:       0/0/4027 MB DedicatedVideo/DedicatedSystem/SharedSystem, Outputs:0, VendorId:0x1414
[2021.01.25-13.45.12:014][  0]LogD3D11RHI: Chosen D3D11 Adapter: 0
[2021.01.25-13.45.12:075][  0]LogD3D11RHI: Creating new Direct3DDevice
[2021.01.25-13.45.12:075][  0]LogD3D11RHI:     GPU DeviceId: 0x1c8d (for the marketing name, search the web for "GPU Device Id")
[2021.01.25-13.45.12:075][  0]LogWindows: EnumDisplayDevices:
[2021.01.25-13.45.12:075][  0]LogWindows:    0. 'Intel(R) HD Graphics 630' (P:0 D:1)
[2021.01.25-13.45.12:075][  0]LogWindows:    1. 'Intel(R) HD Graphics 630' (P:1 D:1)
[2021.01.25-13.45.12:076][  0]LogWindows:    2. 'Intel(R) HD Graphics 630' (P:0 D:0)
[2021.01.25-13.45.12:076][  0]LogWindows: DebugString: PrimaryIsNotTheChoosenAdapter PrimaryIsNotTheChoosenAdapter PrimaryIsNotTheChoosenAdapter FoundDriverCount:0 
[2021.01.25-13.45.12:076][  0]LogD3D11RHI:     Adapter Name: NVIDIA GeForce GTX 1050
[2021.01.25-13.45.12:076][  0]LogD3D11RHI:   Driver Version: Unknown (internal:Unknown, unified:Unknown)
[2021.01.25-13.45.12:076][  0]LogD3D11RHI:      Driver Date: Unknown
[2021.01.25-13.45.12:076][  0]LogRHI: Texture pool is 2814 MB (70% of 4021 MB)
[2021.01.25-13.45.12:240][  0]LogD3D11RHI: Async texture creation enabled
[2021.01.25-13.45.12:334][  0]LogD3D11RHI: GPU Timing Frequency: 1000.000000 (Debug: 2 1)
[2021.01.25-13.45.12:338][  0]LogShaderCompilers: Guid format shader working directory is 14 characters bigger than the processId version (../../../../MazeGameAB/MazeGame/Intermediate/Shaders/WorkingDirectory/11888/).
[2021.01.25-13.45.12:338][  0]LogShaderCompilers: Cleaned the shader compiler working directory 'C:/Users/belee/AppData/Local/Temp/UnrealShaderWorkingDir/E20DEECA485445F45747E9B65170C680/'.
[2021.01.25-13.45.13:371][  0]LogTemp: Display: Loaded TP AllDesktopTargetPlatform
[2021.01.25-13.45.13:396][  0]LogTemp: Display: Loaded TP MacClientTargetPlatform
[2021.01.25-13.45.13:426][  0]LogTemp: Display: Loaded TP MacNoEditorTargetPlatform
[2021.01.25-13.45.13:452][  0]LogTemp: Display: Loaded TP MacServerTargetPlatform
[2021.01.25-13.45.13:485][  0]LogTemp: Display: Loaded TP MacTargetPlatform
[2021.01.25-13.45.13:512][  0]LogTemp: Display: Loaded TP WindowsClientTargetPlatform
[2021.01.25-13.45.13:543][  0]LogTemp: Display: Loaded TP WindowsNoEditorTargetPlatform
[2021.01.25-13.45.13:571][  0]LogTemp: Display: Loaded TP WindowsServerTargetPlatform
[2021.01.25-13.45.13:592][  0]LogTemp: Display: Loaded TP WindowsTargetPlatform
[2021.01.25-13.45.13:700][  0]LogTemp: Display: Loaded TP AndroidTargetPlatform
[2021.01.25-13.45.13:700][  0]LogTemp: Display: Loaded TP AndroidTargetPlatform
[2021.01.25-13.45.13:700][  0]LogTemp: Display: Loaded TP AndroidTargetPlatform
[2021.01.25-13.45.13:700][  0]LogTemp: Display: Loaded TP AndroidTargetPlatform
[2021.01.25-13.45.13:700][  0]LogTemp: Display: Loaded TP AndroidTargetPlatform
[2021.01.25-13.45.13:700][  0]LogTemp: Display: Loaded TP AndroidTargetPlatform
[2021.01.25-13.45.13:700][  0]LogTemp: Display: Loaded TP AndroidTargetPlatform
[2021.01.25-13.45.13:700][  0]LogTemp: Display: Loaded TP AndroidTargetPlatform
[2021.01.25-13.45.13:700][  0]LogTemp: Display: Loaded TP AndroidTargetPlatform
[2021.01.25-13.45.13:700][  0]LogTemp: Display: Loaded TP AndroidTargetPlatform
[2021.01.25-13.45.13:700][  0]LogTemp: Display: Loaded TP AndroidTargetPlatform
[2021.01.25-13.45.13:700][  0]LogTemp: Display: Loaded TP AndroidTargetPlatform
[2021.01.25-13.45.13:700][  0]LogTemp: Display: Loaded TP AndroidTargetPlatform
[2021.01.25-13.45.13:700][  0]LogTemp: Display: Loaded TP AndroidTargetPlatform
[2021.01.25-13.45.13:700][  0]LogTemp: Display: Loaded TP AndroidTargetPlatform
[2021.01.25-13.45.13:700][  0]LogTemp: Display: Loaded TP AndroidTargetPlatform
[2021.01.25-13.45.13:700][  0]LogTemp: Display: Loaded TP AndroidTargetPlatform
[2021.01.25-13.45.13:700][  0]LogTemp: Display: Loaded TP AndroidTargetPlatform
[2021.01.25-13.45.13:716][  0]LogTemp: Display: Loaded TP HTML5TargetPlatform
[2021.01.25-13.45.13:835][  0]LogTemp: Display: Loaded TP IOSTargetPlatform
[2021.01.25-13.45.13:835][  0]LogTemp: Display: Loaded TP IOSTargetPlatform
[2021.01.25-13.45.13:877][  0]LogTemp: Display: Loaded TP TVOSTargetPlatform
[2021.01.25-13.45.13:877][  0]LogTemp: Display: Loaded TP TVOSTargetPlatform
[2021.01.25-13.45.13:915][  0]LogTemp: Display: Loaded TP LinuxClientTargetPlatform
[2021.01.25-13.45.13:941][  0]LogTemp: Display: Loaded TP LinuxNoEditorTargetPlatform
[2021.01.25-13.45.13:967][  0]LogTemp: Display: Loaded TP LinuxServerTargetPlatform
[2021.01.25-13.45.13:999][  0]LogTemp: Display: Loaded TP LinuxTargetPlatform
[2021.01.25-13.45.14:020][  0]LogTemp: Display: Loaded TP LuminTargetPlatform
[2021.01.25-13.45.14:020][  0]LogTargetPlatformManager: Display: Building Assets For Windows
[2021.01.25-13.45.15:257][  0]LogXGEController: Cleaning working directory: C:/Users/belee/AppData/Local/Temp/UnrealXGEWorkingDir/
[2021.01.25-13.45.15:258][  0]LogXGEController: Cannot use XGE Controller as Incredibuild is not installed on this machine.
[2021.01.25-13.45.15:258][  0]LogShaderCompilers: Cannot use XGE Shader Compiler as Incredibuild is not installed on this machine.
[2021.01.25-13.45.15:258][  0]LogShaderCompilers: Display: Using Local Shader Compiler.
[2021.01.25-13.45.17:810][  0]LogDerivedDataCache: Display: Max Cache Size: 512 MB
[2021.01.25-13.45.18:183][  0]LogDerivedDataCache: Loaded boot cache 0.37s 71MB C:/Users/belee/AppData/Local/UnrealEngine/4.20/DerivedDataCache/Boot.ddc.
[2021.01.25-13.45.18:184][  0]LogDerivedDataCache: Display: Loaded Boot cache: C:/Users/belee/AppData/Local/UnrealEngine/4.20/DerivedDataCache/Boot.ddc
[2021.01.25-13.45.18:184][  0]LogDerivedDataCache: FDerivedDataBackendGraph:  Pak pak cache file ../../../../MazeGameAB/MazeGame/DerivedDataCache/DDC.ddp not found, will not use a pak cache.
[2021.01.25-13.45.18:184][  0]LogDerivedDataCache: Unable to find inner node Pak for hierarchical cache Hierarchy.
[2021.01.25-13.45.18:184][  0]LogDerivedDataCache: FDerivedDataBackendGraph:  CompressedPak pak cache file ../../../../MazeGameAB/MazeGame/DerivedDataCache/Compressed.ddp not found, will not use a pak cache.
[2021.01.25-13.45.18:184][  0]LogDerivedDataCache: Unable to find inner node CompressedPak for hierarchical cache Hierarchy.
[2021.01.25-13.45.18:272][  0]LogDerivedDataCache: Display: Pak cache opened for reading ../../../Engine/DerivedDataCache/Compressed.ddp.
[2021.01.25-13.45.18:285][  0]LogDerivedDataCache: Using Local data cache path C:/Users/belee/AppData/Local/UnrealEngine/Common/DerivedDataCache: Writable
[2021.01.25-13.45.18:285][  0]LogDerivedDataCache: Shared data cache path not found in *engine.ini, will not use an Shared cache.
[2021.01.25-13.45.18:285][  0]LogDerivedDataCache: Unable to find inner node Shared for hierarchical cache Hierarchy.
[2021.01.25-13.45.18:306][  0]LogMaterial: Verifying Global Shaders for PCD3D_SM5
[2021.01.25-13.45.18:310][  0]LogSlate: Using FreeType 2.6.0
[2021.01.25-13.45.18:321][  0]LogSlate: SlateFontServices - WITH_FREETYPE: 1, WITH_HARFBUZZ: 1
[2021.01.25-13.45.18:738][  0]LogAssetRegistry: FAssetRegistry took 0.0324 seconds to start up
[2021.01.25-13.45.19:195][  0]LogInit: Selected Device Profile: [Windows]
[2021.01.25-13.45.19:758][  0]LogSimplygon: Simplygon DLL not present - disabling.
[2021.01.25-13.45.19:876][  0]LogMeshReduction: Using SimplygonSwarm for distributed automatic mesh merging
[2021.01.25-13.45.19:876][  0]LogMeshReduction: Using ProxyLODMeshReduction for automatic mesh merging
[2021.01.25-13.45.19:877][  0]LogMeshReduction: Using QuadricMeshReduction for automatic static mesh reduction
[2021.01.25-13.45.19:877][  0]LogMeshReduction: No automatic skeletal mesh reduction module available
[2021.01.25-13.45.19:944][  0]LogNetVersion: MazeGame 1.0.0, NetCL: 4212847, EngineNetVer: 5, GameNetVer: 0 (Checksum: 803854447)
[2021.01.25-13.45.21:376][  0]LogPackageLocalizationCache: Processed 11 localized package path(s) for 2 prioritized culture(s) in 0.142501 seconds
[2021.01.25-13.45.21:383][  0]LogUObjectArray: 38425 objects as part of root set at end of initial load.
[2021.01.25-13.45.21:383][  0]LogUObjectAllocator: 6690864 out of 0 bytes used by permanent object pool.
[2021.01.25-13.45.21:383][  0]LogUObjectArray: CloseDisregardForGC: 0/0 objects in disregard for GC pool
[2021.01.25-13.45.26:605][  0]LogTcpMessaging: Initializing TcpMessaging bridge
[2021.01.25-13.45.26:637][  0]LogUdpMessaging: Initializing bridge on interface 0.0.0.0:0 to multicast group 230.0.0.1:6666.
[2021.01.25-13.45.27:245][  0]SourceControl: Source control is disabled
[2021.01.25-13.45.27:246][  0]SourceControl: Source control is disabled
[2021.01.25-13.45.27:283][  0]SourceControl: Source control is disabled
[2021.01.25-13.45.27:309][  0]SourceControl: Source control is disabled
[2021.01.25-13.45.28:262][  0]LogAndroidPermission: UAndroidPermissionCallbackProxy::GetInstance
[2021.01.25-13.45.28:463][  0]LogOcInput: OculusInput pre-init called
[2021.01.25-13.45.28:656][  0]LogEngine: Initializing Engine...
[2021.01.25-13.45.28:658][  0]LogHMD: Failed to initialize OpenVR with code 110
[2021.01.25-13.45.28:661][  0]LogStats: UGameplayTagsManager::ConstructGameplayTagTree: ImportINI prefixes -  0.000 s
[2021.01.25-13.45.28:661][  0]LogStats: UGameplayTagsManager::ConstructGameplayTagTree: Construct from data asset -  0.000 s
[2021.01.25-13.45.28:661][  0]LogStats: UGameplayTagsManager::ConstructGameplayTagTree: ImportINI -  0.000 s
[2021.01.25-13.45.28:661][  0]LogStats: UGameplayTagsManager::ConstructGameplayTagTree: GameplayTagTreeChangedEvent.Broadcast -  0.000 s
[2021.01.25-13.45.29:065][  0]LogInit: Initializing FReadOnlyCVARCache
[2021.01.25-13.45.29:134][  0]LogAIModule: Creating AISystem for world Untitled
[2021.01.25-13.45.29:220][  0]LogInit: XAudio2 using 'Głośniki / Słuchawki (Realtek Audio)' : 2 channels at 48 kHz using 32 bits per sample (channel mask 0x3)
[2021.01.25-13.45.29:700][  0]LogInit: FAudioDevice initialized.
[2021.01.25-13.45.29:702][  0]LogNetVersion: Set ProjectVersion to 1.0.0.0. Version Checksum will be recalculated on next use.
[2021.01.25-13.45.29:801][  0]LogDerivedDataCache: Saved boot cache 0.10s 71MB C:/Users/belee/AppData/Local/UnrealEngine/4.20/DerivedDataCache/Boot.ddc.
[2021.01.25-13.45.29:808][  0]LogInit: Texture streaming: Enabled
[2021.01.25-13.45.29:957][  0]LogEngineSessionManager: EngineSessionManager initialized
[2021.01.25-13.45.30:009][  0]LogInit: Transaction tracking system initialized
[2021.01.25-13.45.30:151][  0]BlueprintLog: New page: Editor Load
[2021.01.25-13.45.30:851][  0]LocalizationService: Localization service is disabled
[2021.01.25-13.45.31:776][  0]LogFileCache: Scanning file cache for directory 'D:/unreal/MazeGameAB/MazeGame/Content/' took 0.02s
[2021.01.25-13.45.31:776][  0]LogCook: Display: Max memory allowance for cook 16384mb min free memory 0mb
[2021.01.25-13.45.31:777][  0]LogCook: Display: Mobile HDR setting 1
[2021.01.25-13.45.31:781][  0]LogGameplayTags: Display: UGameplayTagsManager::DoneAddingNativeTags. DelegateIsBound: 0
[2021.01.25-13.45.31:782][  0]LogStats: UGameplayTagsManager::ConstructGameplayTagTree: ImportINI prefixes -  0.000 s
[2021.01.25-13.45.31:782][  0]LogStats: UGameplayTagsManager::ConstructGameplayTagTree: Construct from data asset -  0.000 s
[2021.01.25-13.45.31:782][  0]LogStats: UGameplayTagsManager::ConstructGameplayTagTree: ImportINI -  0.000 s
[2021.01.25-13.45.31:782][  0]LogStats: UGameplayTagsManager::ConstructGameplayTagTree: GameplayTagTreeChangedEvent.Broadcast -  0.000 s
[2021.01.25-13.45.32:742][  0]SourceControl: Source control is disabled
[2021.01.25-13.45.32:745][  0]Cmd: MAP LOAD FILE="../../../../MazeGameAB/MazeGame/Content/StarterContent/Maps/MainAgnieszkaBonislawska.umap" TEMPLATE=0 SHOWPROGRESS=1 FEATURELEVEL=3
[2021.01.25-13.45.32:754][  0]LightingResults: New page: Lighting Build
[2021.01.25-13.45.32:771][  0]MapCheck: New page: Map Check
[2021.01.25-13.45.32:771][  0]LightingResults: New page: Lighting Build
[2021.01.25-13.45.33:643][  0]LogAIModule: Creating AISystem for world MainAgnieszkaBonislawska
[2021.01.25-13.45.33:687][  0]PIE: Warning: Trying to simulate physics on ''/Game/StarterContent/Maps/MainAgnieszkaBonislawska.MainAgnieszkaBonislawska:PersistentLevel.Maze_StaticMesh.StaticMeshComponent0'' but it has ComplexAsSimple collision.
[2021.01.25-13.45.33:712][  0]LogEditorServer: Finished looking for orphan Actors (0.000 secs)
[2021.01.25-13.45.33:760][  0]Cmd: MAP CHECKDEP NOCLEARLOG
[2021.01.25-13.45.33:822][  0]MapCheck: Map check complete: 0 Error(s), 0 Warning(s), took 61,752ms to complete.
[2021.01.25-13.45.33:823][  0]LogFileHelpers: Loading map 'MainAgnieszkaBonislawska' took 1.080
[2021.01.25-13.45.34:234][  0]LogSlate: Updating window title bar state: overlay mode, drag disabled, window buttons hidden, title bar hidden
[2021.01.25-13.45.34:250][  0]LogSlate: Updating window title bar state: overlay mode, drag disabled, window buttons hidden, title bar hidden
[2021.01.25-13.45.34:259][  0]LogSlate: Updating window title bar state: overlay mode, drag disabled, window buttons hidden, title bar hidden
[2021.01.25-13.45.34:268][  0]LogSlate: Updating window title bar state: overlay mode, drag disabled, window buttons hidden, title bar hidden
[2021.01.25-13.45.34:306][  0]LogCollectionManager: Loaded 0 collections in 0.001184 seconds
[2021.01.25-13.45.34:368][  0]LogFileCache: Scanning file cache for directory 'D:/unreal/MazeGameAB/MazeGame/Saved/Collections/' took 0.01s
[2021.01.25-13.45.34:368][  0]LogFileCache: Scanning file cache for directory 'D:/unreal/MazeGameAB/MazeGame/Content/Developers/belee/Collections/' took 0.01s
[2021.01.25-13.45.34:368][  0]LogFileCache: Scanning file cache for directory 'D:/unreal/MazeGameAB/MazeGame/Content/Collections/' took 0.01s
[2021.01.25-13.45.34:368][  0]LogCollectionManager: Rebuilt the GUID cache for 0 collections in 0.000000 seconds
[2021.01.25-13.45.34:379][  0]LogContentBrowser: Native class hierarchy populated in 0.0096 seconds. Added 2572 classes and 603 folders.
[2021.01.25-13.45.34:393][  0]LogContentBrowser: Native class hierarchy updated for 'WidgetCarousel' in 0.0003 seconds. Added 0 classes and 0 folders.
[2021.01.25-13.45.34:856][  0]LogContentBrowser: Native class hierarchy updated for 'AddContentDialog' in 0.0003 seconds. Added 0 classes and 0 folders.
[2021.01.25-13.45.34:898][  0]LogContentBrowser: Native class hierarchy updated for 'SceneOutliner' in 0.0003 seconds. Added 1 classes and 2 folders.
[2021.01.25-13.45.35:219][  0]LogSlate: Took 0.007717 seconds to synchronously load lazily loaded font '../../../Engine/Content/Slate/Fonts/Roboto-Regular.ttf' (155K)
[2021.01.25-13.45.35:233][  0]LogSlate: Took 0.005372 seconds to synchronously load lazily loaded font '../../../Engine/Content/Slate/Fonts/Roboto-Bold.ttf' (160K)
[2021.01.25-13.45.35:247][  0]LogSlate: Took 0.003730 seconds to synchronously load lazily loaded font '../../../Engine/Content/Editor/Slate/Fonts/FontAwesome.ttf' (139K)
[2021.01.25-13.45.35:455][  0]LogRenderer: Reallocating scene render targets to support 1168x576 Format 10 NumSamples 1 (Frame:1).
[2021.01.25-13.45.35:828][  0]LogContentBrowser: Native class hierarchy updated for 'HierarchicalLODOutliner' in 0.0004 seconds. Added 0 classes and 0 folders.
[2021.01.25-13.45.35:828][  0]LogLoad: (Engine Initialization) Total time: 33.32 seconds
[2021.01.25-13.45.35:828][  0]LogLoad: (Engine Initialization) Total Blueprint compile time: 0.00 seconds
[2021.01.25-13.45.35:909][  0]LogContentStreaming: Texture pool size now 1000 MB
[2021.01.25-13.45.35:955][  0]LogSlate: Took 0.003505 seconds to synchronously load lazily loaded font '../../../Engine/Content/Slate/Fonts/Roboto-Light.ttf' (167K)
[2021.01.25-13.45.36:348][  1]LogAssetRegistry: Asset discovery search completed in 17.6323 seconds
[2021.01.25-13.45.36:350][  1]LogCollectionManager: Rebuilt the object cache for 0 collections in 0.000000 seconds (found 0 objects)
[2021.01.25-13.45.36:350][  1]LogCollectionManager: Fixed up redirectors for 0 collections in 0.000103 seconds (updated 0 objects)
[2021.01.25-13.45.39:935][206]LogEditorViewport: Clicking on Actor (LMB): BP_Sky_Sphere_C (Sky Sphere)
[2021.01.25-13.45.41:154][272]LogSlate: FSceneViewport::OnFocusLost() reason 0
[2021.01.25-13.45.41:199][275]LogTemp: Repeating last play command: Selected Viewport
[2021.01.25-13.45.41:219][275]LogBlueprintUserMessages: Early PlayInEditor Detection: Level '/Game/StarterContent/Maps/MainAgnieszkaBonislawska.MainAgnieszkaBonislawska:PersistentLevel' has LevelScriptBlueprint '/Game/StarterContent/Maps/MainAgnieszkaBonislawska.MainAgnieszkaBonislawska:PersistentLevel.MainAgnieszkaBonislawska' with GeneratedClass '/Game/StarterContent/Maps/MainAgnieszkaBonislawska.MainAgnieszkaBonislawska_C' with ClassGeneratedBy '/Game/StarterContent/Maps/MainAgnieszkaBonislawska.MainAgnieszkaBonislawska:PersistentLevel.MainAgnieszkaBonislawska'
[2021.01.25-13.45.41:222][275]LogPlayLevel: PlayLevel: No blueprints needed recompiling
[2021.01.25-13.45.41:254][275]PIE: New page: PIE session: MainAgnieszkaBonislawska (25 sty 2021, 15:45:41)
[2021.01.25-13.45.41:255][275]LogPlayLevel: Creating play world package: /Game/StarterContent/Maps/UEDPIE_0_MainAgnieszkaBonislawska
[2021.01.25-13.45.41:263][275]LogPlayLevel: PIE: StaticDuplicateObject took: (0.008187s)
[2021.01.25-13.45.41:264][275]LogAIModule: Creating AISystem for world MainAgnieszkaBonislawska
[2021.01.25-13.45.41:265][275]LogPlayLevel: PIE: World Init took: (0.001724s)
[2021.01.25-13.45.41:266][275]LogPlayLevel: PIE: Created PIE world by copying editor world from /Game/StarterContent/Maps/MainAgnieszkaBonislawska.MainAgnieszkaBonislawska to /Game/StarterContent/Maps/UEDPIE_0_MainAgnieszkaBonislawska.MainAgnieszkaBonislawska (0.011040s)
[2021.01.25-13.45.41:309][275]LogInit: XAudio2 using 'Głośniki / Słuchawki (Realtek Audio)' : 2 channels at 48 kHz using 32 bits per sample (channel mask 0x3)
[2021.01.25-13.45.41:418][275]LogInit: FAudioDevice initialized.
[2021.01.25-13.45.41:479][275]LogLoad: Game class is 'GameModeBase'
[2021.01.25-13.45.41:498][275]PIE: Warning: Trying to simulate physics on ''/Game/StarterContent/Maps/UEDPIE_0_MainAgnieszkaBonislawska.MainAgnieszkaBonislawska:PersistentLevel.Maze_StaticMesh.StaticMeshComponent0'' but it has ComplexAsSimple collision.
[2021.01.25-13.45.41:498][275]LogWorld: Bringing World /Game/StarterContent/Maps/UEDPIE_0_MainAgnieszkaBonislawska.MainAgnieszkaBonislawska up for play (max tick rate 60) at 2021.01.25-14.45.41
[2021.01.25-13.45.41:513][275]LogWorld: Bringing up level for play took: 0.015469
[2021.01.25-13.45.41:564][275]LogContentBrowser: Native class hierarchy updated for 'MovieSceneCapture' in 0.0004 seconds. Added 10 classes and 0 folders.
[2021.01.25-13.45.41:583][275]PIE: Play in editor start time for /Game/StarterContent/Maps/UEDPIE_0_MainAgnieszkaBonislawska 1,058
[2021.01.25-13.45.41:584][275]LogBlueprintUserMessages: Late PlayInEditor Detection: Level '/Game/StarterContent/Maps/MainAgnieszkaBonislawska.MainAgnieszkaBonislawska:PersistentLevel' has LevelScriptBlueprint '/Game/StarterContent/Maps/MainAgnieszkaBonislawska.MainAgnieszkaBonislawska:PersistentLevel.MainAgnieszkaBonislawska' with GeneratedClass '/Game/StarterContent/Maps/MainAgnieszkaBonislawska.MainAgnieszkaBonislawska_C' with ClassGeneratedBy '/Game/StarterContent/Maps/MainAgnieszkaBonislawska.MainAgnieszkaBonislawska:PersistentLevel.MainAgnieszkaBonislawska'
[2021.01.25-13.45.42:309][305]LogBlueprintUserMessages: [MainAgnieszkaBonislawska_C_26] Witaj w moim labiryncie! Sprawdźmy jak szybko z niego uciekniesz!
[2021.01.25-13.46.47:000][179]LogNet: Browse: /Game/StarterContent/Maps/MainAgnieszkaBonislawska
[2021.01.25-13.46.47:001][179]LogLoad: LoadMap: /Game/StarterContent/Maps/MainAgnieszkaBonislawska
[2021.01.25-13.46.47:046][179]LogPlayLevel: Creating play world package: /Game/StarterContent/Maps/UEDPIE_0_MainAgnieszkaBonislawska
[2021.01.25-13.46.47:050][179]LogPlayLevel: PIE: StaticDuplicateObject took: (0.003555s)
[2021.01.25-13.46.47:050][179]LogAIModule: Creating AISystem for world MainAgnieszkaBonislawska
[2021.01.25-13.46.47:051][179]LogPlayLevel: PIE: World Init took: (0.000683s)
[2021.01.25-13.46.47:051][179]LogPlayLevel: PIE: Created PIE world by copying editor world from /Game/StarterContent/Maps/MainAgnieszkaBonislawska.MainAgnieszkaBonislawska to /Game/StarterContent/Maps/UEDPIE_0_MainAgnieszkaBonislawska.MainAgnieszkaBonislawska (0.004421s)
[2021.01.25-13.46.47:051][179]LogLoad: Game class is 'GameModeBase'
[2021.01.25-13.46.47:053][179]PIE: Warning: Trying to simulate physics on ''/Game/StarterContent/Maps/UEDPIE_0_MainAgnieszkaBonislawska.MainAgnieszkaBonislawska:PersistentLevel.Maze_StaticMesh.StaticMeshComponent0'' but it has ComplexAsSimple collision.
[2021.01.25-13.46.47:053][179]LogWorld: Bringing World /Game/StarterContent/Maps/UEDPIE_0_MainAgnieszkaBonislawska.MainAgnieszkaBonislawska up for play (max tick rate 60) at 2021.01.25-14.46.47
[2021.01.25-13.46.47:053][179]LogWorld: Bringing up level for play took: 0.001111
[2021.01.25-13.46.47:055][179]LogLoad: Took 0.054119 seconds to LoadMap(/Game/StarterContent/Maps/UEDPIE_0_MainAgnieszkaBonislawska)
[2021.01.25-13.46.47:989][235]LogBlueprintUserMessages: [MainAgnieszkaBonislawska_C_26] Witaj w moim labiryncie! Sprawdźmy jak szybko z niego uciekniesz!
[2021.01.25-13.46.52:543][507]LogBlueprintUserMessages: [MainAgnieszkaBonislawska_C_26] Zwyciestwo
[2021.01.25-13.46.52:544][507]LogBlueprintUserMessages: [MainAgnieszkaBonislawska_C_26]  Bardzo dobrze! Przeszedłeś labirynt w 5,56 sekund!
[2021.01.25-13.46.57:542][807]LogNet: Browse: /Game/StarterContent/Maps/MainAgnieszkaBonislawska
[2021.01.25-13.46.57:543][807]LogLoad: LoadMap: /Game/StarterContent/Maps/MainAgnieszkaBonislawska
[2021.01.25-13.46.57:567][807]LogPlayLevel: Creating play world package: /Game/StarterContent/Maps/UEDPIE_0_MainAgnieszkaBonislawska
[2021.01.25-13.46.57:570][807]LogPlayLevel: PIE: StaticDuplicateObject took: (0.002765s)
[2021.01.25-13.46.57:571][807]LogAIModule: Creating AISystem for world MainAgnieszkaBonislawska
[2021.01.25-13.46.57:571][807]LogPlayLevel: PIE: World Init took: (0.000716s)
[2021.01.25-13.46.57:571][807]LogPlayLevel: PIE: Created PIE world by copying editor world from /Game/StarterContent/Maps/MainAgnieszkaBonislawska.MainAgnieszkaBonislawska to /Game/StarterContent/Maps/UEDPIE_0_MainAgnieszkaBonislawska.MainAgnieszkaBonislawska (0.003650s)
[2021.01.25-13.46.57:571][807]LogLoad: Game class is 'GameModeBase'
[2021.01.25-13.46.57:573][807]PIE: Warning: Trying to simulate physics on ''/Game/StarterContent/Maps/UEDPIE_0_MainAgnieszkaBonislawska.MainAgnieszkaBonislawska:PersistentLevel.Maze_StaticMesh.StaticMeshComponent0'' but it has ComplexAsSimple collision.
[2021.01.25-13.46.57:574][807]LogWorld: Bringing World /Game/StarterContent/Maps/UEDPIE_0_MainAgnieszkaBonislawska.MainAgnieszkaBonislawska up for play (max tick rate 60) at 2021.01.25-14.46.57
[2021.01.25-13.46.57:574][807]LogWorld: Bringing up level for play took: 0.001636
[2021.01.25-13.46.57:576][807]LogLoad: Took 0.033131 seconds to LoadMap(/Game/StarterContent/Maps/UEDPIE_0_MainAgnieszkaBonislawska)
[2021.01.25-13.46.58:542][865]LogBlueprintUserMessages: [MainAgnieszkaBonislawska_C_26] Witaj w moim labiryncie! Sprawdźmy jak szybko z niego uciekniesz!
[2021.01.25-13.47.27:782][617]LogNet: Browse: /Game/StarterContent/Maps/MainAgnieszkaBonislawska
[2021.01.25-13.47.27:782][617]LogLoad: LoadMap: /Game/StarterContent/Maps/MainAgnieszkaBonislawska
[2021.01.25-13.47.27:807][617]LogPlayLevel: Creating play world package: /Game/StarterContent/Maps/UEDPIE_0_MainAgnieszkaBonislawska
[2021.01.25-13.47.27:810][617]LogPlayLevel: PIE: StaticDuplicateObject took: (0.002718s)
[2021.01.25-13.47.27:810][617]LogAIModule: Creating AISystem for world MainAgnieszkaBonislawska
[2021.01.25-13.47.27:811][617]LogPlayLevel: PIE: World Init took: (0.000670s)
[2021.01.25-13.47.27:811][617]LogPlayLevel: PIE: Created PIE world by copying editor world from /Game/StarterContent/Maps/MainAgnieszkaBonislawska.MainAgnieszkaBonislawska to /Game/StarterContent/Maps/UEDPIE_0_MainAgnieszkaBonislawska.MainAgnieszkaBonislawska (0.003581s)
[2021.01.25-13.47.27:811][617]LogLoad: Game class is 'GameModeBase'
[2021.01.25-13.47.27:813][617]PIE: Warning: Trying to simulate physics on ''/Game/StarterContent/Maps/UEDPIE_0_MainAgnieszkaBonislawska.MainAgnieszkaBonislawska:PersistentLevel.Maze_StaticMesh.StaticMeshComponent0'' but it has ComplexAsSimple collision.
[2021.01.25-13.47.27:813][617]LogWorld: Bringing World /Game/StarterContent/Maps/UEDPIE_0_MainAgnieszkaBonislawska.MainAgnieszkaBonislawska up for play (max tick rate 60) at 2021.01.25-14.47.27
[2021.01.25-13.47.27:813][617]LogWorld: Bringing up level for play took: 0.001099
[2021.01.25-13.47.27:815][617]LogLoad: Took 0.032698 seconds to LoadMap(/Game/StarterContent/Maps/UEDPIE_0_MainAgnieszkaBonislawska)
[2021.01.25-13.47.28:770][674]LogBlueprintUserMessages: [MainAgnieszkaBonislawska_C_26] Witaj w moim labiryncie! Sprawdźmy jak szybko z niego uciekniesz!
[2021.01.25-13.47.35:156][ 57]LogNet: Browse: /Game/StarterContent/Maps/MainAgnieszkaBonislawska
[2021.01.25-13.47.35:156][ 57]LogLoad: LoadMap: /Game/StarterContent/Maps/MainAgnieszkaBonislawska
[2021.01.25-13.47.35:180][ 57]LogPlayLevel: Creating play world package: /Game/StarterContent/Maps/UEDPIE_0_MainAgnieszkaBonislawska
[2021.01.25-13.47.35:183][ 57]LogPlayLevel: PIE: StaticDuplicateObject took: (0.002741s)
[2021.01.25-13.47.35:183][ 57]LogAIModule: Creating AISystem for world MainAgnieszkaBonislawska
[2021.01.25-13.47.35:184][ 57]LogPlayLevel: PIE: World Init took: (0.000731s)
[2021.01.25-13.47.35:184][ 57]LogPlayLevel: PIE: Created PIE world by copying editor world from /Game/StarterContent/Maps/MainAgnieszkaBonislawska.MainAgnieszkaBonislawska to /Game/StarterContent/Maps/UEDPIE_0_MainAgnieszkaBonislawska.MainAgnieszkaBonislawska (0.003640s)
[2021.01.25-13.47.35:184][ 57]LogLoad: Game class is 'GameModeBase'
[2021.01.25-13.47.35:186][ 57]PIE: Warning: Trying to simulate physics on ''/Game/StarterContent/Maps/UEDPIE_0_MainAgnieszkaBonislawska.MainAgnieszkaBonislawska:PersistentLevel.Maze_StaticMesh.StaticMeshComponent0'' but it has ComplexAsSimple collision.
[2021.01.25-13.47.35:186][ 57]LogWorld: Bringing World /Game/StarterContent/Maps/UEDPIE_0_MainAgnieszkaBonislawska.MainAgnieszkaBonislawska up for play (max tick rate 60) at 2021.01.25-14.47.35
[2021.01.25-13.47.35:187][ 57]LogWorld: Bringing up level for play took: 0.001432
[2021.01.25-13.47.35:189][ 57]LogLoad: Took 0.032886 seconds to LoadMap(/Game/StarterContent/Maps/UEDPIE_0_MainAgnieszkaBonislawska)
[2021.01.25-13.47.35:908][100]LogBlueprintUserMessages: Early EndPlayMap Detection: Level '/Game/StarterContent/Maps/MainAgnieszkaBonislawska.MainAgnieszkaBonislawska:PersistentLevel' has LevelScriptBlueprint '/Game/StarterContent/Maps/MainAgnieszkaBonislawska.MainAgnieszkaBonislawska:PersistentLevel.MainAgnieszkaBonislawska' with GeneratedClass '/Game/StarterContent/Maps/MainAgnieszkaBonislawska.MainAgnieszkaBonislawska_C' with ClassGeneratedBy '/Game/StarterContent/Maps/MainAgnieszkaBonislawska.MainAgnieszkaBonislawska:PersistentLevel.MainAgnieszkaBonislawska'
[2021.01.25-13.47.35:909][100]LogSlate: Updating window title bar state: overlay mode, drag disabled, window buttons hidden, title bar hidden
[2021.01.25-13.47.35:950][100]LogPlayLevel: Display: Shutting down PIE online subsystems
[2021.01.25-13.47.35:951][100]LogBlueprintUserMessages: Late EndPlayMap Detection: Level '/Game/StarterContent/Maps/MainAgnieszkaBonislawska.MainAgnieszkaBonislawska:PersistentLevel' has LevelScriptBlueprint '/Game/StarterContent/Maps/MainAgnieszkaBonislawska.MainAgnieszkaBonislawska:PersistentLevel.MainAgnieszkaBonislawska' with GeneratedClass '/Game/StarterContent/Maps/MainAgnieszkaBonislawska.MainAgnieszkaBonislawska_C' with ClassGeneratedBy '/Game/StarterContent/Maps/MainAgnieszkaBonislawska.MainAgnieszkaBonislawska:PersistentLevel.MainAgnieszkaBonislawska'
[2021.01.25-13.47.35:983][100]LogSlate: Updating window title bar state: overlay mode, drag disabled, window buttons hidden, title bar hidden
[2021.01.25-13.47.36:062][101]LogPlayLevel: Display: Destroying online subsystem :Context_2
[2021.01.25-13.47.46:507][718]LogSlate: FSceneViewport::OnFocusLost() reason 0
[2021.01.25-13.47.47:290][765]LogEditorViewport: Clicking on Actor (LMB): StaticMeshActor (Maze_StaticMesh)
[2021.01.25-13.48.08:223][994]LogSlate: FSceneViewport::OnFocusLost() reason 0
[2021.01.25-13.48.12:822][268]LogSlate: FSceneViewport::OnFocusLost() reason 0
[2021.01.25-13.48.12:922][274]LogTemp: Repeating last play command: Selected Viewport
[2021.01.25-13.48.12:934][274]LogBlueprintUserMessages: Early PlayInEditor Detection: Level '/Game/StarterContent/Maps/MainAgnieszkaBonislawska.MainAgnieszkaBonislawska:PersistentLevel' has LevelScriptBlueprint '/Game/StarterContent/Maps/MainAgnieszkaBonislawska.MainAgnieszkaBonislawska:PersistentLevel.MainAgnieszkaBonislawska' with GeneratedClass '/Game/StarterContent/Maps/MainAgnieszkaBonislawska.MainAgnieszkaBonislawska_C' with ClassGeneratedBy '/Game/StarterContent/Maps/MainAgnieszkaBonislawska.MainAgnieszkaBonislawska:PersistentLevel.MainAgnieszkaBonislawska'
[2021.01.25-13.48.12:935][274]LogPlayLevel: PlayLevel: No blueprints needed recompiling
[2021.01.25-13.48.12:935][274]PIE: New page: PIE session: MainAgnieszkaBonislawska (25 sty 2021, 15:48:12)
[2021.01.25-13.48.12:935][274]LogPlayLevel: Creating play world package: /Game/StarterContent/Maps/UEDPIE_0_MainAgnieszkaBonislawska
[2021.01.25-13.48.12:938][274]LogPlayLevel: PIE: StaticDuplicateObject took: (0.002851s)
[2021.01.25-13.48.12:938][274]LogAIModule: Creating AISystem for world MainAgnieszkaBonislawska
[2021.01.25-13.48.12:938][274]LogPlayLevel: PIE: World Init took: (0.000698s)
[2021.01.25-13.48.12:938][274]LogPlayLevel: PIE: Created PIE world by copying editor world from /Game/StarterContent/Maps/MainAgnieszkaBonislawska.MainAgnieszkaBonislawska to /Game/StarterContent/Maps/UEDPIE_0_MainAgnieszkaBonislawska.MainAgnieszkaBonislawska (0.003671s)
[2021.01.25-13.48.12:968][274]LogInit: XAudio2 using 'Głośniki / Słuchawki (Realtek Audio)' : 2 channels at 48 kHz using 32 bits per sample (channel mask 0x3)
[2021.01.25-13.48.13:062][274]LogInit: FAudioDevice initialized.
[2021.01.25-13.48.13:094][274]LogLoad: Game class is 'GameModeBase'
[2021.01.25-13.48.13:095][274]PIE: Warning: Trying to simulate physics on ''/Game/StarterContent/Maps/UEDPIE_0_MainAgnieszkaBonislawska.MainAgnieszkaBonislawska:PersistentLevel.Maze_StaticMesh.StaticMeshComponent0'' but it has ComplexAsSimple collision.
[2021.01.25-13.48.13:095][274]LogWorld: Bringing World /Game/StarterContent/Maps/UEDPIE_0_MainAgnieszkaBonislawska.MainAgnieszkaBonislawska up for play (max tick rate 60) at 2021.01.25-14.48.13
[2021.01.25-13.48.13:096][274]LogWorld: Bringing up level for play took: 0.000874
[2021.01.25-13.48.13:108][274]PIE: Play in editor start time for /Game/StarterContent/Maps/UEDPIE_0_MainAgnieszkaBonislawska 0,583
[2021.01.25-13.48.13:108][274]LogBlueprintUserMessages: Late PlayInEditor Detection: Level '/Game/StarterContent/Maps/MainAgnieszkaBonislawska.MainAgnieszkaBonislawska:PersistentLevel' has LevelScriptBlueprint '/Game/StarterContent/Maps/MainAgnieszkaBonislawska.MainAgnieszkaBonislawska:PersistentLevel.MainAgnieszkaBonislawska' with GeneratedClass '/Game/StarterContent/Maps/MainAgnieszkaBonislawska.MainAgnieszkaBonislawska_C' with ClassGeneratedBy '/Game/StarterContent/Maps/MainAgnieszkaBonislawska.MainAgnieszkaBonislawska:PersistentLevel.MainAgnieszkaBonislawska'
[2021.01.25-13.48.13:911][317]LogBlueprintUserMessages: [MainAgnieszkaBonislawska_C_26] Witaj w moim labiryncie! Sprawdźmy jak szybko z niego uciekniesz!
[2021.01.25-13.48.14:896][376]LogBlueprintUserMessages: Early EndPlayMap Detection: Level '/Game/StarterContent/Maps/MainAgnieszkaBonislawska.MainAgnieszkaBonislawska:PersistentLevel' has LevelScriptBlueprint '/Game/StarterContent/Maps/MainAgnieszkaBonislawska.MainAgnieszkaBonislawska:PersistentLevel.MainAgnieszkaBonislawska' with GeneratedClass '/Game/StarterContent/Maps/MainAgnieszkaBonislawska.MainAgnieszkaBonislawska_C' with ClassGeneratedBy '/Game/StarterContent/Maps/MainAgnieszkaBonislawska.MainAgnieszkaBonislawska:PersistentLevel.MainAgnieszkaBonislawska'
[2021.01.25-13.48.14:896][376]LogSlate: Updating window title bar state: overlay mode, drag disabled, window buttons hidden, title bar hidden
[2021.01.25-13.48.14:927][376]LogPlayLevel: Display: Shutting down PIE online subsystems
[2021.01.25-13.48.14:927][376]LogBlueprintUserMessages: Late EndPlayMap Detection: Level '/Game/StarterContent/Maps/MainAgnieszkaBonislawska.MainAgnieszkaBonislawska:PersistentLevel' has LevelScriptBlueprint '/Game/StarterContent/Maps/MainAgnieszkaBonislawska.MainAgnieszkaBonislawska:PersistentLevel.MainAgnieszkaBonislawska' with GeneratedClass '/Game/StarterContent/Maps/MainAgnieszkaBonislawska.MainAgnieszkaBonislawska_C' with ClassGeneratedBy '/Game/StarterContent/Maps/MainAgnieszkaBonislawska.MainAgnieszkaBonislawska:PersistentLevel.MainAgnieszkaBonislawska'
[2021.01.25-13.48.14:953][376]LogSlate: Updating window title bar state: overlay mode, drag disabled, window buttons hidden, title bar hidden
[2021.01.25-13.48.14:993][378]LogPlayLevel: Display: Destroying online subsystem :Context_4
[2021.01.25-13.48.18:607][593]LogEditorActor: Deleted Actor: BP_Sky_Sphere_C
[2021.01.25-13.48.18:632][593]LogEditorActor: Deleted 1 Actors (0.035 secs)
[2021.01.25-13.48.20:044][678]LogTemp: Repeating last play command: Selected Viewport
[2021.01.25-13.48.20:057][678]LogBlueprintUserMessages: Early PlayInEditor Detection: Level '/Game/StarterContent/Maps/MainAgnieszkaBonislawska.MainAgnieszkaBonislawska:PersistentLevel' has LevelScriptBlueprint '/Game/StarterContent/Maps/MainAgnieszkaBonislawska.MainAgnieszkaBonislawska:PersistentLevel.MainAgnieszkaBonislawska' with GeneratedClass '/Game/StarterContent/Maps/MainAgnieszkaBonislawska.MainAgnieszkaBonislawska_C' with ClassGeneratedBy '/Game/StarterContent/Maps/MainAgnieszkaBonislawska.MainAgnieszkaBonislawska:PersistentLevel.MainAgnieszkaBonislawska'
[2021.01.25-13.48.20:057][678]LogPlayLevel: PlayLevel: No blueprints needed recompiling
[2021.01.25-13.48.20:057][678]PIE: New page: PIE session: MainAgnieszkaBonislawska (25 sty 2021, 15:48:20)
[2021.01.25-13.48.20:057][678]LogPlayLevel: Creating play world package: /Game/StarterContent/Maps/UEDPIE_0_MainAgnieszkaBonislawska
[2021.01.25-13.48.20:060][678]LogPlayLevel: PIE: StaticDuplicateObject took: (0.002466s)
[2021.01.25-13.48.20:060][678]LogAIModule: Creating AISystem for world MainAgnieszkaBonislawska
[2021.01.25-13.48.20:060][678]LogPlayLevel: PIE: World Init took: (0.000661s)
[2021.01.25-13.48.20:060][678]LogPlayLevel: PIE: Created PIE world by copying editor world from /Game/StarterContent/Maps/MainAgnieszkaBonislawska.MainAgnieszkaBonislawska to /Game/StarterContent/Maps/UEDPIE_0_MainAgnieszkaBonislawska.MainAgnieszkaBonislawska (0.003238s)
[2021.01.25-13.48.20:089][678]LogInit: XAudio2 using 'Głośniki / Słuchawki (Realtek Audio)' : 2 channels at 48 kHz using 32 bits per sample (channel mask 0x3)
[2021.01.25-13.48.20:191][678]LogInit: FAudioDevice initialized.
[2021.01.25-13.48.20:222][678]LogLoad: Game class is 'GameModeBase'
[2021.01.25-13.48.20:223][678]PIE: Warning: Trying to simulate physics on ''/Game/StarterContent/Maps/UEDPIE_0_MainAgnieszkaBonislawska.MainAgnieszkaBonislawska:PersistentLevel.Maze_StaticMesh.StaticMeshComponent0'' but it has ComplexAsSimple collision.
[2021.01.25-13.48.20:223][678]LogWorld: Bringing World /Game/StarterContent/Maps/UEDPIE_0_MainAgnieszkaBonislawska.MainAgnieszkaBonislawska up for play (max tick rate 60) at 2021.01.25-14.48.20
[2021.01.25-13.48.20:224][678]LogWorld: Bringing up level for play took: 0.000861
[2021.01.25-13.48.20:237][678]PIE: Play in editor start time for /Game/StarterContent/Maps/UEDPIE_0_MainAgnieszkaBonislawska -0,288
[2021.01.25-13.48.20:237][678]LogBlueprintUserMessages: Late PlayInEditor Detection: Level '/Game/StarterContent/Maps/MainAgnieszkaBonislawska.MainAgnieszkaBonislawska:PersistentLevel' has LevelScriptBlueprint '/Game/StarterContent/Maps/MainAgnieszkaBonislawska.MainAgnieszkaBonislawska:PersistentLevel.MainAgnieszkaBonislawska' with GeneratedClass '/Game/StarterContent/Maps/MainAgnieszkaBonislawska.MainAgnieszkaBonislawska_C' with ClassGeneratedBy '/Game/StarterContent/Maps/MainAgnieszkaBonislawska.MainAgnieszkaBonislawska:PersistentLevel.MainAgnieszkaBonislawska'
[2021.01.25-13.48.21:041][718]LogBlueprintUserMessages: [MainAgnieszkaBonislawska_C_26] Witaj w moim labiryncie! Sprawdźmy jak szybko z niego uciekniesz!
[2021.01.25-13.48.33:048][436]LogBlueprintUserMessages: [MainAgnieszkaBonislawska_C_26] Zwyciestwo
[2021.01.25-13.48.33:048][436]LogBlueprintUserMessages: [MainAgnieszkaBonislawska_C_26]  Bardzo dobrze! Przeszedłeś labirynt w 13,02 sekund!
[2021.01.25-13.48.38:055][736]LogNet: Browse: /Game/StarterContent/Maps/MainAgnieszkaBonislawska
[2021.01.25-13.48.38:055][736]LogLoad: LoadMap: /Game/StarterContent/Maps/MainAgnieszkaBonislawska
[2021.01.25-13.48.38:080][736]LogPlayLevel: Creating play world package: /Game/StarterContent/Maps/UEDPIE_0_MainAgnieszkaBonislawska
[2021.01.25-13.48.38:083][736]LogPlayLevel: PIE: StaticDuplicateObject took: (0.002508s)
[2021.01.25-13.48.38:083][736]LogAIModule: Creating AISystem for world MainAgnieszkaBonislawska
[2021.01.25-13.48.38:084][736]LogPlayLevel: PIE: World Init took: (0.000749s)
[2021.01.25-13.48.38:084][736]LogPlayLevel: PIE: Created PIE world by copying editor world from /Game/StarterContent/Maps/MainAgnieszkaBonislawska.MainAgnieszkaBonislawska to /Game/StarterContent/Maps/UEDPIE_0_MainAgnieszkaBonislawska.MainAgnieszkaBonislawska (0.003420s)
[2021.01.25-13.48.38:084][736]LogLoad: Game class is 'GameModeBase'
[2021.01.25-13.48.38:085][736]PIE: Warning: Trying to simulate physics on ''/Game/StarterContent/Maps/UEDPIE_0_MainAgnieszkaBonislawska.MainAgnieszkaBonislawska:PersistentLevel.Maze_StaticMesh.StaticMeshComponent0'' but it has ComplexAsSimple collision.
[2021.01.25-13.48.38:086][736]LogWorld: Bringing World /Game/StarterContent/Maps/UEDPIE_0_MainAgnieszkaBonislawska.MainAgnieszkaBonislawska up for play (max tick rate 60) at 2021.01.25-14.48.38
[2021.01.25-13.48.38:086][736]LogWorld: Bringing up level for play took: 0.001641
[2021.01.25-13.48.38:088][736]LogLoad: Took 0.032685 seconds to LoadMap(/Game/StarterContent/Maps/UEDPIE_0_MainAgnieszkaBonislawska)
[2021.01.25-13.48.39:041][793]LogBlueprintUserMessages: [MainAgnieszkaBonislawska_C_26] Witaj w moim labiryncie! Sprawdźmy jak szybko z niego uciekniesz!
[2021.01.25-13.49.10:829][698]LogBlueprintUserMessages: Early EndPlayMap Detection: Level '/Game/StarterContent/Maps/MainAgnieszkaBonislawska.MainAgnieszkaBonislawska:PersistentLevel' has LevelScriptBlueprint '/Game/StarterContent/Maps/MainAgnieszkaBonislawska.MainAgnieszkaBonislawska:PersistentLevel.MainAgnieszkaBonislawska' with GeneratedClass '/Game/StarterContent/Maps/MainAgnieszkaBonislawska.MainAgnieszkaBonislawska_C' with ClassGeneratedBy '/Game/StarterContent/Maps/MainAgnieszkaBonislawska.MainAgnieszkaBonislawska:PersistentLevel.MainAgnieszkaBonislawska'
[2021.01.25-13.49.10:829][698]LogSlate: Updating window title bar state: overlay mode, drag disabled, window buttons hidden, title bar hidden
[2021.01.25-13.49.10:871][698]LogPlayLevel: Display: Shutting down PIE online subsystems
[2021.01.25-13.49.10:871][698]LogBlueprintUserMessages: Late EndPlayMap Detection: Level '/Game/StarterContent/Maps/MainAgnieszkaBonislawska.MainAgnieszkaBonislawska:PersistentLevel' has LevelScriptBlueprint '/Game/StarterContent/Maps/MainAgnieszkaBonislawska.MainAgnieszkaBonislawska:PersistentLevel.MainAgnieszkaBonislawska' with GeneratedClass '/Game/StarterContent/Maps/MainAgnieszkaBonislawska.MainAgnieszkaBonislawska_C' with ClassGeneratedBy '/Game/StarterContent/Maps/MainAgnieszkaBonislawska.MainAgnieszkaBonislawska:PersistentLevel.MainAgnieszkaBonislawska'
[2021.01.25-13.49.10:902][698]LogSlate: Updating window title bar state: overlay mode, drag disabled, window buttons hidden, title bar hidden
[2021.01.25-13.49.10:979][699]LogPlayLevel: Display: Destroying online subsystem :Context_5
[2021.01.25-13.49.13:438][841]Cmd: TRANSACTION UNDO
[2021.01.25-13.49.13:438][841]LogEditorTransaction: Undo Delete selection
[2021.01.25-13.49.13:464][841]LogSlate: Took 0.000279 seconds to synchronously load lazily loaded font '../../../Engine/Content/Slate/Fonts/Roboto-Light.ttf' (167K)
[2021.01.25-13.49.15:366][952]LogSlate: FSceneViewport::OnFocusLost() reason 2
[2021.01.25-13.49.20:303][241]LogSlate: FSceneViewport::OnFocusLost() reason 2
[2021.01.25-13.49.20:311][241]LogAssetEditorManager: Opening Asset editor for LevelScriptBlueprint /Game/StarterContent/Maps/MainAgnieszkaBonislawska.MainAgnieszkaBonislawska:PersistentLevel.MainAgnieszkaBonislawska
[2021.01.25-13.49.21:000][241]LogContentBrowser: Native class hierarchy updated for 'BlueprintGraph' in 0.0006 seconds. Added 116 classes and 0 folders.
[2021.01.25-13.49.21:872][241]LogSlate: Took 0.003572 seconds to synchronously load lazily loaded font '../../../Engine/Content/Slate/Fonts/Roboto-BoldCondensed.ttf' (158K)
[2021.01.25-13.49.22:056][242]LogSlate: Took 0.003633 seconds to synchronously load lazily loaded font '../../../Engine/Content/Slate/Fonts/Roboto-Italic.ttf' (157K)
[2021.01.25-13.54.58:645][206]LogSlate: Window 'Save Content' being destroyed
[2021.01.25-13.54.58:720][206]LogSlate: Window 'MazeGame - Unreal Editor' being destroyed
[2021.01.25-13.54.59:008][207]Cmd: QUIT_EDITOR
[2021.01.25-13.54.59:302][207]LogWindowsTextInputMethodSystem: Display: IME system now deactivated.
[2021.01.25-13.54.59:320][207]LogExit: Preparing to exit.
[2021.01.25-13.55.00:040][207]LogExit: Editor shut down
[2021.01.25-13.55.00:041][207]LogExit: Transaction tracking system shut down
[2021.01.25-13.55.00:449][207]LogExit: Object subsystem successfully closed.
[2021.01.25-13.55.00:490][207]LogShaderCompilers: Display: Shaders left to compile 0
[2021.01.25-13.55.00:495][207]LogD3D11RHI: Shutdown
[2021.01.25-13.55.00:495][207]LogD3D11RHI: CleanupD3DDevice
[2021.01.25-13.55.00:508][207]LogD3D11RHI: ~FD3D11DynamicRHI
[2021.01.25-13.55.00:564][207]LogModuleManager: Shutting down and abandoning module BlueprintGraph (616)
[2021.01.25-13.55.00:564][207]LogModuleManager: Shutting down and abandoning module MovieSceneCapture (614)
[2021.01.25-13.55.00:564][207]LogModuleManager: Shutting down and abandoning module Voice (612)
[2021.01.25-13.55.00:564][207]LogModuleManager: Shutting down and abandoning module HierarchicalLODOutliner (610)
[2021.01.25-13.55.00:564][207]LogModuleManager: Shutting down and abandoning module SceneOutliner (608)
[2021.01.25-13.55.00:564][207]LogModuleManager: Shutting down and abandoning module AddContentDialog (606)
[2021.01.25-13.55.00:566][207]LogModuleManager: Shutting down and abandoning module WidgetCarousel (605)
[2021.01.25-13.55.00:566][207]LogModuleManager: Shutting down and abandoning module EditorWidgets (602)
[2021.01.25-13.55.00:566][207]LogModuleManager: Shutting down and abandoning module CollectionManager (600)
[2021.01.25-13.55.00:566][207]LogModuleManager: Shutting down and abandoning module StatsViewer (598)
[2021.01.25-13.55.00:568][207]LogModuleManager: Shutting down and abandoning module FoliageEdit (596)
[2021.01.25-13.55.00:568][207]LogModuleManager: Shutting down and abandoning module LandscapeEditor (594)
[2021.01.25-13.55.00:570][207]LogModuleManager: Shutting down and abandoning module MeshPaintMode (592)
[2021.01.25-13.55.00:570][207]LogModuleManager: Shutting down and abandoning module SceneDepthPickerMode (590)
[2021.01.25-13.55.00:570][207]LogModuleManager: Shutting down and abandoning module ActorPickerMode (588)
[2021.01.25-13.55.00:570][207]LogModuleManager: Shutting down and abandoning module GeometryMode (586)
[2021.01.25-13.55.00:570][207]LogModuleManager: Shutting down and abandoning module TextureAlignMode (584)
[2021.01.25-13.55.00:570][207]LogModuleManager: Shutting down and abandoning module BspMode (582)
[2021.01.25-13.55.00:570][207]LogModuleManager: Shutting down and abandoning module PIEPreviewDeviceProfileSelector (580)
[2021.01.25-13.55.00:572][207]LogModuleManager: Shutting down and abandoning module SequenceRecorderSections (578)
[2021.01.25-13.55.00:572][207]LogModuleManager: Shutting down and abandoning module AutomationWorker (576)
[2021.01.25-13.55.00:572][207]LogModuleManager: Shutting down and abandoning module AudioCaptureEditor (574)
[2021.01.25-13.55.00:572][207]LogModuleManager: Shutting down and abandoning module SequenceRecorder (573)
[2021.01.25-13.55.00:572][207]LogModuleManager: Shutting down and abandoning module MatineeToLevelSequence (570)
[2021.01.25-13.55.00:572][207]LogModuleManager: Shutting down and abandoning module LevelSequenceEditor (568)
[2021.01.25-13.55.00:572][207]LogModuleManager: Shutting down and abandoning module PlacementMode (567)
[2021.01.25-13.55.00:572][207]LogModuleManager: Shutting down and abandoning module MaterialEditor (566)
[2021.01.25-13.55.00:576][207]LogModuleManager: Shutting down and abandoning module WmfMediaFactory (562)
[2021.01.25-13.55.00:576][207]LogModuleManager: Shutting down and abandoning module WmfMediaEditor (560)
[2021.01.25-13.55.00:576][207]LogModuleManager: Shutting down and abandoning module MediaPlayerEditor (558)
[2021.01.25-13.55.00:576][207]LogModuleManager: Shutting down and abandoning module OpenExrWrapper (556)
[2021.01.25-13.55.00:576][207]LogModuleManager: Shutting down and abandoning module ImgMediaFactory (554)
[2021.01.25-13.55.00:576][207]LogModuleManager: Shutting down and abandoning module ImgMediaEditor (552)
[2021.01.25-13.55.00:576][207]LogModuleManager: Shutting down and abandoning module AvfMediaFactory (550)
[2021.01.25-13.55.00:576][207]LogModuleManager: Shutting down and abandoning module AvfMediaEditor (548)
[2021.01.25-13.55.00:576][207]LogModuleManager: Shutting down and abandoning module AndroidMediaFactory (546)
[2021.01.25-13.55.00:576][207]LogModuleManager: Shutting down and abandoning module AndroidMediaEditor (544)
[2021.01.25-13.55.00:576][207]LogModuleManager: Shutting down and abandoning module MagicLeapCameraPreviewFactory (542)
[2021.01.25-13.55.00:576][207]LogModuleManager: Shutting down and abandoning module MagicLeapMediaFactory (540)
[2021.01.25-13.55.00:576][207]LogModuleManager: Shutting down and abandoning module MagicLeapMediaEditor (538)
[2021.01.25-13.55.00:576][207]LogModuleManager: Shutting down and abandoning module CharacterAI (536)
[2021.01.25-13.55.00:576][207]LogModuleManager: Shutting down and abandoning module SmartSnapping (534)
[2021.01.25-13.55.00:576][207]LogModuleManager: Shutting down and abandoning module SessionServices (532)
[2021.01.25-13.55.00:576][207]LogModuleManager: Shutting down and abandoning module ViewportSnapping (530)
[2021.01.25-13.55.00:576][207]LogModuleManager: Shutting down and abandoning module ViewportInteraction (528)
[2021.01.25-13.55.00:576][207]LogModuleManager: Shutting down and abandoning module ClothPainter (526)
[2021.01.25-13.55.00:580][207]LogModuleManager: Shutting down and abandoning module SkeletalMeshEditor (525)
[2021.01.25-13.55.00:580][207]LogModuleManager: Shutting down and abandoning module LogVisualizer (522)
[2021.01.25-13.55.00:580][207]LogModuleManager: Shutting down and abandoning module IntroTutorials (520)
[2021.01.25-13.55.00:581][207]LogModuleManager: Shutting down and abandoning module GameProjectGeneration (519)
[2021.01.25-13.55.00:583][207]LogModuleManager: Shutting down and abandoning module LuminPlatformEditor (516)
[2021.01.25-13.55.00:583][207]LogModuleManager: Shutting down and abandoning module IOSPlatformEditor (514)
[2021.01.25-13.55.00:584][207]LogModuleManager: Shutting down and abandoning module HTML5PlatformEditor (512)
[2021.01.25-13.55.00:584][207]LogModuleManager: Shutting down and abandoning module AndroidPlatformEditor (510)
[2021.01.25-13.55.00:584][207]LogModuleManager: Shutting down and abandoning module AndroidDeviceDetection (509)
[2021.01.25-13.55.01:414][207]LogModuleManager: Shutting down and abandoning module WindowsPlatformEditor (506)
[2021.01.25-13.55.01:415][207]LogModuleManager: Shutting down and abandoning module LuminRuntimeSettings (504)
[2021.01.25-13.55.01:415][207]LogModuleManager: Shutting down and abandoning module IOSRuntimeSettings (502)
[2021.01.25-13.55.01:415][207]LogModuleManager: Shutting down and abandoning module AndroidRuntimeSettings (500)
[2021.01.25-13.55.01:415][207]LogModuleManager: Shutting down and abandoning module InputBindingEditor (498)
[2021.01.25-13.55.01:415][207]LogModuleManager: Shutting down and abandoning module MergeActors (496)
[2021.01.25-13.55.01:415][207]LogModuleManager: Shutting down and abandoning module LocalizationDashboard (494)
[2021.01.25-13.55.01:416][207]LogModuleManager: Shutting down and abandoning module LocalizationService (493)
[2021.01.25-13.55.01:416][207]LogModuleManager: Shutting down and abandoning module HardwareTargeting (490)
[2021.01.25-13.55.01:416][207]LogModuleManager: Shutting down and abandoning module DeviceProfileEditor (488)
[2021.01.25-13.55.01:416][207]LogModuleManager: Shutting down and abandoning module UndoHistory (486)
[2021.01.25-13.55.01:418][207]LogModuleManager: Shutting down and abandoning module XmlParser (484)
[2021.01.25-13.55.01:418][207]LogModuleManager: Shutting down and abandoning module Blutility (482)
[2021.01.25-13.55.01:418][207]LogModuleManager: Shutting down and abandoning module ProjectSettingsViewer (480)
[2021.01.25-13.55.01:418][207]LogModuleManager: Shutting down and abandoning module ProjectTargetPlatformEditor (479)
[2021.01.25-13.55.01:418][207]LogModuleManager: Shutting down and abandoning module EditorSettingsViewer (476)
[2021.01.25-13.55.01:418][207]LogModuleManager: Shutting down and abandoning module SettingsEditor (474)
[2021.01.25-13.55.01:419][207]LogModuleManager: Shutting down and abandoning module ProjectLauncher (472)
[2021.01.25-13.55.01:419][207]LogModuleManager: Shutting down and abandoning module SessionFrontend (470)
[2021.01.25-13.55.01:420][207]LogModuleManager: Shutting down and abandoning module ProfilerClient (468)
[2021.01.25-13.55.01:420][207]LogModuleManager: Shutting down and abandoning module DeviceManager (466)
[2021.01.25-13.55.01:421][207]LogModuleManager: Shutting down and abandoning module TargetDeviceServices (465)
[2021.01.25-13.55.01:475][207]LogModuleManager: Shutting down and abandoning module AutomationController (462)
[2021.01.25-13.55.01:477][207]LogModuleManager: Shutting down and abandoning module AutomationWindow (460)
[2021.01.25-13.55.01:479][207]LogModuleManager: Shutting down and abandoning module Layers (458)
[2021.01.25-13.55.01:479][207]LogModuleManager: Shutting down and abandoning module ComponentVisualizers (456)
[2021.01.25-13.55.01:479][207]LogModuleManager: Shutting down and abandoning module DetailCustomizations (454)
[2021.01.25-13.55.01:480][207]LogModuleManager: Shutting down and abandoning module PackagesDialog (452)
[2021.01.25-13.55.01:480][207]LogModuleManager: Shutting down and abandoning module Persona (450)
[2021.01.25-13.55.01:481][207]LogModuleManager: Shutting down and abandoning module AdvancedPreviewScene (449)
[2021.01.25-13.55.01:481][207]LogModuleManager: Shutting down and abandoning module AnimGraph (447)
[2021.01.25-13.55.01:482][207]LogModuleManager: Shutting down and abandoning module Kismet (444)
[2021.01.25-13.55.01:488][207]LogModuleManager: Shutting down and abandoning module GraphEditor (442)
[2021.01.25-13.55.01:488][207]LogModuleManager: Shutting down and abandoning module ClassViewer (440)
[2021.01.25-13.55.01:488][207]LogModuleManager: Shutting down and abandoning module Toolbox (438)
[2021.01.25-13.55.01:488][207]LogModuleManager: Shutting down and abandoning module ModuleUI (436)
[2021.01.25-13.55.01:489][207]LogModuleManager: Shutting down and abandoning module MovieSceneTools (434)
[2021.01.25-13.55.01:491][207]LogModuleManager: Shutting down and abandoning module OutputLog (432)
[2021.01.25-13.55.01:491][207]LogModuleManager: Shutting down and abandoning module GammaUI (430)
[2021.01.25-13.55.01:491][207]LogModuleManager: Shutting down and abandoning module Documentation (428)
[2021.01.25-13.55.01:492][207]LogModuleManager: Shutting down and abandoning module MovieSceneTracks (426)
[2021.01.25-13.55.01:492][207]LogModuleManager: Shutting down and abandoning module MovieScene (424)
[2021.01.25-13.55.01:492][207]LogModuleManager: Shutting down and abandoning module StreamingPauseRendering (422)
[2021.01.25-13.55.01:493][207]LogModuleManager: Shutting down and abandoning module LauncherPlatform (420)
[2021.01.25-13.55.01:493][207]LogModuleManager: Shutting down and abandoning module AnalyticsET (418)
[2021.01.25-13.55.01:493][207]LogModuleManager: Shutting down and abandoning module PortalServices (416)
[2021.01.25-13.55.01:493][207]LogModuleManager: Shutting down and abandoning module PortalRpc (414)
[2021.01.25-13.55.01:493][207]LogModuleManager: Shutting down and abandoning module MessagingRpc (412)
[2021.01.25-13.55.01:493][207]LogModuleManager: Shutting down and abandoning module AIModule (410)
[2021.01.25-13.55.01:494][207]LogModuleManager: Shutting down and abandoning module GameplayDebugger (409)
[2021.01.25-13.55.01:495][207]LogModuleManager: Shutting down and abandoning module AITestSuite (407)
[2021.01.25-13.55.01:496][207]LogModuleManager: Shutting down and abandoning module NavigationSystem (405)
[2021.01.25-13.55.01:496][207]LogModuleManager: Shutting down and abandoning module DesktopPlatform (402)
[2021.01.25-13.55.01:496][207]LogModuleManager: Shutting down and abandoning module ProfilerService (400)
[2021.01.25-13.55.01:690][207]LogModuleManager: Shutting down and abandoning module TaskGraph (398)
[2021.01.25-13.55.01:690][207]LogModuleManager: Shutting down and abandoning module SteamVRController (396)
[2021.01.25-13.55.01:690][207]LogModuleManager: Shutting down and abandoning module ProceduralMeshComponentEditor (394)
[2021.01.25-13.55.01:690][207]LogModuleManager: Shutting down and abandoning module ProceduralMeshComponent (392)
[2021.01.25-13.55.01:692][207]LogModuleManager: Shutting down and abandoning module OculusInput (390)
[2021.01.25-13.55.01:692][207]LogModuleManager: Shutting down and abandoning module MobilePatchingUtils (388)
[2021.01.25-13.55.01:692][207]LogModuleManager: Shutting down and abandoning module EditableMesh (386)
[2021.01.25-13.55.01:692][207]LogModuleManager: Shutting down and abandoning module CustomMeshComponent (384)
[2021.01.25-13.55.01:692][207]LogModuleManager: Shutting down and abandoning module CableComponent (382)
[2021.01.25-13.55.01:692][207]LogModuleManager: Shutting down and abandoning module AudioCapture (380)
[2021.01.25-13.55.01:692][207]LogModuleManager: Shutting down and abandoning module ArchVisCharacter (378)
[2021.01.25-13.55.01:692][207]LogModuleManager: Shutting down and abandoning module AndroidPermission (376)
[2021.01.25-13.55.01:692][207]LogModuleManager: Shutting down and abandoning module NUTUnrealEngine4 (374)
[2021.01.25-13.55.01:692][207]LogModuleManager: Shutting down and abandoning module NetcodeUnitTest (372)
[2021.01.25-13.55.01:699][207]LogModuleManager: Shutting down and abandoning module MediaCompositingEditor (370)
[2021.01.25-13.55.01:699][207]LogModuleManager: Shutting down and abandoning module MediaCompositing (368)
[2021.01.25-13.55.01:699][207]LogModuleManager: Shutting down and abandoning module LinearTimecode (366)
[2021.01.25-13.55.01:699][207]LogModuleManager: Shutting down and abandoning module ImgMedia (364)
[2021.01.25-13.55.01:704][207]LogModuleManager: Shutting down and abandoning module HTML5Networking (362)
[2021.01.25-13.55.01:704][207]LogModuleManager: Shutting down and abandoning module GeometryCacheTracks (360)
[2021.01.25-13.55.01:704][207]LogModuleManager: Shutting down and abandoning module GeometryCacheSequencer (358)
[2021.01.25-13.55.01:704][207]LogModuleManager: Shutting down and abandoning module BackChannel (356)
[2021.01.25-13.55.01:704][207]LogModuleManager: Shutting down and abandoning module AppleVision (354)
[2021.01.25-13.55.01:704][207]LogModuleManager: Shutting down and abandoning module AppleImageUtils (352)
[2021.01.25-13.55.01:704][207]LogModuleManager: Shutting down and abandoning module AlembicImporter (350)
[2021.01.25-13.55.01:704][207]LogModuleManager: Shutting down and abandoning module AlembicLibrary (349)
[2021.01.25-13.55.01:704][207]LogModuleManager: Shutting down and abandoning module GeometryCache (348)
[2021.01.25-13.55.01:704][207]LogModuleManager: Shutting down and abandoning module GeometryCacheEd (347)
[2021.01.25-13.55.01:704][207]LogModuleManager: Shutting down and abandoning module DatasmithContentEditor (342)
[2021.01.25-13.55.01:704][207]LogModuleManager: Shutting down and abandoning module DatasmithContent (340)
[2021.01.25-13.55.01:705][207]LogModuleManager: Shutting down and abandoning module SpeedTreeImporter (338)
[2021.01.25-13.55.01:705][207]LogModuleManager: Shutting down and abandoning module PluginBrowser (336)
[2021.01.25-13.55.01:705][207]LogModuleManager: Shutting down and abandoning module MobileLauncherProfileWizard (334)
[2021.01.25-13.55.01:705][207]LogModuleManager: Shutting down and abandoning module PolygonModeling (332)
[2021.01.25-13.55.01:705][207]LogModuleManager: Shutting down and abandoning module MeshEditor (330)
[2021.01.25-13.55.01:705][207]LogModuleManager: Shutting down and abandoning module CryptoKeysOpenSSL (328)
[2021.01.25-13.55.01:705][207]LogModuleManager: Shutting down and abandoning module CryptoKeys (326)
[2021.01.25-13.55.01:706][207]LogModuleManager: Shutting down and abandoning module VisualStudioSourceCodeAccess (324)
[2021.01.25-13.55.01:706][207]LogModuleManager: Shutting down and abandoning module VisualStudioCodeSourceCodeAccess (322)
[2021.01.25-13.55.01:706][207]LogModuleManager: Shutting down and abandoning module UObjectPlugin (320)
[2021.01.25-13.55.01:706][207]LogModuleManager: Shutting down and abandoning module SubversionSourceControl (318)
[2021.01.25-13.55.01:706][207]LogModuleManager: Shutting down and abandoning module PerforceSourceControl (316)
[2021.01.25-13.55.01:706][207]LogModuleManager: Shutting down and abandoning module GitSourceControl (314)
[2021.01.25-13.55.01:706][207]LogModuleManager: Shutting down and abandoning module SourceControl (313)
[2021.01.25-13.55.01:707][207]LogModuleManager: Shutting down and abandoning module CLionSourceCodeAccess (310)
[2021.01.25-13.55.01:707][207]LogModuleManager: Shutting down and abandoning module LightPropagationVolumeEditor (308)
[2021.01.25-13.55.01:707][207]LogModuleManager: Shutting down and abandoning module PaperTiledImporter (306)
[2021.01.25-13.55.01:707][207]LogModuleManager: Shutting down and abandoning module PaperSpriteSheetImporter (304)
[2021.01.25-13.55.01:707][207]LogModuleManager: Shutting down and abandoning module Paper2DEditor (302)
[2021.01.25-13.55.01:709][207]LogModuleManager: Shutting down and abandoning module MeshPaint (301)
[2021.01.25-13.55.01:709][207]LogModuleManager: Shutting down and abandoning module RuntimePhysXCooking (298)
[2021.01.25-13.55.01:709][207]LogModuleManager: Shutting down and abandoning module PhysXVehiclesEditor (296)
[2021.01.25-13.55.01:710][207]LogModuleManager: Shutting down and abandoning module PhysXVehicles (294)
[2021.01.25-13.55.01:710][207]LogModuleManager: Shutting down and abandoning module OculusEditor (292)
[2021.01.25-13.55.01:711][207]LogModuleManager: Shutting down and abandoning module LocationServicesBPLibrary (290)
[2021.01.25-13.55.01:711][207]LogModuleManager: Shutting down and abandoning module ImmediatePhysicsEditor (288)
[2021.01.25-13.55.01:711][207]LogModuleManager: Shutting down and abandoning module ImmediatePhysics (286)
[2021.01.25-13.55.01:712][207]LogModuleManager: Shutting down and abandoning module ActorSequence (284)
[2021.01.25-13.55.01:712][207]LogModuleManager: Shutting down and abandoning module UdpMessaging (282)
[2021.01.25-13.55.01:813][207]LogModuleManager: Shutting down and abandoning module TcpMessaging (280)
[2021.01.25-13.55.01:915][207]LogModuleManager: Shutting down and abandoning module MagicLeapAudio (278)
[2021.01.25-13.55.01:915][207]LogModuleManager: Shutting down and abandoning module GameplayTagsEditor (276)
[2021.01.25-13.55.01:915][207]LogModuleManager: Shutting down and abandoning module FacialAnimationEditor (274)
[2021.01.25-13.55.01:915][207]LogModuleManager: Shutting down and abandoning module FacialAnimation (272)
[2021.01.25-13.55.01:915][207]LogModuleManager: Shutting down and abandoning module DataValidation (270)
[2021.01.25-13.55.01:915][207]LogModuleManager: Shutting down and abandoning module AssetManagerEditor (268)
[2021.01.25-13.55.01:915][207]LogModuleManager: Shutting down and abandoning module LevelEditor (267)
[2021.01.25-13.55.01:916][207]LogModuleManager: Shutting down and abandoning module PixelInspectorModule (266)
[2021.01.25-13.55.01:918][207]LogModuleManager: Shutting down and abandoning module CommonMenuExtensions (264)
[2021.01.25-13.55.01:918][207]LogModuleManager: Shutting down and abandoning module MainFrame (262)
[2021.01.25-13.55.01:918][207]LogModuleManager: Shutting down and abandoning module HotReload (261)
[2021.01.25-13.55.01:919][207]LogModuleManager: Shutting down and abandoning module ContentBrowser (257)
[2021.01.25-13.55.01:920][207]LogModuleManager: Shutting down and abandoning module TreeMap (255)
[2021.01.25-13.55.01:920][207]LogModuleManager: Shutting down and abandoning module LightPropagationVolumeRuntime (252)
[2021.01.25-13.55.01:920][207]LogModuleManager: Shutting down and abandoning module AISupportModule (250)
[2021.01.25-13.55.01:920][207]LogModuleManager: Shutting down and abandoning module Paper2D (248)
[2021.01.25-13.55.01:920][207]LogModuleManager: Shutting down and abandoning module WindowsMoviePlayer (246)
[2021.01.25-13.55.01:921][207]LogModuleManager: Shutting down and abandoning module WmfMedia (244)
[2021.01.25-13.55.01:922][207]LogModuleManager: Shutting down and abandoning module Media (243)
[2021.01.25-13.55.01:928][207]LogModuleManager: Shutting down and abandoning module PacketHandler (240)
[2021.01.25-13.55.01:928][207]LogModuleManager: Shutting down and abandoning module ClothingSystemEditor (238)
[2021.01.25-13.55.01:928][207]LogModuleManager: Shutting down and abandoning module ClothingSystemRuntime (236)
[2021.01.25-13.55.01:928][207]LogModuleManager: Shutting down and abandoning module MediaAssets (234)
[2021.01.25-13.55.01:928][207]LogModuleManager: Shutting down and abandoning module Overlay (232)
[2021.01.25-13.55.01:928][207]LogModuleManager: Shutting down and abandoning module OverlayEditor (231)
[2021.01.25-13.55.01:928][207]LogModuleManager: Shutting down and abandoning module VREditor (228)
[2021.01.25-13.55.01:929][207]LogModuleManager: Shutting down and abandoning module StringTableEditor (226)
[2021.01.25-13.55.01:930][207]LogModuleManager: Shutting down and abandoning module GameplayTasksEditor (224)
[2021.01.25-13.55.01:930][207]LogModuleManager: Shutting down and abandoning module BehaviorTreeEditor (222)
[2021.01.25-13.55.01:931][207]LogModuleManager: Shutting down and abandoning module FunctionalTesting (220)
[2021.01.25-13.55.01:931][207]LogModuleManager: Shutting down and abandoning module CollisionAnalyzer (218)
[2021.01.25-13.55.01:931][207]LogModuleManager: Shutting down and abandoning module WorkspaceMenuStructure (217)
[2021.01.25-13.55.01:931][207]LogModuleManager: Shutting down and abandoning module UMG (214)
[2021.01.25-13.55.01:932][207]LogModuleManager: Shutting down and abandoning module UMGEditor (213)
[2021.01.25-13.55.01:934][207]LogModuleManager: Shutting down and abandoning module Sequencer (212)
[2021.01.25-13.55.01:938][207]LogModuleManager: Shutting down and abandoning module MessageLog (209)
[2021.01.25-13.55.01:938][207]LogModuleManager: Shutting down and abandoning module SlateReflector (204)
[2021.01.25-13.55.01:938][207]LogModuleManager: Shutting down and abandoning module Slate (202)
[2021.01.25-13.55.01:938][207]LogModuleManager: Shutting down and abandoning module EditorStyle (200)
[2021.01.25-13.55.01:940][207]LogModuleManager: Shutting down and abandoning module MRMesh (198)
[2021.01.25-13.55.01:941][207]LogModuleManager: Shutting down and abandoning module SourceCodeAccess (196)
[2021.01.25-13.55.01:941][207]LogModuleManager: Shutting down and abandoning module HeadMountedDisplay (194)
[2021.01.25-13.55.01:941][207]LogModuleManager: Shutting down and abandoning module XAudio2 (192)
[2021.01.25-13.55.01:941][207]LogModuleManager: Shutting down and abandoning module Networking (190)
[2021.01.25-13.55.01:941][207]LogModuleManager: Shutting down and abandoning module Core (188)
[2021.01.25-13.55.01:941][207]LogModuleManager: Shutting down and abandoning module LevelSequence (186)
[2021.01.25-13.55.01:941][207]LogModuleManager: Shutting down and abandoning module KismetCompiler (184)
[2021.01.25-13.55.01:941][207]LogModuleManager: Shutting down and abandoning module MeshUtilities (182)
[2021.01.25-13.55.01:941][207]LogModuleManager: Shutting down and abandoning module MeshMergeUtilities (181)
[2021.01.25-13.55.01:941][207]LogModuleManager: Shutting down and abandoning module MeshReductionInterface (180)
[2021.01.25-13.55.01:941][207]LogModuleManager: Shutting down and abandoning module SimplygonSwarm (179)
[2021.01.25-13.55.01:941][207]LogModuleManager: Shutting down and abandoning module ProxyLODMeshReduction (177)
[2021.01.25-13.55.01:941][207]LogModuleManager: Shutting down and abandoning module SimplygonMeshReduction (175)
[2021.01.25-13.55.01:941][207]LogModuleManager: Shutting down and abandoning module QuadricMeshReduction (173)
[2021.01.25-13.55.01:941][207]LogModuleManager: Shutting down and abandoning module MaterialBaking (169)
[2021.01.25-13.55.01:943][207]LogModuleManager: Shutting down and abandoning module DirectoryWatcher (165)
[2021.01.25-13.55.01:943][207]LogModuleManager: Shutting down and abandoning module DerivedDataCache (162)
[2021.01.25-13.55.02:032][207]LogDerivedDataCache: Shutdown
[2021.01.25-13.55.02:032][207]LogModuleManager: Shutting down and abandoning module XGEController (160)
[2021.01.25-13.55.02:032][207]LogXGEController: Cleaning working directory: C:/Users/belee/AppData/Local/Temp/UnrealXGEWorkingDir/
[2021.01.25-13.55.02:033][207]LogModuleManager: Shutting down and abandoning module TargetPlatform (158)
[2021.01.25-13.55.02:033][207]LogModuleManager: Shutting down and abandoning module VulkanShaderFormat (157)
[2021.01.25-13.55.02:034][207]LogModuleManager: Shutting down and abandoning module ShaderFormatVectorVM (155)
[2021.01.25-13.55.02:034][207]LogModuleManager: Shutting down and abandoning module ShaderFormatOpenGL (153)
[2021.01.25-13.55.02:035][207]LogModuleManager: Shutting down and abandoning module ShaderFormatD3D (151)
[2021.01.25-13.55.02:035][207]LogModuleManager: Shutting down and abandoning module MetalShaderFormat (149)
[2021.01.25-13.55.02:036][207]LogModuleManager: Shutting down and abandoning module TextureFormatUncompressed (147)
[2021.01.25-13.55.02:036][207]LogModuleManager: Shutting down and abandoning module TextureFormatPVR (145)
[2021.01.25-13.55.02:036][207]LogModuleManager: Shutting down and abandoning module TextureFormatDXT (143)
[2021.01.25-13.55.02:037][207]LogModuleManager: Shutting down and abandoning module TextureFormatIntelISPCTexComp (141)
[2021.01.25-13.55.02:038][207]LogModuleManager: Shutting down and abandoning module TextureFormatASTC (139)
[2021.01.25-13.55.02:038][207]LogModuleManager: Shutting down and abandoning module ImageWrapper (138)
[2021.01.25-13.55.02:038][207]LogModuleManager: Shutting down and abandoning module TextureFormatAndroid (135)
[2021.01.25-13.55.02:038][207]LogModuleManager: Shutting down and abandoning module AudioFormatOpus (133)
[2021.01.25-13.55.02:038][207]LogModuleManager: Shutting down and abandoning module AudioFormatOgg (131)
[2021.01.25-13.55.02:038][207]LogModuleManager: Shutting down and abandoning module AudioFormatADPCM (129)
[2021.01.25-13.55.02:038][207]LogModuleManager: Shutting down and abandoning module LuminTargetPlatform (127)
[2021.01.25-13.55.02:038][207]LogModuleManager: Shutting down and abandoning module LinuxTargetPlatform (125)
[2021.01.25-13.55.02:038][207]LogModuleManager: Shutting down and abandoning module LinuxServerTargetPlatform (123)
[2021.01.25-13.55.02:038][207]LogModuleManager: Shutting down and abandoning module LinuxNoEditorTargetPlatform (121)
[2021.01.25-13.55.02:038][207]LogModuleManager: Shutting down and abandoning module LinuxClientTargetPlatform (119)
[2021.01.25-13.55.02:039][207]LogModuleManager: Shutting down and abandoning module TVOSTargetPlatform (117)
[2021.01.25-13.55.02:040][207]LogModuleManager: Shutting down and abandoning module Messaging (115)
[2021.01.25-13.55.02:040][207]LogModuleManager: Shutting down and abandoning module IOSTargetPlatform (113)
[2021.01.25-13.55.02:041][207]LogModuleManager: Shutting down and abandoning module HTML5TargetPlatform (111)
[2021.01.25-13.55.02:041][207]LogModuleManager: Shutting down and abandoning module AndroidTargetPlatform (109)
[2021.01.25-13.55.02:047][207]LogModuleManager: Shutting down and abandoning module WindowsTargetPlatform (107)
[2021.01.25-13.55.02:047][207]LogModuleManager: Shutting down and abandoning module WindowsServerTargetPlatform (105)
[2021.01.25-13.55.02:047][207]LogModuleManager: Shutting down and abandoning module WindowsNoEditorTargetPlatform (103)
[2021.01.25-13.55.02:047][207]LogModuleManager: Shutting down and abandoning module WindowsClientTargetPlatform (101)
[2021.01.25-13.55.02:047][207]LogModuleManager: Shutting down and abandoning module MacTargetPlatform (99)
[2021.01.25-13.55.02:047][207]LogModuleManager: Shutting down and abandoning module MacServerTargetPlatform (97)
[2021.01.25-13.55.02:047][207]LogModuleManager: Shutting down and abandoning module MacNoEditorTargetPlatform (95)
[2021.01.25-13.55.02:047][207]LogModuleManager: Shutting down and abandoning module MacClientTargetPlatform (93)
[2021.01.25-13.55.02:047][207]LogModuleManager: Shutting down and abandoning module AllDesktopTargetPlatform (91)
[2021.01.25-13.55.02:047][207]LogModuleManager: Shutting down and abandoning module InputCore (88)
[2021.01.25-13.55.02:047][207]LogModuleManager: Shutting down and abandoning module Settings (86)
[2021.01.25-13.55.02:047][207]LogModuleManager: Shutting down and abandoning module PhysXCooking (84)
[2021.01.25-13.55.02:048][207]LogModuleManager: Shutting down and abandoning module SteamVR (82)
[2021.01.25-13.55.02:049][207]LogModuleManager: Shutting down and abandoning module OculusHMD (80)
[2021.01.25-13.55.02:049][207]LogModuleManager: Shutting down and abandoning module ExampleDeviceProfileSelector (78)
[2021.01.25-13.55.02:049][207]LogModuleManager: Shutting down and abandoning module LauncherChunkInstaller (76)
[2021.01.25-13.55.02:049][207]LogModuleManager: Shutting down and abandoning module OnlineBlueprintSupport (74)
[2021.01.25-13.55.02:049][207]LogModuleManager: Shutting down and abandoning module OnlineSubsystem (70)
[2021.01.25-13.55.02:051][207]LogModuleManager: Shutting down and abandoning module XMPP (65)
[2021.01.25-13.55.02:054][207]LogModuleManager: Shutting down and abandoning module WebSockets (64)
[2021.01.25-13.55.02:064][207]LogModuleManager: Shutting down and abandoning module HTTP (61)
[2021.01.25-13.55.02:064][207]LogHttp: Display: Http module shutting down, but needs to wait on 1 outstanding Http requests:
[2021.01.25-13.55.02:064][207]LogHttp: Display: 	verb=[POST] url=[https://datarouter.ol.epicgames.com/datarouter/api/v1/public/data?SessionID=%7B0453CE17-458D-C887-F759-9C899BAC05FE%7D&AppID=UEEditor.Rocket.Release&AppVersion=4.20.3-4369336%2B%2B%2BUE4%2BRelease-4.20&UserID=deaf08bc480f3f40012a7fb2499823fe%7C27591ec173fc45aba594a0e4d13e8e68%7Ce11feb4c-afe9-4519-94fe-2f11970f740e&AppEnvironment=datacollector-binary&UploadType=eteventstream] status=Processing
[2021.01.25-13.55.02:091][207]LogModuleManager: Shutting down and abandoning module SSL (60)
[2021.01.25-13.55.02:094][207]LogModuleManager: Shutting down and abandoning module MagicLeapEmulator (56)
[2021.01.25-13.55.02:094][207]LogModuleManager: Shutting down and abandoning module MagicLeapPrivileges (54)
[2021.01.25-13.55.02:094][207]LogModuleManager: Shutting down and abandoning module MagicLeapIdentity (52)
[2021.01.25-13.55.02:094][207]LogModuleManager: Shutting down and abandoning module MagicLeapHelperVulkan (50)
[2021.01.25-13.55.02:094][207]LogModuleManager: Shutting down and abandoning module MagicLeapHelperOpenGL (48)
[2021.01.25-13.55.02:094][207]LogModuleManager: Shutting down and abandoning module MagicLeapSecureStorage (46)
[2021.01.25-13.55.02:094][207]LogModuleManager: Shutting down and abandoning module MagicLeapGestures (44)
[2021.01.25-13.55.02:094][207]LogModuleManager: Shutting down and abandoning module MagicLeapEyeTracker (42)
[2021.01.25-13.55.02:094][207]LogModuleManager: Shutting down and abandoning module MagicLeapController (40)
[2021.01.25-13.55.02:094][207]LogSlate: Slate User Destroyed.  User Index 0, Is Virtual User: 0
[2021.01.25-13.55.02:094][207]LogModuleManager: Shutting down and abandoning module MagicLeap (38)
[2021.01.25-13.55.02:094][207]LogModuleManager: Shutting down and abandoning module AnimationModifiers (36)
[2021.01.25-13.55.02:096][207]LogModuleManager: Shutting down and abandoning module PropertyEditor (35)
[2021.01.25-13.55.02:097][207]LogModuleManager: Shutting down and abandoning module AudioEditor (32)
[2021.01.25-13.55.02:099][207]LogModuleManager: Shutting down and abandoning module TextureCompressor (30)
[2021.01.25-13.55.02:107][207]LogModuleManager: Shutting down and abandoning module ShaderCore (28)
[2021.01.25-13.55.02:107][207]LogModuleManager: Shutting down and abandoning module Landscape (26)
[2021.01.25-13.55.02:107][207]LogModuleManager: Shutting down and abandoning module SlateRHIRenderer (24)
[2021.01.25-13.55.02:108][207]LogModuleManager: Shutting down and abandoning module OpenGLDrv (22)
[2021.01.25-13.55.02:109][207]LogModuleManager: Shutting down and abandoning module D3D11RHI (20)
[2021.01.25-13.55.02:109][207]LogModuleManager: Shutting down and abandoning module AnimGraphRuntime (18)
[2021.01.25-13.55.02:109][207]LogModuleManager: Shutting down and abandoning module Renderer (16)
[2021.01.25-13.55.02:109][207]LogModuleManager: Shutting down and abandoning module Engine (14)
[2021.01.25-13.55.02:109][207]LogModuleManager: Shutting down and abandoning module CoreUObject (12)
[2021.01.25-13.55.02:109][207]LogModuleManager: Shutting down and abandoning module NetworkFile (10)
[2021.01.25-13.55.02:110][207]LogModuleManager: Shutting down and abandoning module CookedIterativeFile (8)
[2021.01.25-13.55.02:110][207]LogModuleManager: Shutting down and abandoning module StreamingFile (6)
[2021.01.25-13.55.02:110][207]LogModuleManager: Shutting down and abandoning module SandboxFile (4)
[2021.01.25-13.55.02:110][207]LogModuleManager: Shutting down and abandoning module PakFile (2)
[2021.01.25-13.55.02:117][207]LogExit: Exiting.
[2021.01.25-13.55.02:129][207]Log file closed, 01/25/21 14:55:02
