Log file open, 10/20/20 14:21:17
LogWindows: Failed to load 'aqProf.dll' (GetLastError=126)
LogWindows: File 'aqProf.dll' does not exist
LogWindows: Failed to load 'VSPerf140.dll' (GetLastError=126)
LogWindows: File 'VSPerf140.dll' does not exist
LogWindows: Failed to load 'VtuneApi.dll' (GetLastError=126)
LogWindows: File 'VtuneApi.dll' does not exist
LogWindows: Failed to load 'VtuneApi32e.dll' (GetLastError=126)
LogWindows: File 'VtuneApi32e.dll' does not exist
LogInit: Display: Running engine for game: MazeGame
LogPlatformFile: Not using cached read wrapper
LogTaskGraph: Started task graph with 5 named threads and 14 total threads with 3 sets of task threads.
LogStats: Stats thread started at 1.572380
LogD3D11RHI: Loaded GFSDK_Aftermath_Lib.x64.dll
LogICUInternationalization: Display: ICU TimeZone Detection - Raw Offset: +1:00, Platform Override: ''
LogPluginManager: Mounting plugin Paper2D
LogPluginManager: Mounting plugin AISupport
LogPluginManager: Mounting plugin LightPropagationVolume
LogPluginManager: Mounting plugin CLionSourceCodeAccess
LogPluginManager: Mounting plugin CodeLiteSourceCodeAccess
LogPluginManager: Mounting plugin GitSourceControl
LogPluginManager: Mounting plugin KDevelopSourceCodeAccess
LogPluginManager: Mounting plugin NullSourceCodeAccess
LogPluginManager: Mounting plugin PerforceSourceControl
LogPluginManager: Mounting plugin SubversionSourceControl
LogPluginManager: Mounting plugin UObjectPlugin
LogPluginManager: Mounting plugin VisualStudioCodeSourceCodeAccess
LogPluginManager: Mounting plugin VisualStudioSourceCodeAccess
LogPluginManager: Mounting plugin XCodeSourceCodeAccess
LogPluginManager: Mounting plugin AssetManagerEditor
LogPluginManager: Mounting plugin CryptoKeys
LogPluginManager: Mounting plugin DataValidation
LogPluginManager: Mounting plugin FacialAnimation
LogPluginManager: Mounting plugin GameplayTagsEditor
LogPluginManager: Mounting plugin MacGraphicsSwitching
LogPluginManager: Mounting plugin MeshEditor
LogPluginManager: Mounting plugin MobileLauncherProfileWizard
LogPluginManager: Mounting plugin PluginBrowser
LogPluginManager: Mounting plugin SpeedTreeImporter
LogPluginManager: Mounting plugin DatasmithContent
LogPluginManager: Mounting plugin AlembicImporter
LogPluginManager: Mounting plugin AppleImageUtils
LogPluginManager: Mounting plugin AppleVision
LogPluginManager: Mounting plugin BackChannel
LogPluginManager: Mounting plugin CharacterAI
LogPluginManager: Mounting plugin GeometryCache
LogPluginManager: Mounting plugin HTML5Networking
LogPluginManager: Mounting plugin ProxyLODPlugin
LogPluginManager: Mounting plugin MagicLeap
LogPluginManager: Mounting plugin MagicLeapEmulator
LogPluginManager: Mounting plugin MagicLeapMedia
LogPluginManager: Mounting plugin AndroidMedia
LogPluginManager: Mounting plugin AvfMedia
LogPluginManager: Mounting plugin ImgMedia
LogPluginManager: Mounting plugin LinearTimecode
LogPluginManager: Mounting plugin MediaCompositing
LogPluginManager: Mounting plugin MediaPlayerEditor
LogPluginManager: Mounting plugin WmfMedia
LogPluginManager: Mounting plugin TcpMessaging
LogPluginManager: Mounting plugin UdpMessaging
LogPluginManager: Mounting plugin ActorSequence
LogPluginManager: Mounting plugin LevelSequenceEditor
LogPluginManager: Mounting plugin MatineeToLevelSequence
LogPluginManager: Mounting plugin NetcodeUnitTest
LogPluginManager: Mounting plugin NUTUnrealEngine4
LogPluginManager: Mounting plugin OnlineSubsystemGooglePlay
LogPluginManager: Mounting plugin OnlineSubsystemIOS
LogPluginManager: Mounting plugin OnlineSubsystem
LogPluginManager: Mounting plugin OnlineSubsystemNull
LogPluginManager: Mounting plugin OnlineSubsystemUtils
LogPluginManager: Mounting plugin LauncherChunkInstaller
LogPluginManager: Mounting plugin AndroidDeviceProfileSelector
LogPluginManager: Mounting plugin AndroidMoviePlayer
LogPluginManager: Mounting plugin AndroidPermission
LogPluginManager: Mounting plugin AppleMoviePlayer
LogPluginManager: Mounting plugin ArchVisCharacter
LogPluginManager: Mounting plugin AudioCapture
LogPluginManager: Mounting plugin CableComponent
LogPluginManager: Mounting plugin CustomMeshComponent
LogPluginManager: Mounting plugin EditableMesh
LogPluginManager: Mounting plugin ExampleDeviceProfileSelector
LogPluginManager: Mounting plugin GoogleCloudMessaging
LogPluginManager: Mounting plugin ImmediatePhysics
LogPluginManager: Mounting plugin IOSDeviceProfileSelector
LogPluginManager: Mounting plugin LinuxDeviceProfileSelector
LogPluginManager: Mounting plugin LocationServicesBPLibrary
LogPluginManager: Mounting plugin MobilePatchingUtils
LogPluginManager: Mounting plugin OculusVR
LogPluginManager: Plugin shader directory ../../../Engine/Plugins/Runtime/Oculus/OculusVR/Shaders found
LogPluginManager: Mapping shader source directory ../../../Engine/Plugins/Runtime/Oculus/OculusVR/Shaders to virtual directory /Plugin/OculusVR
LogPluginManager: Mounting plugin PhysXVehicles
LogPluginManager: Mounting plugin ProceduralMeshComponent
LogPluginManager: Mounting plugin RuntimePhysXCooking
LogPluginManager: Mounting plugin SteamVR
LogPluginManager: Mounting plugin WindowsMoviePlayer
LogStreaming: Display: Took  0.233s to configure plugins.
LogInit: Using libcurl 7.55.1-DEV
LogInit:  - built for x86_64-pc-win32
LogInit:  - supports SSL with OpenSSL/1.0.2h
LogInit:  - supports HTTP deflate (compression) using libz 1.2.8
LogInit:  - other features:
LogInit:      CURL_VERSION_SSL
LogInit:      CURL_VERSION_LIBZ
LogInit:      CURL_VERSION_IPV6
LogInit:      CURL_VERSION_ASYNCHDNS
LogInit:      CURL_VERSION_LARGEFILE
LogInit:      CURL_VERSION_IDN
LogInit:  CurlRequestOptions (configurable via config and command line):
LogInit:  - bVerifyPeer = false  - Libcurl will NOT verify peer certificate
LogInit:  - bUseHttpProxy = false  - Libcurl will NOT use HTTP proxy
LogInit:  - bDontReuseConnections = false  - Libcurl will reuse connections
LogInit:  - CertBundlePath = nullptr  - Libcurl will use whatever was configured at build time.
LogInit:  - MaxHostConnections = 16  - Libcurl will limit the number of connections to a host
LogInit:  - LocalHostAddr = Default
LogInit:  - BufferSize = 65536
LogInit: WinSock: version 1.1 (2.2), MaxSocks=32767, MaxUdp=65467
LogInit: Build: ++UE4+Release-4.20-CL-4369336
LogInit: Engine Version: 4.20.3-4369336+++UE4+Release-4.20
LogInit: Compatible Engine Version: 4.20.0-4212847+++UE4+Release-4.20
LogInit: Net CL: 4212847
LogInit: OS: Windows 10 (), CPU: Intel(R) Core(TM) i5-7300HQ CPU @ 2.50GHz, GPU: Intel(R) HD Graphics 630
LogInit: Compiled (64-bit): Sep 17 2018 12:26:19
LogInit: Compiled with Visual C++: 19.13.26129.00
LogInit: Build Configuration: Development
LogInit: Branch Name: ++UE4+Release-4.20
LogInit: Command Line: -EpicPortal  -epicusername="blooia" -epicuserid=27591ec173fc45aba594a0e4d13e8e68 -epiclocale=pl
LogInit: Base Directory: D:/unreal/UE_4.20/Engine/Binaries/Win64/
LogInit: Installed Engine Build: 1
LogDevObjectVersion: Number of dev versions registered: 20
LogDevObjectVersion:   Dev-Blueprints (B0D832E4-1F89-4F0D-ACCF-7EB736FD4AA2): 10
LogDevObjectVersion:   Dev-Build (E1C64328-A22C-4D53-A36C-8E866417BD8C): 0
LogDevObjectVersion:   Dev-Core (375EC13C-06E4-48FB-B500-84F0262A717E): 2
LogDevObjectVersion:   Dev-Editor (E4B068ED-F494-42E9-A231-DA0B2E46BB41): 24
LogDevObjectVersion:   Dev-Framework (CFFC743F-43B0-4480-9391-14DF171D2073): 34
LogDevObjectVersion:   Dev-Mobile (B02B49B5-BB20-44E9-A304-32B752E40360): 2
LogDevObjectVersion:   Dev-Networking (A4E4105C-59A1-49B5-A7C5-40C4547EDFEE): 0
LogDevObjectVersion:   Dev-Online (39C831C9-5AE6-47DC-9A44-9C173E1C8E7C): 0
LogDevObjectVersion:   Dev-Physics (78F01B33-EBEA-4F98-B9B4-84EACCB95AA2): 0
LogDevObjectVersion:   Dev-Platform (6631380F-2D4D-43E0-8009-CF276956A95A): 0
LogDevObjectVersion:   Dev-Rendering (12F88B9F-8875-4AFC-A67C-D90C383ABD29): 26
LogDevObjectVersion:   Dev-Sequencer (7B5AE74C-D270-4C10-A958-57980B212A5A): 9
LogDevObjectVersion:   Dev-VR (D7296918-1DD6-4BDD-9DE2-64A83CC13884): 2
LogDevObjectVersion:   Dev-LoadTimes (C2A15278-BFE7-4AFE-6C17-90FF531DF755): 1
LogDevObjectVersion:   Private-Geometry (6EACA3D4-40EC-4CC1-B786-8BED09428FC5): 3
LogDevObjectVersion:   Dev-AnimPhys (29E575DD-E0A3-4627-9D10-D276232CDCEA): 17
LogDevObjectVersion:   Dev-ReflectionCapture (6B266CEC-1EC7-4B8F-A30B-E4D90942FC07): 1
LogDevObjectVersion:   Dev-Automation (0DF73D61-A23F-47EA-B727-89E90C41499A): 1
LogDevObjectVersion:   FortniteMain (601D1886-AC64-4F84-AA16-D3DE0DEAC7D6): 12
LogDevObjectVersion:   Dev-Enterprise (9DFFBCD6-494F-0158-E221-12823C92A888): 1
LogStreaming: Display: Took  0.071s to delete old logs.
LogInit: Presizing for max 8388607 objects, including 0 objects not considered by GC, pre-allocating 0 bytes for permanent pool.
LogInit: Object subsystem initialized
[2020.10.20-12.21.18:973][  0]LogInit: Selected Device Profile: [Windows]
[2020.10.20-12.21.18:974][  0]LogInit: Applying CVar settings loaded from the selected device profile: [Windows]
[2020.10.20-12.21.19:035][  0]LogHAL: Display: Platform has ~ 8 GB [8445386752 / 8589934592 / 8], which maps to Default [LargestMinGB=32, LargerMinGB=12, DefaultMinGB=8, SmallerMinGB=6, SmallestMinGB=0)
[2020.10.20-12.21.19:036][  0]LogInit: Setting Device Profile CVar: [[r.Vulkan.UseRealUBs:1]]
[2020.10.20-12.21.19:036][  0]LogInit: Going up to parent DeviceProfile []
[2020.10.20-12.21.19:057][  0]LogInit: Computer: DESKTOP-RHMTELH
[2020.10.20-12.21.19:057][  0]LogInit: User: belee
[2020.10.20-12.21.19:057][  0]LogInit: CPU Page size=4096, Cores=4
[2020.10.20-12.21.19:057][  0]LogInit: High frequency timer resolution =10.000000 MHz
[2020.10.20-12.21.19:058][  0]LogMemory: Memory total: Physical=7.9GB (8GB approx)
[2020.10.20-12.21.19:058][  0]LogMemory: Platform Memory Stats for Windows
[2020.10.20-12.21.19:058][  0]LogMemory: Process Physical Memory: 100.84 MB used, 100.84 MB peak
[2020.10.20-12.21.19:058][  0]LogMemory: Process Virtual Memory: 83.97 MB used, 83.97 MB peak
[2020.10.20-12.21.19:058][  0]LogMemory: Physical Memory: 6874.86 MB used,  1179.29 MB free, 8054.15 MB total
[2020.10.20-12.21.19:058][  0]LogMemory: Virtual Memory: 4602.94 MB used,  1179.29 MB free, 134217728.00 MB total
[2020.10.20-12.21.19:532][  0]LogInit: Using OS detected language (pl-PL).
[2020.10.20-12.21.19:532][  0]LogInit: Using OS detected locale (pl-PL).
[2020.10.20-12.21.19:536][  0]LogTextLocalizationManager: No specific localization for 'pl-PL' exists, so the 'pl' localization will be used.
[2020.10.20-12.21.19:547][  0]LogStreaming: Display: Took  0.016s to InitEngineTextLocalization.
[2020.10.20-12.21.19:549][  0]LogInit: Setting process to per monitor DPI aware
[2020.10.20-12.21.19:697][  0]LogSlate: New Slate User Created.  User Index 0, Is Virtual User: 0
[2020.10.20-12.21.19:697][  0]LogSlate: Slate User Registered.  User Index 0, Is Virtual User: 0
[2020.10.20-12.21.20:978][  0]LogHMD: Failed to initialize OpenVR with code 110
[2020.10.20-12.21.20:978][  0]LogD3D11RHI: D3D11 adapters:
[2020.10.20-12.21.21:218][  0]LogD3D11RHI:    0. 'NVIDIA GeForce GTX 1050' (Feature Level 11_0)
[2020.10.20-12.21.21:218][  0]LogD3D11RHI:       4021/0/4027 MB DedicatedVideo/DedicatedSystem/SharedSystem, Outputs:1, VendorId:0x10de
[2020.10.20-12.21.21:254][  0]LogD3D11RHI:    1. 'Intel(R) HD Graphics 630' (Feature Level 11_0)
[2020.10.20-12.21.21:254][  0]LogD3D11RHI:       128/0/4027 MB DedicatedVideo/DedicatedSystem/SharedSystem, Outputs:0, VendorId:0x8086
[2020.10.20-12.21.21:264][  0]LogD3D11RHI:    2. 'Microsoft Basic Render Driver' (Feature Level 11_0)
[2020.10.20-12.21.21:264][  0]LogD3D11RHI:       0/0/4027 MB DedicatedVideo/DedicatedSystem/SharedSystem, Outputs:0, VendorId:0x1414
[2020.10.20-12.21.21:264][  0]LogD3D11RHI: Chosen D3D11 Adapter: 0
[2020.10.20-12.21.21:317][  0]LogD3D11RHI: Creating new Direct3DDevice
[2020.10.20-12.21.21:319][  0]LogD3D11RHI:     GPU DeviceId: 0x1c8d (for the marketing name, search the web for "GPU Device Id")
[2020.10.20-12.21.21:319][  0]LogWindows: EnumDisplayDevices:
[2020.10.20-12.21.21:319][  0]LogWindows:    0. 'Intel(R) HD Graphics 630' (P:1 D:1)
[2020.10.20-12.21.21:319][  0]LogWindows:    1. 'Intel(R) HD Graphics 630' (P:0 D:0)
[2020.10.20-12.21.21:320][  0]LogWindows:    2. 'Intel(R) HD Graphics 630' (P:0 D:0)
[2020.10.20-12.21.21:320][  0]LogWindows: DebugString: PrimaryIsNotTheChoosenAdapter PrimaryIsNotTheChoosenAdapter PrimaryIsNotTheChoosenAdapter FoundDriverCount:0 
[2020.10.20-12.21.21:320][  0]LogD3D11RHI:     Adapter Name: NVIDIA GeForce GTX 1050
[2020.10.20-12.21.21:320][  0]LogD3D11RHI:   Driver Version: Unknown (internal:Unknown, unified:Unknown)
[2020.10.20-12.21.21:320][  0]LogD3D11RHI:      Driver Date: Unknown
[2020.10.20-12.21.21:320][  0]LogRHI: Texture pool is 2814 MB (70% of 4021 MB)
[2020.10.20-12.21.21:415][  0]LogD3D11RHI: Async texture creation enabled
[2020.10.20-12.21.21:471][  0]LogD3D11RHI: GPU Timing Frequency: 1000.000000 (Debug: 2 1)
[2020.10.20-12.21.21:483][  0]LogShaderCompilers: Guid format shader working directory is 15 characters bigger than the processId version (../../../../../GitHub/MazeGame/Intermediate/Shaders/WorkingDirectory/26460/).
[2020.10.20-12.21.21:484][  0]LogShaderCompilers: Cleaned the shader compiler working directory 'C:/Users/belee/AppData/Local/Temp/UnrealShaderWorkingDir/45B202C9498BEF8173FB669FBBC4E721/'.
[2020.10.20-12.21.22:055][  0]LogTemp: Display: Loaded TP AllDesktopTargetPlatform
[2020.10.20-12.21.22:075][  0]LogTemp: Display: Loaded TP MacClientTargetPlatform
[2020.10.20-12.21.22:093][  0]LogTemp: Display: Loaded TP MacNoEditorTargetPlatform
[2020.10.20-12.21.22:114][  0]LogTemp: Display: Loaded TP MacServerTargetPlatform
[2020.10.20-12.21.22:137][  0]LogTemp: Display: Loaded TP MacTargetPlatform
[2020.10.20-12.21.22:165][  0]LogTemp: Display: Loaded TP WindowsClientTargetPlatform
[2020.10.20-12.21.22:185][  0]LogTemp: Display: Loaded TP WindowsNoEditorTargetPlatform
[2020.10.20-12.21.22:213][  0]LogTemp: Display: Loaded TP WindowsServerTargetPlatform
[2020.10.20-12.21.22:237][  0]LogTemp: Display: Loaded TP WindowsTargetPlatform
[2020.10.20-12.21.22:374][  0]LogTemp: Display: Loaded TP AndroidTargetPlatform
[2020.10.20-12.21.22:374][  0]LogTemp: Display: Loaded TP AndroidTargetPlatform
[2020.10.20-12.21.22:374][  0]LogTemp: Display: Loaded TP AndroidTargetPlatform
[2020.10.20-12.21.22:374][  0]LogTemp: Display: Loaded TP AndroidTargetPlatform
[2020.10.20-12.21.22:374][  0]LogTemp: Display: Loaded TP AndroidTargetPlatform
[2020.10.20-12.21.22:374][  0]LogTemp: Display: Loaded TP AndroidTargetPlatform
[2020.10.20-12.21.22:374][  0]LogTemp: Display: Loaded TP AndroidTargetPlatform
[2020.10.20-12.21.22:374][  0]LogTemp: Display: Loaded TP AndroidTargetPlatform
[2020.10.20-12.21.22:374][  0]LogTemp: Display: Loaded TP AndroidTargetPlatform
[2020.10.20-12.21.22:374][  0]LogTemp: Display: Loaded TP AndroidTargetPlatform
[2020.10.20-12.21.22:374][  0]LogTemp: Display: Loaded TP AndroidTargetPlatform
[2020.10.20-12.21.22:374][  0]LogTemp: Display: Loaded TP AndroidTargetPlatform
[2020.10.20-12.21.22:374][  0]LogTemp: Display: Loaded TP AndroidTargetPlatform
[2020.10.20-12.21.22:374][  0]LogTemp: Display: Loaded TP AndroidTargetPlatform
[2020.10.20-12.21.22:374][  0]LogTemp: Display: Loaded TP AndroidTargetPlatform
[2020.10.20-12.21.22:374][  0]LogTemp: Display: Loaded TP AndroidTargetPlatform
[2020.10.20-12.21.22:374][  0]LogTemp: Display: Loaded TP AndroidTargetPlatform
[2020.10.20-12.21.22:374][  0]LogTemp: Display: Loaded TP AndroidTargetPlatform
[2020.10.20-12.21.22:377][  0]LogTemp: Display: Loaded TP HTML5TargetPlatform
[2020.10.20-12.21.22:467][  0]LogTemp: Display: Loaded TP IOSTargetPlatform
[2020.10.20-12.21.22:467][  0]LogTemp: Display: Loaded TP IOSTargetPlatform
[2020.10.20-12.21.22:502][  0]LogTemp: Display: Loaded TP TVOSTargetPlatform
[2020.10.20-12.21.22:502][  0]LogTemp: Display: Loaded TP TVOSTargetPlatform
[2020.10.20-12.21.22:530][  0]LogTemp: Display: Loaded TP LinuxClientTargetPlatform
[2020.10.20-12.21.22:550][  0]LogTemp: Display: Loaded TP LinuxNoEditorTargetPlatform
[2020.10.20-12.21.22:570][  0]LogTemp: Display: Loaded TP LinuxServerTargetPlatform
[2020.10.20-12.21.22:593][  0]LogTemp: Display: Loaded TP LinuxTargetPlatform
[2020.10.20-12.21.22:610][  0]LogTemp: Display: Loaded TP LuminTargetPlatform
[2020.10.20-12.21.22:610][  0]LogTargetPlatformManager: Display: Building Assets For Windows
[2020.10.20-12.21.22:876][  0]LogXGEController: Cannot use XGE Controller as Incredibuild is not installed on this machine.
[2020.10.20-12.21.22:876][  0]LogShaderCompilers: Cannot use XGE Shader Compiler as Incredibuild is not installed on this machine.
[2020.10.20-12.21.22:876][  0]LogShaderCompilers: Display: Using Local Shader Compiler.
[2020.10.20-12.21.24:809][  0]LogDerivedDataCache: Display: Max Cache Size: 512 MB
[2020.10.20-12.21.25:776][  0]LogDerivedDataCache: Loaded boot cache 0.97s 71MB C:/Users/belee/AppData/Local/UnrealEngine/4.20/DerivedDataCache/Boot.ddc.
[2020.10.20-12.21.25:778][  0]LogDerivedDataCache: Display: Loaded Boot cache: C:/Users/belee/AppData/Local/UnrealEngine/4.20/DerivedDataCache/Boot.ddc
[2020.10.20-12.21.25:780][  0]LogDerivedDataCache: FDerivedDataBackendGraph:  Pak pak cache file ../../../../../GitHub/MazeGame/DerivedDataCache/DDC.ddp not found, will not use a pak cache.
[2020.10.20-12.21.25:780][  0]LogDerivedDataCache: Unable to find inner node Pak for hierarchical cache Hierarchy.
[2020.10.20-12.21.25:780][  0]LogDerivedDataCache: FDerivedDataBackendGraph:  CompressedPak pak cache file ../../../../../GitHub/MazeGame/DerivedDataCache/Compressed.ddp not found, will not use a pak cache.
[2020.10.20-12.21.25:780][  0]LogDerivedDataCache: Unable to find inner node CompressedPak for hierarchical cache Hierarchy.
[2020.10.20-12.21.25:828][  0]LogDerivedDataCache: Display: Pak cache opened for reading ../../../Engine/DerivedDataCache/Compressed.ddp.
[2020.10.20-12.21.25:844][  0]LogDerivedDataCache: Using Local data cache path C:/Users/belee/AppData/Local/UnrealEngine/Common/DerivedDataCache: Writable
[2020.10.20-12.21.25:844][  0]LogDerivedDataCache: Shared data cache path not found in *engine.ini, will not use an Shared cache.
[2020.10.20-12.21.25:845][  0]LogDerivedDataCache: Unable to find inner node Shared for hierarchical cache Hierarchy.
[2020.10.20-12.21.25:892][  0]LogMaterial: Verifying Global Shaders for PCD3D_SM5
[2020.10.20-12.21.25:895][  0]LogSlate: Using FreeType 2.6.0
[2020.10.20-12.21.25:898][  0]LogSlate: SlateFontServices - WITH_FREETYPE: 1, WITH_HARFBUZZ: 1
[2020.10.20-12.21.26:231][  0]LogAssetRegistry: FAssetRegistry took 0.0328 seconds to start up
[2020.10.20-12.21.27:534][  0]LogInit: Selected Device Profile: [Windows]
[2020.10.20-12.21.27:929][  0]LogSimplygon: Simplygon DLL not present - disabling.
[2020.10.20-12.21.27:968][  0]LogMeshReduction: Using SimplygonSwarm for distributed automatic mesh merging
[2020.10.20-12.21.27:969][  0]LogMeshReduction: Using ProxyLODMeshReduction for automatic mesh merging
[2020.10.20-12.21.27:987][  0]LogMeshReduction: Using QuadricMeshReduction for automatic static mesh reduction
[2020.10.20-12.21.27:987][  0]LogMeshReduction: No automatic skeletal mesh reduction module available
[2020.10.20-12.21.28:088][  0]LogNetVersion: MazeGame 1.0.0, NetCL: 4212847, EngineNetVer: 5, GameNetVer: 0 (Checksum: 803854447)
[2020.10.20-12.21.29:290][  0]LogPackageLocalizationCache: Processed 11 localized package path(s) for 2 prioritized culture(s) in 0.220968 seconds
[2020.10.20-12.21.29:316][  0]LogUObjectArray: 38425 objects as part of root set at end of initial load.
[2020.10.20-12.21.29:316][  0]LogUObjectAllocator: 6690864 out of 0 bytes used by permanent object pool.
[2020.10.20-12.21.29:316][  0]LogUObjectArray: CloseDisregardForGC: 0/0 objects in disregard for GC pool
[2020.10.20-12.21.33:619][  0]LogTcpMessaging: Initializing TcpMessaging bridge
[2020.10.20-12.21.33:636][  0]LogUdpMessaging: Initializing bridge on interface 0.0.0.0:0 to multicast group 230.0.0.1:6666.
[2020.10.20-12.21.33:968][  0]SourceControl: Source control is disabled
[2020.10.20-12.21.33:968][  0]SourceControl: Source control is disabled
[2020.10.20-12.21.33:984][  0]SourceControl: Source control is disabled
[2020.10.20-12.21.34:002][  0]SourceControl: Source control is disabled
[2020.10.20-12.21.34:514][  0]LogAndroidPermission: UAndroidPermissionCallbackProxy::GetInstance
[2020.10.20-12.21.34:724][  0]LogOcInput: OculusInput pre-init called
[2020.10.20-12.21.34:864][  0]LogEngine: Initializing Engine...
[2020.10.20-12.21.34:867][  0]LogHMD: Failed to initialize OpenVR with code 110
[2020.10.20-12.21.34:869][  0]LogStats: UGameplayTagsManager::ConstructGameplayTagTree: ImportINI prefixes -  0.000 s
[2020.10.20-12.21.34:869][  0]LogStats: UGameplayTagsManager::ConstructGameplayTagTree: Construct from data asset -  0.000 s
[2020.10.20-12.21.34:870][  0]LogStats: UGameplayTagsManager::ConstructGameplayTagTree: ImportINI -  0.000 s
[2020.10.20-12.21.34:870][  0]LogStats: UGameplayTagsManager::ConstructGameplayTagTree: GameplayTagTreeChangedEvent.Broadcast -  0.000 s
[2020.10.20-12.21.35:376][  0]LogInit: Initializing FReadOnlyCVARCache
[2020.10.20-12.21.35:407][  0]LogAIModule: Creating AISystem for world Untitled
[2020.10.20-12.21.35:440][  0]LogInit: XAudio2 using 'Głośniki / Słuchawki (Realtek Audio)' : 2 channels at 48 kHz using 32 bits per sample (channel mask 0x3)
[2020.10.20-12.21.35:706][  0]LogInit: FAudioDevice initialized.
[2020.10.20-12.21.35:706][  0]LogNetVersion: Set ProjectVersion to 1.0.0.0. Version Checksum will be recalculated on next use.
[2020.10.20-12.21.35:810][  0]LogDerivedDataCache: Saved boot cache 0.10s 71MB C:/Users/belee/AppData/Local/UnrealEngine/4.20/DerivedDataCache/Boot.ddc.
[2020.10.20-12.21.35:812][  0]LogInit: Texture streaming: Enabled
[2020.10.20-12.21.35:851][  0]LogEngineSessionManager: EngineSessionManager initialized
[2020.10.20-12.21.35:899][  0]LogInit: Transaction tracking system initialized
[2020.10.20-12.21.35:948][  0]BlueprintLog: New page: Editor Load
[2020.10.20-12.21.36:132][  0]LocalizationService: Localization service is disabled
[2020.10.20-12.21.36:649][  0]LogFileCache: Scanning file cache for directory 'D:/GitHub/MazeGame/Content/' took 0.03s
[2020.10.20-12.21.36:649][  0]LogCook: Display: Max memory allowance for cook 16384mb min free memory 0mb
[2020.10.20-12.21.36:649][  0]LogCook: Display: Mobile HDR setting 1
[2020.10.20-12.21.36:650][  0]LogGameplayTags: Display: UGameplayTagsManager::DoneAddingNativeTags. DelegateIsBound: 0
[2020.10.20-12.21.36:650][  0]LogStats: UGameplayTagsManager::ConstructGameplayTagTree: ImportINI prefixes -  0.000 s
[2020.10.20-12.21.36:650][  0]LogStats: UGameplayTagsManager::ConstructGameplayTagTree: Construct from data asset -  0.000 s
[2020.10.20-12.21.36:651][  0]LogStats: UGameplayTagsManager::ConstructGameplayTagTree: ImportINI -  0.000 s
[2020.10.20-12.21.36:651][  0]LogStats: UGameplayTagsManager::ConstructGameplayTagTree: GameplayTagTreeChangedEvent.Broadcast -  0.000 s
[2020.10.20-12.21.37:920][  0]SourceControl: Source control is disabled
[2020.10.20-12.21.37:920][  0]Cmd: MAP LOAD FILE="../../../../../GitHub/MazeGame/Content/StarterContent/Maps/Minimal_Default.umap" TEMPLATE=0 SHOWPROGRESS=1 FEATURELEVEL=3
[2020.10.20-12.21.37:921][  0]LightingResults: New page: Lighting Build
[2020.10.20-12.21.37:927][  0]MapCheck: New page: Map Check
[2020.10.20-12.21.37:927][  0]LightingResults: New page: Lighting Build
[2020.10.20-12.21.40:384][  0]LogAIModule: Creating AISystem for world Minimal_Default
[2020.10.20-12.21.40:448][  0]LogEditorServer: Finished looking for orphan Actors (0.000 secs)
[2020.10.20-12.21.40:478][  0]Cmd: MAP CHECKDEP NOCLEARLOG
[2020.10.20-12.21.40:564][  0]MapCheck: Map check complete: 0 Error(s), 0 Warning(s), took 85,03ms to complete.
[2020.10.20-12.21.40:564][  0]LogFileHelpers: Loading map 'Minimal_Default' took 2.644
[2020.10.20-12.21.41:236][  0]LogSlate: Updating window title bar state: overlay mode, drag disabled, window buttons hidden, title bar hidden
[2020.10.20-12.21.41:251][  0]LogSlate: Updating window title bar state: overlay mode, drag disabled, window buttons hidden, title bar hidden
[2020.10.20-12.21.41:262][  0]LogSlate: Updating window title bar state: overlay mode, drag disabled, window buttons hidden, title bar hidden
[2020.10.20-12.21.41:276][  0]LogSlate: Updating window title bar state: overlay mode, drag disabled, window buttons hidden, title bar hidden
[2020.10.20-12.21.41:340][  0]LogCollectionManager: Loaded 0 collections in 0.001395 seconds
[2020.10.20-12.21.41:454][  0]LogFileCache: Scanning file cache for directory 'D:/GitHub/MazeGame/Saved/Collections/' took 0.01s
[2020.10.20-12.21.41:454][  0]LogFileCache: Scanning file cache for directory 'D:/GitHub/MazeGame/Content/Developers/belee/Collections/' took 0.02s
[2020.10.20-12.21.41:454][  0]LogFileCache: Scanning file cache for directory 'D:/GitHub/MazeGame/Content/Collections/' took 0.01s
[2020.10.20-12.21.41:454][  0]LogCollectionManager: Rebuilt the GUID cache for 0 collections in 0.000001 seconds
[2020.10.20-12.21.41:473][  0]LogContentBrowser: Native class hierarchy populated in 0.0160 seconds. Added 2572 classes and 603 folders.
[2020.10.20-12.21.41:538][  0]LogContentBrowser: Native class hierarchy updated for 'WidgetCarousel' in 0.0004 seconds. Added 0 classes and 0 folders.
[2020.10.20-12.21.42:782][  0]LogContentBrowser: Native class hierarchy updated for 'AddContentDialog' in 0.0003 seconds. Added 0 classes and 0 folders.
[2020.10.20-12.21.42:908][  0]LogContentBrowser: Native class hierarchy updated for 'SceneOutliner' in 0.0004 seconds. Added 1 classes and 2 folders.
[2020.10.20-12.21.43:471][  0]LogSlate: Took 0.021465 seconds to synchronously load lazily loaded font '../../../Engine/Content/Slate/Fonts/Roboto-Regular.ttf' (155K)
[2020.10.20-12.21.43:486][  0]LogSlate: Took 0.011973 seconds to synchronously load lazily loaded font '../../../Engine/Content/Slate/Fonts/Roboto-Bold.ttf' (160K)
[2020.10.20-12.21.43:540][  0]LogSlate: Took 0.023006 seconds to synchronously load lazily loaded font '../../../Engine/Content/Editor/Slate/Fonts/FontAwesome.ttf' (139K)
[2020.10.20-12.21.44:067][  0]LogRenderer: Reallocating scene render targets to support 964x436 Format 10 NumSamples 1 (Frame:1).
[2020.10.20-12.21.44:592][  0]LogContentBrowser: Native class hierarchy updated for 'HierarchicalLODOutliner' in 0.0004 seconds. Added 0 classes and 0 folders.
[2020.10.20-12.21.44:592][  0]LogLoad: (Engine Initialization) Total time: 35.39 seconds
[2020.10.20-12.21.44:592][  0]LogLoad: (Engine Initialization) Total Blueprint compile time: 0.00 seconds
[2020.10.20-12.21.44:640][  0]LogContentStreaming: Texture pool size now 1000 MB
[2020.10.20-12.21.44:885][  0]LogSlate: Took 0.016754 seconds to synchronously load lazily loaded font '../../../Engine/Content/Slate/Fonts/Roboto-Light.ttf' (167K)
[2020.10.20-12.21.45:274][  3]LogAssetRegistry: Asset discovery search completed in 19.0657 seconds
[2020.10.20-12.21.45:275][  3]LogCollectionManager: Rebuilt the object cache for 0 collections in 0.000000 seconds (found 0 objects)
[2020.10.20-12.21.45:275][  3]LogCollectionManager: Fixed up redirectors for 0 collections in 0.000060 seconds (updated 0 objects)
[2020.10.20-12.21.46:319][  6]LogSlate: Took 0.000280 seconds to synchronously load lazily loaded font '../../../Engine/Content/Slate/Fonts/Roboto-Light.ttf' (167K)
[2020.10.20-12.22.44:094][369]LogSlate: FSceneViewport::OnFocusLost() reason 2
[2020.10.20-12.22.45:623][393]LogSlate: FSceneViewport::OnFocusLost() reason 2
[2020.10.20-12.22.53:865][531]Cmd: MAP LOAD FILE="../../../../../GitHub/MazeGame/Content/StarterContent/Maps/MainAgnieszkaBonislawska.umap" TEMPLATE=0 SHOWPROGRESS=1 FEATURELEVEL=3
[2020.10.20-12.22.53:940][531]LightingResults: New page: Lighting Build
[2020.10.20-12.22.53:941][531]LoadErrors: New page: Loading map: MainAgnieszkaBonislawska.umap
[2020.10.20-12.22.53:970][531]MapCheck: New page: Map Check
[2020.10.20-12.22.53:970][531]LightingResults: New page: Lighting Build
[2020.10.20-12.22.54:223][531]LogAIModule: Creating AISystem for world MainAgnieszkaBonislawska
[2020.10.20-12.22.54:303][531]LogEditorServer: Finished looking for orphan Actors (0.000 secs)
[2020.10.20-12.22.54:377][531]Cmd: MAP CHECKDEP NOCLEARLOG
[2020.10.20-12.22.54:450][531]MapCheck: Map check complete: 0 Error(s), 0 Warning(s), took 72,829ms to complete.
[2020.10.20-12.22.54:450][531]LogFileHelpers: Loading map 'MainAgnieszkaBonislawska' took 0.590
[2020.10.20-12.22.54:468][531]LogSlate: Window 'Open Level' being destroyed
[2020.10.20-12.23.03:804][794]LogSlate: FSceneViewport::OnFocusLost() reason 0
[2020.10.20-12.23.22:687][852]LogSlate: FSceneViewport::OnFocusLost() reason 2
