Log file open, 01/09/21 19:14:36
LogWindows: Failed to load 'aqProf.dll' (GetLastError=126)
LogWindows: File 'aqProf.dll' does not exist
LogWindows: Failed to load 'VSPerf140.dll' (GetLastError=126)
LogWindows: File 'VSPerf140.dll' does not exist
LogWindows: Failed to load 'VtuneApi.dll' (GetLastError=126)
LogWindows: File 'VtuneApi.dll' does not exist
LogWindows: Failed to load 'VtuneApi32e.dll' (GetLastError=126)
LogWindows: File 'VtuneApi32e.dll' does not exist
LogInit: Display: Running engine for game: MazeGame
LogPlatformFile: Not using cached read wrapper
LogTaskGraph: Started task graph with 5 named threads and 14 total threads with 3 sets of task threads.
LogStats: Stats thread started at 0.227704
LogD3D11RHI: Loaded GFSDK_Aftermath_Lib.x64.dll
LogICUInternationalization: Display: ICU TimeZone Detection - Raw Offset: +1:00, Platform Override: ''
LogPluginManager: Mounting plugin Paper2D
LogPluginManager: Mounting plugin AISupport
LogPluginManager: Mounting plugin LightPropagationVolume
LogPluginManager: Mounting plugin CLionSourceCodeAccess
LogPluginManager: Mounting plugin CodeLiteSourceCodeAccess
LogPluginManager: Mounting plugin GitSourceControl
LogPluginManager: Mounting plugin KDevelopSourceCodeAccess
LogPluginManager: Mounting plugin NullSourceCodeAccess
LogPluginManager: Mounting plugin PerforceSourceControl
LogPluginManager: Mounting plugin SubversionSourceControl
LogPluginManager: Mounting plugin UObjectPlugin
LogPluginManager: Mounting plugin VisualStudioCodeSourceCodeAccess
LogPluginManager: Mounting plugin VisualStudioSourceCodeAccess
LogPluginManager: Mounting plugin XCodeSourceCodeAccess
LogPluginManager: Mounting plugin AssetManagerEditor
LogPluginManager: Mounting plugin CryptoKeys
LogPluginManager: Mounting plugin DataValidation
LogPluginManager: Mounting plugin FacialAnimation
LogPluginManager: Mounting plugin GameplayTagsEditor
LogPluginManager: Mounting plugin MacGraphicsSwitching
LogPluginManager: Mounting plugin MeshEditor
LogPluginManager: Mounting plugin MobileLauncherProfileWizard
LogPluginManager: Mounting plugin PluginBrowser
LogPluginManager: Mounting plugin SpeedTreeImporter
LogPluginManager: Mounting plugin DatasmithContent
LogPluginManager: Mounting plugin AlembicImporter
LogPluginManager: Mounting plugin AppleImageUtils
LogPluginManager: Mounting plugin AppleVision
LogPluginManager: Mounting plugin BackChannel
LogPluginManager: Mounting plugin CharacterAI
LogPluginManager: Mounting plugin GeometryCache
LogPluginManager: Mounting plugin HTML5Networking
LogPluginManager: Mounting plugin ProxyLODPlugin
LogPluginManager: Mounting plugin MagicLeap
LogPluginManager: Mounting plugin MagicLeapEmulator
LogPluginManager: Mounting plugin MagicLeapMedia
LogPluginManager: Mounting plugin AndroidMedia
LogPluginManager: Mounting plugin AvfMedia
LogPluginManager: Mounting plugin ImgMedia
LogPluginManager: Mounting plugin LinearTimecode
LogPluginManager: Mounting plugin MediaCompositing
LogPluginManager: Mounting plugin MediaPlayerEditor
LogPluginManager: Mounting plugin WmfMedia
LogPluginManager: Mounting plugin TcpMessaging
LogPluginManager: Mounting plugin UdpMessaging
LogPluginManager: Mounting plugin ActorSequence
LogPluginManager: Mounting plugin LevelSequenceEditor
LogPluginManager: Mounting plugin MatineeToLevelSequence
LogPluginManager: Mounting plugin NetcodeUnitTest
LogPluginManager: Mounting plugin NUTUnrealEngine4
LogPluginManager: Mounting plugin OnlineSubsystemGooglePlay
LogPluginManager: Mounting plugin OnlineSubsystemIOS
LogPluginManager: Mounting plugin OnlineSubsystem
LogPluginManager: Mounting plugin OnlineSubsystemNull
LogPluginManager: Mounting plugin OnlineSubsystemUtils
LogPluginManager: Mounting plugin LauncherChunkInstaller
LogPluginManager: Mounting plugin AndroidDeviceProfileSelector
LogPluginManager: Mounting plugin AndroidMoviePlayer
LogPluginManager: Mounting plugin AndroidPermission
LogPluginManager: Mounting plugin AppleMoviePlayer
LogPluginManager: Mounting plugin ArchVisCharacter
LogPluginManager: Mounting plugin AudioCapture
LogPluginManager: Mounting plugin CableComponent
LogPluginManager: Mounting plugin CustomMeshComponent
LogPluginManager: Mounting plugin EditableMesh
LogPluginManager: Mounting plugin ExampleDeviceProfileSelector
LogPluginManager: Mounting plugin GoogleCloudMessaging
LogPluginManager: Mounting plugin ImmediatePhysics
LogPluginManager: Mounting plugin IOSDeviceProfileSelector
LogPluginManager: Mounting plugin LinuxDeviceProfileSelector
LogPluginManager: Mounting plugin LocationServicesBPLibrary
LogPluginManager: Mounting plugin MobilePatchingUtils
LogPluginManager: Mounting plugin OculusVR
LogPluginManager: Plugin shader directory ../../../Engine/Plugins/Runtime/Oculus/OculusVR/Shaders found
LogPluginManager: Mapping shader source directory ../../../Engine/Plugins/Runtime/Oculus/OculusVR/Shaders to virtual directory /Plugin/OculusVR
LogPluginManager: Mounting plugin PhysXVehicles
LogPluginManager: Mounting plugin ProceduralMeshComponent
LogPluginManager: Mounting plugin RuntimePhysXCooking
LogPluginManager: Mounting plugin SteamVR
LogPluginManager: Mounting plugin WindowsMoviePlayer
LogStreaming: Display: Took  0.148s to configure plugins.
LogInit: Using libcurl 7.55.1-DEV
LogInit:  - built for x86_64-pc-win32
LogInit:  - supports SSL with OpenSSL/1.0.2h
LogInit:  - supports HTTP deflate (compression) using libz 1.2.8
LogInit:  - other features:
LogInit:      CURL_VERSION_SSL
LogInit:      CURL_VERSION_LIBZ
LogInit:      CURL_VERSION_IPV6
LogInit:      CURL_VERSION_ASYNCHDNS
LogInit:      CURL_VERSION_LARGEFILE
LogInit:      CURL_VERSION_IDN
LogInit:  CurlRequestOptions (configurable via config and command line):
LogInit:  - bVerifyPeer = false  - Libcurl will NOT verify peer certificate
LogInit:  - bUseHttpProxy = false  - Libcurl will NOT use HTTP proxy
LogInit:  - bDontReuseConnections = false  - Libcurl will reuse connections
LogInit:  - CertBundlePath = nullptr  - Libcurl will use whatever was configured at build time.
LogInit:  - MaxHostConnections = 16  - Libcurl will limit the number of connections to a host
LogInit:  - LocalHostAddr = Default
LogInit:  - BufferSize = 65536
LogInit: WinSock: version 1.1 (2.2), MaxSocks=32767, MaxUdp=65467
LogInit: Build: ++UE4+Release-4.20-CL-4369336
LogInit: Engine Version: 4.20.3-4369336+++UE4+Release-4.20
LogInit: Compatible Engine Version: 4.20.0-4212847+++UE4+Release-4.20
LogInit: Net CL: 4212847
LogInit: OS: Windows 10 (), CPU: Intel(R) Core(TM) i5-7300HQ CPU @ 2.50GHz, GPU: Intel(R) HD Graphics 630
LogInit: Compiled (64-bit): Sep 17 2018 12:26:19
LogInit: Compiled with Visual C++: 19.13.26129.00
LogInit: Build Configuration: Development
LogInit: Branch Name: ++UE4+Release-4.20
LogInit: Command Line: -EpicPortal  -epicusername="blooia" -epicuserid=27591ec173fc45aba594a0e4d13e8e68 -epiclocale=pl
LogInit: Base Directory: D:/unreal/UE_4.20/Engine/Binaries/Win64/
LogInit: Installed Engine Build: 1
LogDevObjectVersion: Number of dev versions registered: 20
LogDevObjectVersion:   Dev-Blueprints (B0D832E4-1F89-4F0D-ACCF-7EB736FD4AA2): 10
LogDevObjectVersion:   Dev-Build (E1C64328-A22C-4D53-A36C-8E866417BD8C): 0
LogDevObjectVersion:   Dev-Core (375EC13C-06E4-48FB-B500-84F0262A717E): 2
LogDevObjectVersion:   Dev-Editor (E4B068ED-F494-42E9-A231-DA0B2E46BB41): 24
LogDevObjectVersion:   Dev-Framework (CFFC743F-43B0-4480-9391-14DF171D2073): 34
LogDevObjectVersion:   Dev-Mobile (B02B49B5-BB20-44E9-A304-32B752E40360): 2
LogDevObjectVersion:   Dev-Networking (A4E4105C-59A1-49B5-A7C5-40C4547EDFEE): 0
LogDevObjectVersion:   Dev-Online (39C831C9-5AE6-47DC-9A44-9C173E1C8E7C): 0
LogDevObjectVersion:   Dev-Physics (78F01B33-EBEA-4F98-B9B4-84EACCB95AA2): 0
LogDevObjectVersion:   Dev-Platform (6631380F-2D4D-43E0-8009-CF276956A95A): 0
LogDevObjectVersion:   Dev-Rendering (12F88B9F-8875-4AFC-A67C-D90C383ABD29): 26
LogDevObjectVersion:   Dev-Sequencer (7B5AE74C-D270-4C10-A958-57980B212A5A): 9
LogDevObjectVersion:   Dev-VR (D7296918-1DD6-4BDD-9DE2-64A83CC13884): 2
LogDevObjectVersion:   Dev-LoadTimes (C2A15278-BFE7-4AFE-6C17-90FF531DF755): 1
LogDevObjectVersion:   Private-Geometry (6EACA3D4-40EC-4CC1-B786-8BED09428FC5): 3
LogDevObjectVersion:   Dev-AnimPhys (29E575DD-E0A3-4627-9D10-D276232CDCEA): 17
LogDevObjectVersion:   Dev-ReflectionCapture (6B266CEC-1EC7-4B8F-A30B-E4D90942FC07): 1
LogDevObjectVersion:   Dev-Automation (0DF73D61-A23F-47EA-B727-89E90C41499A): 1
LogDevObjectVersion:   FortniteMain (601D1886-AC64-4F84-AA16-D3DE0DEAC7D6): 12
LogDevObjectVersion:   Dev-Enterprise (9DFFBCD6-494F-0158-E221-12823C92A888): 1
LogStreaming: Display: Took  0.000s to delete old logs.
LogInit: Presizing for max 8388607 objects, including 0 objects not considered by GC, pre-allocating 0 bytes for permanent pool.
LogInit: Object subsystem initialized
[2021.01.09-18.14.37:310][  0]LogInit: Selected Device Profile: [Windows]
[2021.01.09-18.14.37:310][  0]LogInit: Applying CVar settings loaded from the selected device profile: [Windows]
[2021.01.09-18.14.37:331][  0]LogHAL: Display: Platform has ~ 8 GB [8445386752 / 8589934592 / 8], which maps to Default [LargestMinGB=32, LargerMinGB=12, DefaultMinGB=8, SmallerMinGB=6, SmallestMinGB=0)
[2021.01.09-18.14.37:331][  0]LogInit: Setting Device Profile CVar: [[r.Vulkan.UseRealUBs:1]]
[2021.01.09-18.14.37:331][  0]LogInit: Going up to parent DeviceProfile []
[2021.01.09-18.14.37:332][  0]LogInit: Computer: DESKTOP-RHMTELH
[2021.01.09-18.14.37:332][  0]LogInit: User: belee
[2021.01.09-18.14.37:332][  0]LogInit: CPU Page size=4096, Cores=4
[2021.01.09-18.14.37:332][  0]LogInit: High frequency timer resolution =10.000000 MHz
[2021.01.09-18.14.37:332][  0]LogMemory: Memory total: Physical=7.9GB (8GB approx)
[2021.01.09-18.14.37:332][  0]LogMemory: Platform Memory Stats for Windows
[2021.01.09-18.14.37:332][  0]LogMemory: Process Physical Memory: 101.91 MB used, 101.92 MB peak
[2021.01.09-18.14.37:332][  0]LogMemory: Process Virtual Memory: 84.95 MB used, 84.95 MB peak
[2021.01.09-18.14.37:332][  0]LogMemory: Physical Memory: 6548.51 MB used,  1505.64 MB free, 8054.15 MB total
[2021.01.09-18.14.37:332][  0]LogMemory: Virtual Memory: 4605.18 MB used,  1505.64 MB free, 134217728.00 MB total
[2021.01.09-18.14.37:356][  0]LogInit: Using OS detected language (pl-PL).
[2021.01.09-18.14.37:356][  0]LogInit: Using OS detected locale (pl-PL).
[2021.01.09-18.14.37:357][  0]LogTextLocalizationManager: No specific localization for 'pl-PL' exists, so the 'pl' localization will be used.
[2021.01.09-18.14.37:359][  0]LogStreaming: Display: Took  0.003s to InitEngineTextLocalization.
[2021.01.09-18.14.37:359][  0]LogInit: Setting process to per monitor DPI aware
[2021.01.09-18.14.37:413][  0]LogSlate: New Slate User Created.  User Index 0, Is Virtual User: 0
[2021.01.09-18.14.37:413][  0]LogSlate: Slate User Registered.  User Index 0, Is Virtual User: 0
[2021.01.09-18.14.37:723][  0]LogHMD: Failed to initialize OpenVR with code 110
[2021.01.09-18.14.37:723][  0]LogD3D11RHI: D3D11 adapters:
[2021.01.09-18.14.37:838][  0]LogD3D11RHI:    0. 'NVIDIA GeForce GTX 1050' (Feature Level 11_0)
[2021.01.09-18.14.37:838][  0]LogD3D11RHI:       4021/0/4027 MB DedicatedVideo/DedicatedSystem/SharedSystem, Outputs:2, VendorId:0x10de
[2021.01.09-18.14.37:861][  0]LogD3D11RHI:    1. 'Intel(R) HD Graphics 630' (Feature Level 11_0)
[2021.01.09-18.14.37:861][  0]LogD3D11RHI:       128/0/4027 MB DedicatedVideo/DedicatedSystem/SharedSystem, Outputs:0, VendorId:0x8086
[2021.01.09-18.14.37:864][  0]LogD3D11RHI:    2. 'Microsoft Basic Render Driver' (Feature Level 11_0)
[2021.01.09-18.14.37:864][  0]LogD3D11RHI:       0/0/4027 MB DedicatedVideo/DedicatedSystem/SharedSystem, Outputs:0, VendorId:0x1414
[2021.01.09-18.14.37:864][  0]LogD3D11RHI: Chosen D3D11 Adapter: 0
[2021.01.09-18.14.37:922][  0]LogD3D11RHI: Creating new Direct3DDevice
[2021.01.09-18.14.37:922][  0]LogD3D11RHI:     GPU DeviceId: 0x1c8d (for the marketing name, search the web for "GPU Device Id")
[2021.01.09-18.14.37:922][  0]LogWindows: EnumDisplayDevices:
[2021.01.09-18.14.37:922][  0]LogWindows:    0. 'Intel(R) HD Graphics 630' (P:0 D:1)
[2021.01.09-18.14.37:923][  0]LogWindows:    1. 'Intel(R) HD Graphics 630' (P:1 D:1)
[2021.01.09-18.14.37:923][  0]LogWindows:    2. 'Intel(R) HD Graphics 630' (P:0 D:0)
[2021.01.09-18.14.37:924][  0]LogWindows: DebugString: PrimaryIsNotTheChoosenAdapter PrimaryIsNotTheChoosenAdapter PrimaryIsNotTheChoosenAdapter FoundDriverCount:0 
[2021.01.09-18.14.37:924][  0]LogD3D11RHI:     Adapter Name: NVIDIA GeForce GTX 1050
[2021.01.09-18.14.37:924][  0]LogD3D11RHI:   Driver Version: Unknown (internal:Unknown, unified:Unknown)
[2021.01.09-18.14.37:924][  0]LogD3D11RHI:      Driver Date: Unknown
[2021.01.09-18.14.37:924][  0]LogRHI: Texture pool is 2814 MB (70% of 4021 MB)
[2021.01.09-18.14.37:999][  0]LogD3D11RHI: Async texture creation enabled
[2021.01.09-18.14.38:018][  0]LogD3D11RHI: GPU Timing Frequency: 1000.000000 (Debug: 2 1)
[2021.01.09-18.14.38:019][  0]LogShaderCompilers: Guid format shader working directory is 14 characters bigger than the processId version (../../../../MazeGameAB/MazeGame/Intermediate/Shaders/WorkingDirectory/23336/).
[2021.01.09-18.14.38:019][  0]LogShaderCompilers: Cleaned the shader compiler working directory 'C:/Users/belee/AppData/Local/Temp/UnrealShaderWorkingDir/B250D16A438B4DA8371A1697549B26D4/'.
[2021.01.09-18.14.38:404][  0]LogTemp: Display: Loaded TP AllDesktopTargetPlatform
[2021.01.09-18.14.38:418][  0]LogTemp: Display: Loaded TP MacClientTargetPlatform
[2021.01.09-18.14.38:431][  0]LogTemp: Display: Loaded TP MacNoEditorTargetPlatform
[2021.01.09-18.14.38:444][  0]LogTemp: Display: Loaded TP MacServerTargetPlatform
[2021.01.09-18.14.38:458][  0]LogTemp: Display: Loaded TP MacTargetPlatform
[2021.01.09-18.14.38:473][  0]LogTemp: Display: Loaded TP WindowsClientTargetPlatform
[2021.01.09-18.14.38:489][  0]LogTemp: Display: Loaded TP WindowsNoEditorTargetPlatform
[2021.01.09-18.14.38:503][  0]LogTemp: Display: Loaded TP WindowsServerTargetPlatform
[2021.01.09-18.14.38:511][  0]LogTemp: Display: Loaded TP WindowsTargetPlatform
[2021.01.09-18.14.38:599][  0]LogTemp: Display: Loaded TP AndroidTargetPlatform
[2021.01.09-18.14.38:600][  0]LogTemp: Display: Loaded TP AndroidTargetPlatform
[2021.01.09-18.14.38:600][  0]LogTemp: Display: Loaded TP AndroidTargetPlatform
[2021.01.09-18.14.38:600][  0]LogTemp: Display: Loaded TP AndroidTargetPlatform
[2021.01.09-18.14.38:600][  0]LogTemp: Display: Loaded TP AndroidTargetPlatform
[2021.01.09-18.14.38:600][  0]LogTemp: Display: Loaded TP AndroidTargetPlatform
[2021.01.09-18.14.38:600][  0]LogTemp: Display: Loaded TP AndroidTargetPlatform
[2021.01.09-18.14.38:600][  0]LogTemp: Display: Loaded TP AndroidTargetPlatform
[2021.01.09-18.14.38:600][  0]LogTemp: Display: Loaded TP AndroidTargetPlatform
[2021.01.09-18.14.38:600][  0]LogTemp: Display: Loaded TP AndroidTargetPlatform
[2021.01.09-18.14.38:600][  0]LogTemp: Display: Loaded TP AndroidTargetPlatform
[2021.01.09-18.14.38:600][  0]LogTemp: Display: Loaded TP AndroidTargetPlatform
[2021.01.09-18.14.38:600][  0]LogTemp: Display: Loaded TP AndroidTargetPlatform
[2021.01.09-18.14.38:600][  0]LogTemp: Display: Loaded TP AndroidTargetPlatform
[2021.01.09-18.14.38:600][  0]LogTemp: Display: Loaded TP AndroidTargetPlatform
[2021.01.09-18.14.38:600][  0]LogTemp: Display: Loaded TP AndroidTargetPlatform
[2021.01.09-18.14.38:600][  0]LogTemp: Display: Loaded TP AndroidTargetPlatform
[2021.01.09-18.14.38:600][  0]LogTemp: Display: Loaded TP AndroidTargetPlatform
[2021.01.09-18.14.38:601][  0]LogTemp: Display: Loaded TP HTML5TargetPlatform
[2021.01.09-18.14.38:663][  0]LogTemp: Display: Loaded TP IOSTargetPlatform
[2021.01.09-18.14.38:663][  0]LogTemp: Display: Loaded TP IOSTargetPlatform
[2021.01.09-18.14.38:691][  0]LogTemp: Display: Loaded TP TVOSTargetPlatform
[2021.01.09-18.14.38:691][  0]LogTemp: Display: Loaded TP TVOSTargetPlatform
[2021.01.09-18.14.38:703][  0]LogTemp: Display: Loaded TP LinuxClientTargetPlatform
[2021.01.09-18.14.38:715][  0]LogTemp: Display: Loaded TP LinuxNoEditorTargetPlatform
[2021.01.09-18.14.38:728][  0]LogTemp: Display: Loaded TP LinuxServerTargetPlatform
[2021.01.09-18.14.38:741][  0]LogTemp: Display: Loaded TP LinuxTargetPlatform
[2021.01.09-18.14.38:750][  0]LogTemp: Display: Loaded TP LuminTargetPlatform
[2021.01.09-18.14.38:750][  0]LogTargetPlatformManager: Display: Building Assets For Windows
[2021.01.09-18.14.38:809][  0]LogXGEController: Cannot use XGE Controller as Incredibuild is not installed on this machine.
[2021.01.09-18.14.38:809][  0]LogShaderCompilers: Cannot use XGE Shader Compiler as Incredibuild is not installed on this machine.
[2021.01.09-18.14.38:809][  0]LogShaderCompilers: Display: Using Local Shader Compiler.
[2021.01.09-18.14.39:566][  0]LogDerivedDataCache: Display: Max Cache Size: 512 MB
[2021.01.09-18.14.39:636][  0]LogDerivedDataCache: Loaded boot cache 0.07s 71MB C:/Users/belee/AppData/Local/UnrealEngine/4.20/DerivedDataCache/Boot.ddc.
[2021.01.09-18.14.39:637][  0]LogDerivedDataCache: Display: Loaded Boot cache: C:/Users/belee/AppData/Local/UnrealEngine/4.20/DerivedDataCache/Boot.ddc
[2021.01.09-18.14.39:637][  0]LogDerivedDataCache: FDerivedDataBackendGraph:  Pak pak cache file ../../../../MazeGameAB/MazeGame/DerivedDataCache/DDC.ddp not found, will not use a pak cache.
[2021.01.09-18.14.39:637][  0]LogDerivedDataCache: Unable to find inner node Pak for hierarchical cache Hierarchy.
[2021.01.09-18.14.39:637][  0]LogDerivedDataCache: FDerivedDataBackendGraph:  CompressedPak pak cache file ../../../../MazeGameAB/MazeGame/DerivedDataCache/Compressed.ddp not found, will not use a pak cache.
[2021.01.09-18.14.39:637][  0]LogDerivedDataCache: Unable to find inner node CompressedPak for hierarchical cache Hierarchy.
[2021.01.09-18.14.39:653][  0]LogDerivedDataCache: Display: Pak cache opened for reading ../../../Engine/DerivedDataCache/Compressed.ddp.
[2021.01.09-18.14.39:666][  0]LogDerivedDataCache: Using Local data cache path C:/Users/belee/AppData/Local/UnrealEngine/Common/DerivedDataCache: Writable
[2021.01.09-18.14.39:666][  0]LogDerivedDataCache: Shared data cache path not found in *engine.ini, will not use an Shared cache.
[2021.01.09-18.14.39:666][  0]LogDerivedDataCache: Unable to find inner node Shared for hierarchical cache Hierarchy.
[2021.01.09-18.14.39:687][  0]LogMaterial: Verifying Global Shaders for PCD3D_SM5
[2021.01.09-18.14.39:689][  0]LogSlate: Using FreeType 2.6.0
[2021.01.09-18.14.39:690][  0]LogSlate: SlateFontServices - WITH_FREETYPE: 1, WITH_HARFBUZZ: 1
[2021.01.09-18.14.39:780][  0]LogAssetRegistry: FAssetRegistry took 0.0266 seconds to start up
[2021.01.09-18.14.40:116][  0]LogInit: Selected Device Profile: [Windows]
[2021.01.09-18.14.40:265][  0]LogSimplygon: Simplygon DLL not present - disabling.
[2021.01.09-18.14.40:268][  0]LogMeshReduction: Using SimplygonSwarm for distributed automatic mesh merging
[2021.01.09-18.14.40:268][  0]LogMeshReduction: Using ProxyLODMeshReduction for automatic mesh merging
[2021.01.09-18.14.40:269][  0]LogMeshReduction: Using QuadricMeshReduction for automatic static mesh reduction
[2021.01.09-18.14.40:269][  0]LogMeshReduction: No automatic skeletal mesh reduction module available
[2021.01.09-18.14.40:288][  0]LogNetVersion: MazeGame 1.0.0, NetCL: 4212847, EngineNetVer: 5, GameNetVer: 0 (Checksum: 803854447)
[2021.01.09-18.14.40:900][  0]LogPackageLocalizationCache: Processed 11 localized package path(s) for 2 prioritized culture(s) in 0.133672 seconds
[2021.01.09-18.14.40:907][  0]LogUObjectArray: 38425 objects as part of root set at end of initial load.
[2021.01.09-18.14.40:907][  0]LogUObjectAllocator: 6690864 out of 0 bytes used by permanent object pool.
[2021.01.09-18.14.40:907][  0]LogUObjectArray: CloseDisregardForGC: 0/0 objects in disregard for GC pool
[2021.01.09-18.14.41:917][  0]LogTcpMessaging: Initializing TcpMessaging bridge
[2021.01.09-18.14.41:931][  0]LogUdpMessaging: Initializing bridge on interface 0.0.0.0:0 to multicast group 230.0.0.1:6666.
[2021.01.09-18.14.42:092][  0]SourceControl: Source control is disabled
[2021.01.09-18.14.42:093][  0]SourceControl: Source control is disabled
[2021.01.09-18.14.42:095][  0]SourceControl: Source control is disabled
[2021.01.09-18.14.42:096][  0]SourceControl: Source control is disabled
[2021.01.09-18.14.42:284][  0]LogAndroidPermission: UAndroidPermissionCallbackProxy::GetInstance
[2021.01.09-18.14.42:401][  0]LogOcInput: OculusInput pre-init called
[2021.01.09-18.14.42:464][  0]LogEngine: Initializing Engine...
[2021.01.09-18.14.42:465][  0]LogHMD: Failed to initialize OpenVR with code 110
[2021.01.09-18.14.42:466][  0]LogStats: UGameplayTagsManager::ConstructGameplayTagTree: ImportINI prefixes -  0.000 s
[2021.01.09-18.14.42:466][  0]LogStats: UGameplayTagsManager::ConstructGameplayTagTree: Construct from data asset -  0.000 s
[2021.01.09-18.14.42:467][  0]LogStats: UGameplayTagsManager::ConstructGameplayTagTree: ImportINI -  0.000 s
[2021.01.09-18.14.42:467][  0]LogStats: UGameplayTagsManager::ConstructGameplayTagTree: GameplayTagTreeChangedEvent.Broadcast -  0.000 s
[2021.01.09-18.14.42:697][  0]LogInit: Initializing FReadOnlyCVARCache
[2021.01.09-18.14.42:708][  0]LogAIModule: Creating AISystem for world Untitled
[2021.01.09-18.14.42:754][  0]LogInit: XAudio2 using 'Głośniki / Słuchawki (Realtek Audio)' : 2 channels at 48 kHz using 32 bits per sample (channel mask 0x3)
[2021.01.09-18.14.43:255][  0]LogInit: FAudioDevice initialized.
[2021.01.09-18.14.43:256][  0]LogNetVersion: Set ProjectVersion to 1.0.0.0. Version Checksum will be recalculated on next use.
[2021.01.09-18.14.43:386][  0]LogDerivedDataCache: Saved boot cache 0.13s 71MB C:/Users/belee/AppData/Local/UnrealEngine/4.20/DerivedDataCache/Boot.ddc.
[2021.01.09-18.14.43:388][  0]LogInit: Texture streaming: Enabled
[2021.01.09-18.14.43:402][  0]LogEngineSessionManager: EngineSessionManager initialized
[2021.01.09-18.14.43:420][  0]LogInit: Transaction tracking system initialized
[2021.01.09-18.14.43:683][  0]BlueprintLog: New page: Editor Load
[2021.01.09-18.14.43:760][  0]LocalizationService: Localization service is disabled
[2021.01.09-18.14.44:102][  0]LogCook: Display: Max memory allowance for cook 16384mb min free memory 0mb
[2021.01.09-18.14.44:102][  0]LogCook: Display: Mobile HDR setting 1
[2021.01.09-18.14.44:131][  0]LogFileCache: Scanning file cache for directory 'D:/unreal/MazeGameAB/MazeGame/Content/' took 0.01s
[2021.01.09-18.14.44:131][  0]LogGameplayTags: Display: UGameplayTagsManager::DoneAddingNativeTags. DelegateIsBound: 0
[2021.01.09-18.14.44:131][  0]LogStats: UGameplayTagsManager::ConstructGameplayTagTree: ImportINI prefixes -  0.000 s
[2021.01.09-18.14.44:131][  0]LogStats: UGameplayTagsManager::ConstructGameplayTagTree: Construct from data asset -  0.000 s
[2021.01.09-18.14.44:131][  0]LogStats: UGameplayTagsManager::ConstructGameplayTagTree: ImportINI -  0.000 s
[2021.01.09-18.14.44:131][  0]LogStats: UGameplayTagsManager::ConstructGameplayTagTree: GameplayTagTreeChangedEvent.Broadcast -  0.000 s
[2021.01.09-18.14.44:244][  0]SourceControl: Source control is disabled
[2021.01.09-18.14.44:244][  0]Cmd: MAP LOAD FILE="../../../../MazeGameAB/MazeGame/Content/StarterContent/Maps/Minimal_Default.umap" TEMPLATE=0 SHOWPROGRESS=1 FEATURELEVEL=3
[2021.01.09-18.14.44:245][  0]LightingResults: New page: Lighting Build
[2021.01.09-18.14.44:247][  0]MapCheck: New page: Map Check
[2021.01.09-18.14.44:247][  0]LightingResults: New page: Lighting Build
[2021.01.09-18.14.44:538][  0]LogLinker: Warning: Can't find file '/Game/StarterContent/Maps/Minimal_Default_BuiltData'
[2021.01.09-18.14.44:538][  0]LogLinker: Warning: Can't find file for asset '/Game/StarterContent/Maps/Minimal_Default_BuiltData' while loading ../../../../MazeGameAB/MazeGame/Content/StarterContent/Maps/Minimal_Default.umap.
[2021.01.09-18.14.44:538][  0]LoadErrors: Error: /Game/StarterContent/Maps/Minimal_Default : Can't find file for asset. /Game/StarterContent/Maps/Minimal_Default_BuiltData
[2021.01.09-18.14.45:588][  0]LogLinker: Warning: Can't find file '/Game/StarterContent/Maps/Minimal_Default_BuiltData'
[2021.01.09-18.14.45:588][  0]LogLinker: Warning: Can't find file for asset '/Game/StarterContent/Maps/Minimal_Default_BuiltData' while loading ../../../../MazeGameAB/MazeGame/Content/StarterContent/Maps/Minimal_Default.umap.
[2021.01.09-18.14.45:588][  0]LoadErrors: Error: /Game/StarterContent/Maps/Minimal_Default : Can't find file for asset. /Game/StarterContent/Maps/Minimal_Default_BuiltData
[2021.01.09-18.14.46:378][  0]LogLinker: Warning: Can't find file '/Game/StarterContent/Maps/Minimal_Default_BuiltData'
[2021.01.09-18.14.46:378][  0]LogLinker: Warning: Can't find file for asset '/Game/StarterContent/Maps/Minimal_Default_BuiltData' while loading NULL.
[2021.01.09-18.14.46:379][  0]LogLinker: Warning: Can't find file '/Game/StarterContent/Maps/Minimal_Default_BuiltData'
[2021.01.09-18.14.46:379][  0]LogLinker: Warning: Can't find file for asset '/Game/StarterContent/Maps/Minimal_Default_BuiltData' while loading NULL.
[2021.01.09-18.14.46:448][  0]LogLinker: Warning: Can't find file '/Game/StarterContent/Maps/Minimal_Default_BuiltData'
[2021.01.09-18.14.46:448][  0]LoadErrors: Failed to load /Game/StarterContent/Maps/Minimal_Default_BuiltData.Minimal_Default_BuiltData Referenced by PersistentLevel
[2021.01.09-18.14.46:448][  0]LogLinker: Warning: Can't find file for asset '/Game/StarterContent/Maps/Minimal_Default_BuiltData' while loading NULL.
[2021.01.09-18.14.46:448][  0]LoadErrors: Failed to load /Game/StarterContent/Maps/Minimal_Default_BuiltData.Minimal_Default_BuiltData Referenced by PersistentLevel
[2021.01.09-18.14.48:955][  0]LogAIModule: Creating AISystem for world Minimal_Default
[2021.01.09-18.14.49:063][  0]LogEditorServer: Finished looking for orphan Actors (0.000 secs)
[2021.01.09-18.14.49:103][  0]Cmd: MAP CHECKDEP NOCLEARLOG
[2021.01.09-18.14.49:165][  0]MapCheck: Map check complete: 0 Error(s), 0 Warning(s), took 62,132ms to complete.
[2021.01.09-18.14.49:165][  0]LogFileHelpers: Loading map 'Minimal_Default' took 4.921
[2021.01.09-18.14.49:680][  0]LogSlate: Updating window title bar state: overlay mode, drag disabled, window buttons hidden, title bar hidden
[2021.01.09-18.14.49:692][  0]LogSlate: Updating window title bar state: overlay mode, drag disabled, window buttons hidden, title bar hidden
[2021.01.09-18.14.49:700][  0]LogSlate: Updating window title bar state: overlay mode, drag disabled, window buttons hidden, title bar hidden
[2021.01.09-18.14.49:708][  0]LogSlate: Updating window title bar state: overlay mode, drag disabled, window buttons hidden, title bar hidden
[2021.01.09-18.14.49:793][  0]LogCollectionManager: Loaded 0 collections in 0.001091 seconds
[2021.01.09-18.14.49:956][  0]LogFileCache: Scanning file cache for directory 'D:/unreal/MazeGameAB/MazeGame/Saved/Collections/' took 0.01s
[2021.01.09-18.14.49:956][  0]LogFileCache: Scanning file cache for directory 'D:/unreal/MazeGameAB/MazeGame/Content/Developers/belee/Collections/' took 0.01s
[2021.01.09-18.14.49:956][  0]LogFileCache: Scanning file cache for directory 'D:/unreal/MazeGameAB/MazeGame/Content/Collections/' took 0.01s
[2021.01.09-18.14.49:956][  0]LogCollectionManager: Rebuilt the GUID cache for 0 collections in 0.000001 seconds
[2021.01.09-18.14.49:987][  0]LogContentBrowser: Native class hierarchy populated in 0.0291 seconds. Added 2572 classes and 603 folders.
[2021.01.09-18.14.50:074][  0]LogContentBrowser: Native class hierarchy updated for 'WidgetCarousel' in 0.0003 seconds. Added 0 classes and 0 folders.
[2021.01.09-18.14.51:357][  0]LogContentBrowser: Native class hierarchy updated for 'AddContentDialog' in 0.0003 seconds. Added 0 classes and 0 folders.
[2021.01.09-18.14.51:437][  0]LogContentBrowser: Native class hierarchy updated for 'SceneOutliner' in 0.0004 seconds. Added 1 classes and 2 folders.
[2021.01.09-18.14.51:700][  0]LogSlate: Took 0.000332 seconds to synchronously load lazily loaded font '../../../Engine/Content/Slate/Fonts/Roboto-Regular.ttf' (155K)
[2021.01.09-18.14.51:704][  0]LogSlate: Took 0.000392 seconds to synchronously load lazily loaded font '../../../Engine/Content/Slate/Fonts/Roboto-Bold.ttf' (160K)
[2021.01.09-18.14.51:754][  0]LogSlate: Took 0.017038 seconds to synchronously load lazily loaded font '../../../Engine/Content/Editor/Slate/Fonts/FontAwesome.ttf' (139K)
[2021.01.09-18.14.52:258][  0]LogRenderer: Reallocating scene render targets to support 964x440 Format 10 NumSamples 1 (Frame:1).
[2021.01.09-18.14.52:727][  0]LogContentBrowser: Native class hierarchy updated for 'HierarchicalLODOutliner' in 0.0003 seconds. Added 0 classes and 0 folders.
[2021.01.09-18.14.52:727][  0]LogLoad: (Engine Initialization) Total time: 17.18 seconds
[2021.01.09-18.14.52:727][  0]LogLoad: (Engine Initialization) Total Blueprint compile time: 0.00 seconds
[2021.01.09-18.14.52:800][  0]LogContentStreaming: Texture pool size now 1000 MB
[2021.01.09-18.14.52:836][  0]LogSlate: FSceneViewport::OnFocusLost() reason 2
[2021.01.09-18.14.53:031][  0]LogSlate: Took 0.002740 seconds to synchronously load lazily loaded font '../../../Engine/Content/Slate/Fonts/Roboto-Light.ttf' (167K)
[2021.01.09-18.14.53:328][  2]LogAssetRegistry: Asset discovery search completed in 13.5700 seconds
[2021.01.09-18.14.53:329][  2]LogCollectionManager: Rebuilt the object cache for 0 collections in 0.000000 seconds (found 0 objects)
[2021.01.09-18.14.53:329][  2]LogCollectionManager: Fixed up redirectors for 0 collections in 0.000051 seconds (updated 0 objects)
[2021.01.09-18.14.59:271][349]LogSlate: Window 'Message Log' being destroyed
[2021.01.09-18.14.59:276][349]LogSlate: Window 'Message Log' being destroyed
[2021.01.09-18.15.02:439][538]LogSlate: FSceneViewport::OnFocusLost() reason 0
[2021.01.09-18.15.02:701][548]LogSlate: Took 0.000339 seconds to synchronously load lazily loaded font '../../../Engine/Content/Slate/Fonts/Roboto-Light.ttf' (167K)
[2021.01.09-18.15.02:756][548]LogLinker: Warning: Can't find file '/Game/StarterContent/Maps/MainAgnieszkaBonislawska_BuiltData'
[2021.01.09-18.15.02:756][548]LogLinker: Warning: Can't find file for asset '/Game/StarterContent/Maps/MainAgnieszkaBonislawska_BuiltData' while loading ../../../../MazeGameAB/MazeGame/Content/StarterContent/Maps/MainAgnieszkaBonislawska.umap.
[2021.01.09-18.15.02:756][548]LoadErrors: Error: /Game/StarterContent/Maps/MainAgnieszkaBonislawska : Can't find file for asset. /Game/StarterContent/Maps/MainAgnieszkaBonislawska_BuiltData
[2021.01.09-18.15.02:759][548]LogLinker: Warning: Can't find file '/Game/StarterContent/Maps/MainAgnieszkaBonislawska_BuiltData'
[2021.01.09-18.15.02:759][548]LogLinker: Warning: Can't find file for asset '/Game/StarterContent/Maps/MainAgnieszkaBonislawska_BuiltData' while loading ../../../../MazeGameAB/MazeGame/Content/StarterContent/Maps/MainAgnieszkaBonislawska.umap.
[2021.01.09-18.15.02:761][548]LogLinker: Warning: Can't find file '/Game/StarterContent/Maps/MainAgnieszkaBonislawska_BuiltData'
[2021.01.09-18.15.02:761][548]LogLinker: Warning: Can't find file for asset '/Game/StarterContent/Maps/MainAgnieszkaBonislawska_BuiltData' while loading NULL.
[2021.01.09-18.15.02:761][548]LogLinker: Warning: Can't find file '/Game/StarterContent/Maps/MainAgnieszkaBonislawska_BuiltData'
[2021.01.09-18.15.02:762][548]LogLinker: Warning: Can't find file for asset '/Game/StarterContent/Maps/MainAgnieszkaBonislawska_BuiltData' while loading NULL.
[2021.01.09-18.15.02:818][548]LogLinker: Warning: Can't find file '/Game/StarterContent/Maps/MainAgnieszkaBonislawska_BuiltData'
[2021.01.09-18.15.02:818][548]LoadErrors: Failed to load /Game/StarterContent/Maps/MainAgnieszkaBonislawska_BuiltData.MainAgnieszkaBonislawska_BuiltData Referenced by PersistentLevel
[2021.01.09-18.15.02:818][548]LogLinker: Warning: Can't find file for asset '/Game/StarterContent/Maps/MainAgnieszkaBonislawska_BuiltData' while loading NULL.
[2021.01.09-18.15.02:825][548]LogAIModule: Creating AISystem for world MainAgnieszkaBonislawska
[2021.01.09-18.15.02:833][548]LogAssetEditorManager: Opening Asset editor for World /Game/StarterContent/Maps/MainAgnieszkaBonislawska.MainAgnieszkaBonislawska
[2021.01.09-18.15.02:859][548]Cmd: MAP LOAD FILE="../../../../MazeGameAB/MazeGame/Content/StarterContent/Maps/MainAgnieszkaBonislawska.umap" TEMPLATE=0 SHOWPROGRESS=1 FEATURELEVEL=3
[2021.01.09-18.15.02:859][548]LightingResults: New page: Lighting Build
[2021.01.09-18.15.02:860][548]LoadErrors: New page: Loading map: MainAgnieszkaBonislawska.umap
[2021.01.09-18.15.02:861][548]MapCheck: New page: Map Check
[2021.01.09-18.15.02:861][548]LightingResults: New page: Lighting Build
[2021.01.09-18.15.02:892][548]LogEditorServer: Finished looking for orphan Actors (0.000 secs)
[2021.01.09-18.15.02:931][548]Cmd: MAP CHECKDEP NOCLEARLOG
[2021.01.09-18.15.02:993][548]MapCheck: Map check complete: 0 Error(s), 0 Warning(s), took 63,03ms to complete.
[2021.01.09-18.15.02:994][548]LogFileHelpers: Loading map 'MainAgnieszkaBonislawska' took 0.136
[2021.01.09-18.15.06:553][752]LogTemp: Repeating last play command: Selected Viewport
[2021.01.09-18.15.06:577][752]LogBlueprintUserMessages: Early PlayInEditor Detection: Level '/Game/StarterContent/Maps/MainAgnieszkaBonislawska.MainAgnieszkaBonislawska:PersistentLevel' has LevelScriptBlueprint '/Game/StarterContent/Maps/MainAgnieszkaBonislawska.MainAgnieszkaBonislawska:PersistentLevel.MainAgnieszkaBonislawska' with GeneratedClass '/Game/StarterContent/Maps/MainAgnieszkaBonislawska.MainAgnieszkaBonislawska_C' with ClassGeneratedBy '/Game/StarterContent/Maps/MainAgnieszkaBonislawska.MainAgnieszkaBonislawska:PersistentLevel.MainAgnieszkaBonislawska'
[2021.01.09-18.15.06:579][752]LogPlayLevel: PlayLevel: No blueprints needed recompiling
[2021.01.09-18.15.06:605][752]PIE: New page: PIE session: MainAgnieszkaBonislawska (9 sty 2021, 20:15:06)
[2021.01.09-18.15.06:605][752]LogPlayLevel: Creating play world package: /Game/StarterContent/Maps/UEDPIE_0_MainAgnieszkaBonislawska
[2021.01.09-18.15.06:627][752]LogPlayLevel: PIE: StaticDuplicateObject took: (0.022072s)
[2021.01.09-18.15.06:627][752]LogAIModule: Creating AISystem for world MainAgnieszkaBonislawska
[2021.01.09-18.15.06:627][752]LogPlayLevel: PIE: World Init took: (0.000789s)
[2021.01.09-18.15.06:628][752]LogPlayLevel: PIE: Created PIE world by copying editor world from /Game/StarterContent/Maps/MainAgnieszkaBonislawska.MainAgnieszkaBonislawska to /Game/StarterContent/Maps/UEDPIE_0_MainAgnieszkaBonislawska.MainAgnieszkaBonislawska (0.023482s)
[2021.01.09-18.15.06:664][752]LogInit: XAudio2 using 'Głośniki / Słuchawki (Realtek Audio)' : 2 channels at 48 kHz using 32 bits per sample (channel mask 0x3)
[2021.01.09-18.15.06:774][752]LogInit: FAudioDevice initialized.
[2021.01.09-18.15.06:841][752]LogLoad: Game class is 'GameModeBase'
[2021.01.09-18.15.06:871][752]LogWorld: Bringing World /Game/StarterContent/Maps/UEDPIE_0_MainAgnieszkaBonislawska.MainAgnieszkaBonislawska up for play (max tick rate 60) at 2021.01.09-19.15.06
[2021.01.09-18.15.06:875][752]LogWorld: Bringing up level for play took: 0.005167
[2021.01.09-18.15.06:917][752]LogContentBrowser: Native class hierarchy updated for 'MovieSceneCapture' in 0.0003 seconds. Added 10 classes and 0 folders.
[2021.01.09-18.15.06:960][752]PIE: Play in editor start time for /Game/StarterContent/Maps/UEDPIE_0_MainAgnieszkaBonislawska -0,602
[2021.01.09-18.15.06:961][752]LogBlueprintUserMessages: Late PlayInEditor Detection: Level '/Game/StarterContent/Maps/MainAgnieszkaBonislawska.MainAgnieszkaBonislawska:PersistentLevel' has LevelScriptBlueprint '/Game/StarterContent/Maps/MainAgnieszkaBonislawska.MainAgnieszkaBonislawska:PersistentLevel.MainAgnieszkaBonislawska' with GeneratedClass '/Game/StarterContent/Maps/MainAgnieszkaBonislawska.MainAgnieszkaBonislawska_C' with ClassGeneratedBy '/Game/StarterContent/Maps/MainAgnieszkaBonislawska.MainAgnieszkaBonislawska:PersistentLevel.MainAgnieszkaBonislawska'
[2021.01.09-18.15.08:660][846]LogBlueprintUserMessages: [MainAgnieszkaBonislawska_C_17] Hello 
[2021.01.09-18.15.10:660][966]LogBlueprintUserMessages: [MainAgnieszkaBonislawska_C_17] World 
[2021.01.09-18.15.13:912][161]LogBlueprintUserMessages: Early EndPlayMap Detection: Level '/Game/StarterContent/Maps/MainAgnieszkaBonislawska.MainAgnieszkaBonislawska:PersistentLevel' has LevelScriptBlueprint '/Game/StarterContent/Maps/MainAgnieszkaBonislawska.MainAgnieszkaBonislawska:PersistentLevel.MainAgnieszkaBonislawska' with GeneratedClass '/Game/StarterContent/Maps/MainAgnieszkaBonislawska.MainAgnieszkaBonislawska_C' with ClassGeneratedBy '/Game/StarterContent/Maps/MainAgnieszkaBonislawska.MainAgnieszkaBonislawska:PersistentLevel.MainAgnieszkaBonislawska'
[2021.01.09-18.15.13:914][161]LogSlate: Updating window title bar state: overlay mode, drag disabled, window buttons hidden, title bar hidden
[2021.01.09-18.15.13:950][161]LogPlayLevel: Display: Shutting down PIE online subsystems
[2021.01.09-18.15.13:950][161]LogBlueprintUserMessages: Late EndPlayMap Detection: Level '/Game/StarterContent/Maps/MainAgnieszkaBonislawska.MainAgnieszkaBonislawska:PersistentLevel' has LevelScriptBlueprint '/Game/StarterContent/Maps/MainAgnieszkaBonislawska.MainAgnieszkaBonislawska:PersistentLevel.MainAgnieszkaBonislawska' with GeneratedClass '/Game/StarterContent/Maps/MainAgnieszkaBonislawska.MainAgnieszkaBonislawska_C' with ClassGeneratedBy '/Game/StarterContent/Maps/MainAgnieszkaBonislawska.MainAgnieszkaBonislawska:PersistentLevel.MainAgnieszkaBonislawska'
[2021.01.09-18.15.13:978][161]LogSlate: Updating window title bar state: overlay mode, drag disabled, window buttons hidden, title bar hidden
[2021.01.09-18.15.14:031][163]LogPlayLevel: Display: Destroying online subsystem :Context_1
[2021.01.09-18.15.23:383][720]LogSlate: FSceneViewport::OnFocusLost() reason 2
[2021.01.09-18.15.35:316][431]LogAssetEditorManager: Opening Asset editor for World /Game/StarterContent/Maps/MainAgnieszkaBonislawska.MainAgnieszkaBonislawska
[2021.01.09-18.15.35:339][431]Cmd: MAP LOAD FILE="../../../../MazeGameAB/MazeGame/Content/StarterContent/Maps/MainAgnieszkaBonislawska.umap" TEMPLATE=0 SHOWPROGRESS=1 FEATURELEVEL=3
[2021.01.09-18.15.35:339][431]LightingResults: New page: Lighting Build
[2021.01.09-18.15.35:340][431]LoadErrors: New page: Loading map: MainAgnieszkaBonislawska.umap
[2021.01.09-18.15.35:340][431]MapCheck: New page: Map Check
[2021.01.09-18.15.35:340][431]LightingResults: New page: Lighting Build
[2021.01.09-18.15.35:366][431]LogLinker: Warning: Can't find file '/Game/StarterContent/Maps/MainAgnieszkaBonislawska_BuiltData'
[2021.01.09-18.15.35:367][431]LogLinker: Warning: Can't find file for asset '/Game/StarterContent/Maps/MainAgnieszkaBonislawska_BuiltData' while loading ../../../../MazeGameAB/MazeGame/Content/StarterContent/Maps/MainAgnieszkaBonislawska.umap.
[2021.01.09-18.15.35:367][431]LoadErrors: Error: /Game/StarterContent/Maps/MainAgnieszkaBonislawska : Can't find file for asset. /Game/StarterContent/Maps/MainAgnieszkaBonislawska_BuiltData
[2021.01.09-18.15.35:368][431]LogLinker: Warning: Can't find file '/Game/StarterContent/Maps/MainAgnieszkaBonislawska_BuiltData'
[2021.01.09-18.15.35:368][431]LogLinker: Warning: Can't find file for asset '/Game/StarterContent/Maps/MainAgnieszkaBonislawska_BuiltData' while loading ../../../../MazeGameAB/MazeGame/Content/StarterContent/Maps/MainAgnieszkaBonislawska.umap.
[2021.01.09-18.15.35:370][431]LogLinker: Warning: Can't find file '/Game/StarterContent/Maps/MainAgnieszkaBonislawska_BuiltData'
[2021.01.09-18.15.35:370][431]LogLinker: Warning: Can't find file for asset '/Game/StarterContent/Maps/MainAgnieszkaBonislawska_BuiltData' while loading NULL.
[2021.01.09-18.15.35:370][431]LogLinker: Warning: Can't find file '/Game/StarterContent/Maps/MainAgnieszkaBonislawska_BuiltData'
[2021.01.09-18.15.35:370][431]LogLinker: Warning: Can't find file for asset '/Game/StarterContent/Maps/MainAgnieszkaBonislawska_BuiltData' while loading NULL.
[2021.01.09-18.15.35:379][431]LogLinker: Warning: Can't find file '/Game/StarterContent/Maps/MainAgnieszkaBonislawska_BuiltData'
[2021.01.09-18.15.35:379][431]LoadErrors: Failed to load /Game/StarterContent/Maps/MainAgnieszkaBonislawska_BuiltData.MainAgnieszkaBonislawska_BuiltData Referenced by PersistentLevel
[2021.01.09-18.15.35:379][431]LogLinker: Warning: Can't find file for asset '/Game/StarterContent/Maps/MainAgnieszkaBonislawska_BuiltData' while loading NULL.
[2021.01.09-18.15.35:387][431]LogAIModule: Creating AISystem for world MainAgnieszkaBonislawska
[2021.01.09-18.15.35:390][431]LogEditorServer: Finished looking for orphan Actors (0.000 secs)
[2021.01.09-18.15.35:450][431]Cmd: MAP CHECKDEP NOCLEARLOG
[2021.01.09-18.15.35:528][431]MapCheck: Map check complete: 0 Error(s), 0 Warning(s), took 77,571ms to complete.
[2021.01.09-18.15.35:530][431]LogFileHelpers: Loading map 'MainAgnieszkaBonislawska' took 0.191
[2021.01.09-18.15.46:046][ 49]LogSlate: Window 'Message Log' being destroyed
[2021.01.09-18.15.46:050][ 49]LogSlate: Window 'Message Log' being destroyed
[2021.01.09-18.15.53:588][493]LogRenderer: Reallocating scene render targets to support 1224x440 Format 10 NumSamples 1 (Frame:1063).
[2021.01.09-18.16.45:358][215]LogAssetEditorManager: Opening Asset editor for LevelScriptBlueprint /Game/StarterContent/Maps/MainAgnieszkaBonislawska.MainAgnieszkaBonislawska:PersistentLevel.MainAgnieszkaBonislawska
[2021.01.09-18.16.46:489][215]LogContentBrowser: Native class hierarchy updated for 'BlueprintGraph' in 0.0007 seconds. Added 116 classes and 0 folders.
[2021.01.09-18.16.47:756][215]LogSlate: Took 0.023914 seconds to synchronously load lazily loaded font '../../../Engine/Content/Slate/Fonts/Roboto-BoldCondensed.ttf' (158K)
[2021.01.09-18.16.48:167][216]LogSlate: Took 0.018204 seconds to synchronously load lazily loaded font '../../../Engine/Content/Slate/Fonts/Roboto-Italic.ttf' (157K)
[2021.01.09-18.17.21:945][ 18]LogTemp: Repeating last play command: Selected Viewport
[2021.01.09-18.17.21:958][ 18]LogBlueprintUserMessages: Early PlayInEditor Detection: Level '/Game/StarterContent/Maps/MainAgnieszkaBonislawska.MainAgnieszkaBonislawska:PersistentLevel' has LevelScriptBlueprint '/Game/StarterContent/Maps/MainAgnieszkaBonislawska.MainAgnieszkaBonislawska:PersistentLevel.MainAgnieszkaBonislawska' with GeneratedClass '/Game/StarterContent/Maps/MainAgnieszkaBonislawska.MainAgnieszkaBonislawska_C' with ClassGeneratedBy '/Game/StarterContent/Maps/MainAgnieszkaBonislawska.MainAgnieszkaBonislawska:PersistentLevel.MainAgnieszkaBonislawska'
[2021.01.09-18.17.21:958][ 18]LogPlayLevel: PlayLevel: No blueprints needed recompiling
[2021.01.09-18.17.21:958][ 18]PIE: New page: PIE session: MainAgnieszkaBonislawska (9 sty 2021, 20:17:21)
[2021.01.09-18.17.21:959][ 18]LogPlayLevel: Creating play world package: /Game/StarterContent/Maps/UEDPIE_0_MainAgnieszkaBonislawska
[2021.01.09-18.17.21:962][ 18]LogPlayLevel: PIE: StaticDuplicateObject took: (0.003549s)
[2021.01.09-18.17.21:970][ 18]LogAIModule: Creating AISystem for world MainAgnieszkaBonislawska
[2021.01.09-18.17.21:970][ 18]LogPlayLevel: PIE: World Init took: (0.007923s)
[2021.01.09-18.17.21:970][ 18]LogPlayLevel: PIE: Created PIE world by copying editor world from /Game/StarterContent/Maps/MainAgnieszkaBonislawska.MainAgnieszkaBonislawska to /Game/StarterContent/Maps/UEDPIE_0_MainAgnieszkaBonislawska.MainAgnieszkaBonislawska (0.011862s)
[2021.01.09-18.17.22:012][ 18]LogInit: XAudio2 using 'Głośniki / Słuchawki (Realtek Audio)' : 2 channels at 48 kHz using 32 bits per sample (channel mask 0x3)
[2021.01.09-18.17.22:119][ 18]LogInit: FAudioDevice initialized.
[2021.01.09-18.17.22:150][ 18]LogLoad: Game class is 'GameModeBase'
[2021.01.09-18.17.22:151][ 18]LogWorld: Bringing World /Game/StarterContent/Maps/UEDPIE_0_MainAgnieszkaBonislawska.MainAgnieszkaBonislawska up for play (max tick rate 60) at 2021.01.09-19.17.22
[2021.01.09-18.17.22:151][ 18]LogWorld: Bringing up level for play took: 0.000605
[2021.01.09-18.17.22:164][ 18]PIE: Play in editor start time for /Game/StarterContent/Maps/UEDPIE_0_MainAgnieszkaBonislawska 0,601
[2021.01.09-18.17.22:165][ 18]LogBlueprintUserMessages: Late PlayInEditor Detection: Level '/Game/StarterContent/Maps/MainAgnieszkaBonislawska.MainAgnieszkaBonislawska:PersistentLevel' has LevelScriptBlueprint '/Game/StarterContent/Maps/MainAgnieszkaBonislawska.MainAgnieszkaBonislawska:PersistentLevel.MainAgnieszkaBonislawska' with GeneratedClass '/Game/StarterContent/Maps/MainAgnieszkaBonislawska.MainAgnieszkaBonislawska_C' with ClassGeneratedBy '/Game/StarterContent/Maps/MainAgnieszkaBonislawska.MainAgnieszkaBonislawska:PersistentLevel.MainAgnieszkaBonislawska'
[2021.01.09-18.17.23:930][116]LogBlueprintUserMessages: [MainAgnieszkaBonislawska_C_17] Hello 
[2021.01.09-18.17.25:931][236]LogBlueprintUserMessages: [MainAgnieszkaBonislawska_C_17] World 
[2021.01.09-18.17.30:684][521]LogBlueprintUserMessages: Early EndPlayMap Detection: Level '/Game/StarterContent/Maps/MainAgnieszkaBonislawska.MainAgnieszkaBonislawska:PersistentLevel' has LevelScriptBlueprint '/Game/StarterContent/Maps/MainAgnieszkaBonislawska.MainAgnieszkaBonislawska:PersistentLevel.MainAgnieszkaBonislawska' with GeneratedClass '/Game/StarterContent/Maps/MainAgnieszkaBonislawska.MainAgnieszkaBonislawska_C' with ClassGeneratedBy '/Game/StarterContent/Maps/MainAgnieszkaBonislawska.MainAgnieszkaBonislawska:PersistentLevel.MainAgnieszkaBonislawska'
[2021.01.09-18.17.30:684][521]LogSlate: Updating window title bar state: overlay mode, drag disabled, window buttons hidden, title bar hidden
[2021.01.09-18.17.30:732][521]LogPlayLevel: Display: Shutting down PIE online subsystems
[2021.01.09-18.17.30:732][521]LogBlueprintUserMessages: Late EndPlayMap Detection: Level '/Game/StarterContent/Maps/MainAgnieszkaBonislawska.MainAgnieszkaBonislawska:PersistentLevel' has LevelScriptBlueprint '/Game/StarterContent/Maps/MainAgnieszkaBonislawska.MainAgnieszkaBonislawska:PersistentLevel.MainAgnieszkaBonislawska' with GeneratedClass '/Game/StarterContent/Maps/MainAgnieszkaBonislawska.MainAgnieszkaBonislawska_C' with ClassGeneratedBy '/Game/StarterContent/Maps/MainAgnieszkaBonislawska.MainAgnieszkaBonislawska:PersistentLevel.MainAgnieszkaBonislawska'
[2021.01.09-18.17.30:775][521]LogSlate: Updating window title bar state: overlay mode, drag disabled, window buttons hidden, title bar hidden
[2021.01.09-18.17.30:838][522]LogPlayLevel: Display: Destroying online subsystem :Context_3
[2021.01.09-18.17.32:216][600]LogSlate: FSceneViewport::OnFocusLost() reason 0
[2021.01.09-18.42.12:825][103]LogD3D11RHI: Timed out while waiting for GPU to catch up. (0.5 s)
[2021.01.10-00.11.39:503][383]LogSlate: FSceneViewport::OnFocusLost() reason 0
[2021.01.10-00.11.40:235][385]LogSlate: Window 'MainAgnieszkaBonislawska - Level Blueprint Editor' being destroyed
[2021.01.10-00.11.40:458][385]LogSlate: Window 'MazeGame - Unreal Editor' being destroyed
[2021.01.10-00.11.40:460][385]LogWindowsTextInputMethodSystem: Display: IME system now deactivated.
[2021.01.10-00.11.40:817][386]Cmd: QUIT_EDITOR
[2021.01.10-00.11.41:300][386]LogExit: Preparing to exit.
[2021.01.10-00.11.41:785][386]LogExit: Editor shut down
[2021.01.10-00.11.41:785][386]LogExit: Transaction tracking system shut down
[2021.01.10-00.11.42:472][386]LogExit: Object subsystem successfully closed.
[2021.01.10-00.11.42:515][386]LogShaderCompilers: Display: Shaders left to compile 0
[2021.01.10-00.11.42:523][386]LogD3D11RHI: Shutdown
[2021.01.10-00.11.42:523][386]LogD3D11RHI: CleanupD3DDevice
[2021.01.10-00.11.42:532][386]LogD3D11RHI: ~FD3D11DynamicRHI
[2021.01.10-00.11.42:632][386]LogModuleManager: Shutting down and abandoning module BlueprintGraph (616)
[2021.01.10-00.11.42:632][386]LogModuleManager: Shutting down and abandoning module MovieSceneCapture (614)
[2021.01.10-00.11.42:632][386]LogModuleManager: Shutting down and abandoning module Voice (612)
[2021.01.10-00.11.42:633][386]LogModuleManager: Shutting down and abandoning module HierarchicalLODOutliner (610)
[2021.01.10-00.11.42:633][386]LogModuleManager: Shutting down and abandoning module SceneOutliner (608)
[2021.01.10-00.11.42:633][386]LogModuleManager: Shutting down and abandoning module AddContentDialog (606)
[2021.01.10-00.11.42:638][386]LogModuleManager: Shutting down and abandoning module WidgetCarousel (605)
[2021.01.10-00.11.42:638][386]LogModuleManager: Shutting down and abandoning module EditorWidgets (602)
[2021.01.10-00.11.42:638][386]LogModuleManager: Shutting down and abandoning module CollectionManager (600)
[2021.01.10-00.11.42:640][386]LogModuleManager: Shutting down and abandoning module StatsViewer (598)
[2021.01.10-00.11.42:640][386]LogModuleManager: Shutting down and abandoning module FoliageEdit (596)
[2021.01.10-00.11.42:641][386]LogModuleManager: Shutting down and abandoning module LandscapeEditor (594)
[2021.01.10-00.11.42:644][386]LogModuleManager: Shutting down and abandoning module MeshPaintMode (592)
[2021.01.10-00.11.42:645][386]LogModuleManager: Shutting down and abandoning module SceneDepthPickerMode (590)
[2021.01.10-00.11.42:645][386]LogModuleManager: Shutting down and abandoning module ActorPickerMode (588)
[2021.01.10-00.11.42:645][386]LogModuleManager: Shutting down and abandoning module GeometryMode (586)
[2021.01.10-00.11.42:645][386]LogModuleManager: Shutting down and abandoning module TextureAlignMode (584)
[2021.01.10-00.11.42:645][386]LogModuleManager: Shutting down and abandoning module BspMode (582)
[2021.01.10-00.11.42:645][386]LogModuleManager: Shutting down and abandoning module PIEPreviewDeviceProfileSelector (580)
[2021.01.10-00.11.42:646][386]LogModuleManager: Shutting down and abandoning module SequenceRecorderSections (578)
[2021.01.10-00.11.42:647][386]LogModuleManager: Shutting down and abandoning module AutomationWorker (576)
[2021.01.10-00.11.42:647][386]LogModuleManager: Shutting down and abandoning module AudioCaptureEditor (574)
[2021.01.10-00.11.42:647][386]LogModuleManager: Shutting down and abandoning module SequenceRecorder (573)
[2021.01.10-00.11.42:647][386]LogModuleManager: Shutting down and abandoning module MatineeToLevelSequence (570)
[2021.01.10-00.11.42:649][386]LogModuleManager: Shutting down and abandoning module LevelSequenceEditor (568)
[2021.01.10-00.11.42:653][386]LogModuleManager: Shutting down and abandoning module PlacementMode (567)
[2021.01.10-00.11.42:653][386]LogModuleManager: Shutting down and abandoning module MaterialEditor (566)
[2021.01.10-00.11.42:671][386]LogModuleManager: Shutting down and abandoning module WmfMediaFactory (562)
[2021.01.10-00.11.42:671][386]LogModuleManager: Shutting down and abandoning module WmfMediaEditor (560)
[2021.01.10-00.11.42:671][386]LogModuleManager: Shutting down and abandoning module MediaPlayerEditor (558)
[2021.01.10-00.11.42:673][386]LogModuleManager: Shutting down and abandoning module OpenExrWrapper (556)
[2021.01.10-00.11.42:673][386]LogModuleManager: Shutting down and abandoning module ImgMediaFactory (554)
[2021.01.10-00.11.42:673][386]LogModuleManager: Shutting down and abandoning module ImgMediaEditor (552)
[2021.01.10-00.11.42:673][386]LogModuleManager: Shutting down and abandoning module AvfMediaFactory (550)
[2021.01.10-00.11.42:673][386]LogModuleManager: Shutting down and abandoning module AvfMediaEditor (548)
[2021.01.10-00.11.42:673][386]LogModuleManager: Shutting down and abandoning module AndroidMediaFactory (546)
[2021.01.10-00.11.42:673][386]LogModuleManager: Shutting down and abandoning module AndroidMediaEditor (544)
[2021.01.10-00.11.42:673][386]LogModuleManager: Shutting down and abandoning module MagicLeapCameraPreviewFactory (542)
[2021.01.10-00.11.42:673][386]LogModuleManager: Shutting down and abandoning module MagicLeapMediaFactory (540)
[2021.01.10-00.11.42:674][386]LogModuleManager: Shutting down and abandoning module MagicLeapMediaEditor (538)
[2021.01.10-00.11.42:674][386]LogModuleManager: Shutting down and abandoning module CharacterAI (536)
[2021.01.10-00.11.42:674][386]LogModuleManager: Shutting down and abandoning module SmartSnapping (534)
[2021.01.10-00.11.42:674][386]LogModuleManager: Shutting down and abandoning module SessionServices (532)
[2021.01.10-00.11.42:674][386]LogModuleManager: Shutting down and abandoning module ViewportSnapping (530)
[2021.01.10-00.11.42:674][386]LogModuleManager: Shutting down and abandoning module ViewportInteraction (528)
[2021.01.10-00.11.42:674][386]LogModuleManager: Shutting down and abandoning module ClothPainter (526)
[2021.01.10-00.11.42:677][386]LogModuleManager: Shutting down and abandoning module SkeletalMeshEditor (525)
[2021.01.10-00.11.42:680][386]LogModuleManager: Shutting down and abandoning module LogVisualizer (522)
[2021.01.10-00.11.42:683][386]LogModuleManager: Shutting down and abandoning module IntroTutorials (520)
[2021.01.10-00.11.42:686][386]LogModuleManager: Shutting down and abandoning module GameProjectGeneration (519)
[2021.01.10-00.11.42:687][386]LogModuleManager: Shutting down and abandoning module LuminPlatformEditor (516)
[2021.01.10-00.11.42:687][386]LogModuleManager: Shutting down and abandoning module IOSPlatformEditor (514)
[2021.01.10-00.11.42:687][386]LogModuleManager: Shutting down and abandoning module HTML5PlatformEditor (512)
[2021.01.10-00.11.42:687][386]LogModuleManager: Shutting down and abandoning module AndroidPlatformEditor (510)
[2021.01.10-00.11.42:688][386]LogModuleManager: Shutting down and abandoning module AndroidDeviceDetection (509)
[2021.01.10-00.11.44:450][386]LogModuleManager: Shutting down and abandoning module WindowsPlatformEditor (506)
[2021.01.10-00.11.44:450][386]LogModuleManager: Shutting down and abandoning module LuminRuntimeSettings (504)
[2021.01.10-00.11.44:450][386]LogModuleManager: Shutting down and abandoning module IOSRuntimeSettings (502)
[2021.01.10-00.11.44:450][386]LogModuleManager: Shutting down and abandoning module AndroidRuntimeSettings (500)
[2021.01.10-00.11.44:450][386]LogModuleManager: Shutting down and abandoning module InputBindingEditor (498)
[2021.01.10-00.11.44:452][386]LogModuleManager: Shutting down and abandoning module MergeActors (496)
[2021.01.10-00.11.44:454][386]LogModuleManager: Shutting down and abandoning module LocalizationDashboard (494)
[2021.01.10-00.11.44:456][386]LogModuleManager: Shutting down and abandoning module LocalizationService (493)
[2021.01.10-00.11.44:456][386]LogModuleManager: Shutting down and abandoning module HardwareTargeting (490)
[2021.01.10-00.11.44:456][386]LogModuleManager: Shutting down and abandoning module DeviceProfileEditor (488)
[2021.01.10-00.11.44:456][386]LogModuleManager: Shutting down and abandoning module UndoHistory (486)
[2021.01.10-00.11.44:457][386]LogModuleManager: Shutting down and abandoning module XmlParser (484)
[2021.01.10-00.11.44:457][386]LogModuleManager: Shutting down and abandoning module Blutility (482)
[2021.01.10-00.11.44:457][386]LogModuleManager: Shutting down and abandoning module ProjectSettingsViewer (480)
[2021.01.10-00.11.44:458][386]LogModuleManager: Shutting down and abandoning module ProjectTargetPlatformEditor (479)
[2021.01.10-00.11.44:458][386]LogModuleManager: Shutting down and abandoning module EditorSettingsViewer (476)
[2021.01.10-00.11.44:458][386]LogModuleManager: Shutting down and abandoning module SettingsEditor (474)
[2021.01.10-00.11.44:461][386]LogModuleManager: Shutting down and abandoning module ProjectLauncher (472)
[2021.01.10-00.11.44:463][386]LogModuleManager: Shutting down and abandoning module SessionFrontend (470)
[2021.01.10-00.11.44:463][386]LogModuleManager: Shutting down and abandoning module ProfilerClient (468)
[2021.01.10-00.11.44:464][386]LogModuleManager: Shutting down and abandoning module DeviceManager (466)
[2021.01.10-00.11.44:464][386]LogModuleManager: Shutting down and abandoning module TargetDeviceServices (465)
[2021.01.10-00.11.44:518][386]LogModuleManager: Shutting down and abandoning module AutomationController (462)
[2021.01.10-00.11.44:520][386]LogModuleManager: Shutting down and abandoning module AutomationWindow (460)
[2021.01.10-00.11.44:522][386]LogModuleManager: Shutting down and abandoning module Layers (458)
[2021.01.10-00.11.44:526][386]LogModuleManager: Shutting down and abandoning module ComponentVisualizers (456)
[2021.01.10-00.11.44:526][386]LogModuleManager: Shutting down and abandoning module DetailCustomizations (454)
[2021.01.10-00.11.44:528][386]LogModuleManager: Shutting down and abandoning module PackagesDialog (452)
[2021.01.10-00.11.44:530][386]LogModuleManager: Shutting down and abandoning module Persona (450)
[2021.01.10-00.11.44:534][386]LogModuleManager: Shutting down and abandoning module AdvancedPreviewScene (449)
[2021.01.10-00.11.44:534][386]LogModuleManager: Shutting down and abandoning module AnimGraph (447)
[2021.01.10-00.11.44:534][386]LogModuleManager: Shutting down and abandoning module Kismet (444)
[2021.01.10-00.11.44:541][386]LogModuleManager: Shutting down and abandoning module GraphEditor (442)
[2021.01.10-00.11.44:541][386]LogModuleManager: Shutting down and abandoning module ClassViewer (440)
[2021.01.10-00.11.44:541][386]LogModuleManager: Shutting down and abandoning module Toolbox (438)
[2021.01.10-00.11.44:541][386]LogModuleManager: Shutting down and abandoning module ModuleUI (436)
[2021.01.10-00.11.44:543][386]LogModuleManager: Shutting down and abandoning module MovieSceneTools (434)
[2021.01.10-00.11.44:544][386]LogModuleManager: Shutting down and abandoning module OutputLog (432)
[2021.01.10-00.11.44:544][386]LogModuleManager: Shutting down and abandoning module GammaUI (430)
[2021.01.10-00.11.44:546][386]LogModuleManager: Shutting down and abandoning module Documentation (428)
[2021.01.10-00.11.44:546][386]LogModuleManager: Shutting down and abandoning module MovieSceneTracks (426)
[2021.01.10-00.11.44:546][386]LogModuleManager: Shutting down and abandoning module MovieScene (424)
[2021.01.10-00.11.44:547][386]LogModuleManager: Shutting down and abandoning module StreamingPauseRendering (422)
[2021.01.10-00.11.44:547][386]LogModuleManager: Shutting down and abandoning module LauncherPlatform (420)
[2021.01.10-00.11.44:547][386]LogModuleManager: Shutting down and abandoning module AnalyticsET (418)
[2021.01.10-00.11.44:547][386]LogModuleManager: Shutting down and abandoning module PortalServices (416)
[2021.01.10-00.11.44:547][386]LogModuleManager: Shutting down and abandoning module PortalRpc (414)
[2021.01.10-00.11.44:547][386]LogModuleManager: Shutting down and abandoning module MessagingRpc (412)
[2021.01.10-00.11.44:547][386]LogModuleManager: Shutting down and abandoning module AIModule (410)
[2021.01.10-00.11.44:548][386]LogModuleManager: Shutting down and abandoning module GameplayDebugger (409)
[2021.01.10-00.11.44:549][386]LogModuleManager: Shutting down and abandoning module AITestSuite (407)
[2021.01.10-00.11.44:551][386]LogModuleManager: Shutting down and abandoning module NavigationSystem (405)
[2021.01.10-00.11.44:551][386]LogModuleManager: Shutting down and abandoning module DesktopPlatform (402)
[2021.01.10-00.11.44:551][386]LogModuleManager: Shutting down and abandoning module ProfilerService (400)
[2021.01.10-00.11.44:591][386]LogModuleManager: Shutting down and abandoning module TaskGraph (398)
[2021.01.10-00.11.44:594][386]LogModuleManager: Shutting down and abandoning module SteamVRController (396)
[2021.01.10-00.11.44:594][386]LogModuleManager: Shutting down and abandoning module ProceduralMeshComponentEditor (394)
[2021.01.10-00.11.44:594][386]LogModuleManager: Shutting down and abandoning module ProceduralMeshComponent (392)
[2021.01.10-00.11.44:594][386]LogModuleManager: Shutting down and abandoning module OculusInput (390)
[2021.01.10-00.11.44:594][386]LogModuleManager: Shutting down and abandoning module MobilePatchingUtils (388)
[2021.01.10-00.11.44:594][386]LogModuleManager: Shutting down and abandoning module EditableMesh (386)
[2021.01.10-00.11.44:595][386]LogModuleManager: Shutting down and abandoning module CustomMeshComponent (384)
[2021.01.10-00.11.44:595][386]LogModuleManager: Shutting down and abandoning module CableComponent (382)
[2021.01.10-00.11.44:595][386]LogModuleManager: Shutting down and abandoning module AudioCapture (380)
[2021.01.10-00.11.44:595][386]LogModuleManager: Shutting down and abandoning module ArchVisCharacter (378)
[2021.01.10-00.11.44:595][386]LogModuleManager: Shutting down and abandoning module AndroidPermission (376)
[2021.01.10-00.11.44:595][386]LogModuleManager: Shutting down and abandoning module NUTUnrealEngine4 (374)
[2021.01.10-00.11.44:595][386]LogModuleManager: Shutting down and abandoning module NetcodeUnitTest (372)
[2021.01.10-00.11.44:600][386]LogModuleManager: Shutting down and abandoning module MediaCompositingEditor (370)
[2021.01.10-00.11.44:600][386]LogModuleManager: Shutting down and abandoning module MediaCompositing (368)
[2021.01.10-00.11.44:600][386]LogModuleManager: Shutting down and abandoning module LinearTimecode (366)
[2021.01.10-00.11.44:600][386]LogModuleManager: Shutting down and abandoning module ImgMedia (364)
[2021.01.10-00.11.44:606][386]LogModuleManager: Shutting down and abandoning module HTML5Networking (362)
[2021.01.10-00.11.44:606][386]LogModuleManager: Shutting down and abandoning module GeometryCacheTracks (360)
[2021.01.10-00.11.44:606][386]LogModuleManager: Shutting down and abandoning module GeometryCacheSequencer (358)
[2021.01.10-00.11.44:606][386]LogModuleManager: Shutting down and abandoning module BackChannel (356)
[2021.01.10-00.11.44:607][386]LogModuleManager: Shutting down and abandoning module AppleVision (354)
[2021.01.10-00.11.44:607][386]LogModuleManager: Shutting down and abandoning module AppleImageUtils (352)
[2021.01.10-00.11.44:607][386]LogModuleManager: Shutting down and abandoning module AlembicImporter (350)
[2021.01.10-00.11.44:607][386]LogModuleManager: Shutting down and abandoning module AlembicLibrary (349)
[2021.01.10-00.11.44:607][386]LogModuleManager: Shutting down and abandoning module GeometryCache (348)
[2021.01.10-00.11.44:607][386]LogModuleManager: Shutting down and abandoning module GeometryCacheEd (347)
[2021.01.10-00.11.44:607][386]LogModuleManager: Shutting down and abandoning module DatasmithContentEditor (342)
[2021.01.10-00.11.44:607][386]LogModuleManager: Shutting down and abandoning module DatasmithContent (340)
[2021.01.10-00.11.44:608][386]LogModuleManager: Shutting down and abandoning module SpeedTreeImporter (338)
[2021.01.10-00.11.44:608][386]LogModuleManager: Shutting down and abandoning module PluginBrowser (336)
[2021.01.10-00.11.44:613][386]LogModuleManager: Shutting down and abandoning module MobileLauncherProfileWizard (334)
[2021.01.10-00.11.44:613][386]LogModuleManager: Shutting down and abandoning module PolygonModeling (332)
[2021.01.10-00.11.44:613][386]LogModuleManager: Shutting down and abandoning module MeshEditor (330)
[2021.01.10-00.11.44:614][386]LogModuleManager: Shutting down and abandoning module CryptoKeysOpenSSL (328)
[2021.01.10-00.11.44:615][386]LogModuleManager: Shutting down and abandoning module CryptoKeys (326)
[2021.01.10-00.11.44:615][386]LogModuleManager: Shutting down and abandoning module VisualStudioSourceCodeAccess (324)
[2021.01.10-00.11.44:615][386]LogModuleManager: Shutting down and abandoning module VisualStudioCodeSourceCodeAccess (322)
[2021.01.10-00.11.44:615][386]LogModuleManager: Shutting down and abandoning module UObjectPlugin (320)
[2021.01.10-00.11.44:615][386]LogModuleManager: Shutting down and abandoning module SubversionSourceControl (318)
[2021.01.10-00.11.44:616][386]LogModuleManager: Shutting down and abandoning module PerforceSourceControl (316)
[2021.01.10-00.11.44:619][386]LogModuleManager: Shutting down and abandoning module GitSourceControl (314)
[2021.01.10-00.11.44:621][386]LogModuleManager: Shutting down and abandoning module SourceControl (313)
[2021.01.10-00.11.44:622][386]LogModuleManager: Shutting down and abandoning module CLionSourceCodeAccess (310)
[2021.01.10-00.11.44:622][386]LogModuleManager: Shutting down and abandoning module LightPropagationVolumeEditor (308)
[2021.01.10-00.11.44:622][386]LogModuleManager: Shutting down and abandoning module PaperTiledImporter (306)
[2021.01.10-00.11.44:622][386]LogModuleManager: Shutting down and abandoning module PaperSpriteSheetImporter (304)
[2021.01.10-00.11.44:622][386]LogModuleManager: Shutting down and abandoning module Paper2DEditor (302)
[2021.01.10-00.11.44:625][386]LogModuleManager: Shutting down and abandoning module MeshPaint (301)
[2021.01.10-00.11.44:626][386]LogModuleManager: Shutting down and abandoning module RuntimePhysXCooking (298)
[2021.01.10-00.11.44:626][386]LogModuleManager: Shutting down and abandoning module PhysXVehiclesEditor (296)
[2021.01.10-00.11.44:626][386]LogModuleManager: Shutting down and abandoning module PhysXVehicles (294)
[2021.01.10-00.11.44:626][386]LogModuleManager: Shutting down and abandoning module OculusEditor (292)
[2021.01.10-00.11.44:627][386]LogModuleManager: Shutting down and abandoning module LocationServicesBPLibrary (290)
[2021.01.10-00.11.44:627][386]LogModuleManager: Shutting down and abandoning module ImmediatePhysicsEditor (288)
[2021.01.10-00.11.44:627][386]LogModuleManager: Shutting down and abandoning module ImmediatePhysics (286)
[2021.01.10-00.11.44:652][386]LogModuleManager: Shutting down and abandoning module ActorSequence (284)
[2021.01.10-00.11.44:652][386]LogModuleManager: Shutting down and abandoning module UdpMessaging (282)
[2021.01.10-00.11.44:753][386]LogModuleManager: Shutting down and abandoning module TcpMessaging (280)
[2021.01.10-00.11.44:854][386]LogModuleManager: Shutting down and abandoning module MagicLeapAudio (278)
[2021.01.10-00.11.44:854][386]LogModuleManager: Shutting down and abandoning module GameplayTagsEditor (276)
[2021.01.10-00.11.44:871][386]LogModuleManager: Shutting down and abandoning module FacialAnimationEditor (274)
[2021.01.10-00.11.44:871][386]LogModuleManager: Shutting down and abandoning module FacialAnimation (272)
[2021.01.10-00.11.44:871][386]LogModuleManager: Shutting down and abandoning module DataValidation (270)
[2021.01.10-00.11.44:871][386]LogModuleManager: Shutting down and abandoning module AssetManagerEditor (268)
[2021.01.10-00.11.44:874][386]LogModuleManager: Shutting down and abandoning module LevelEditor (267)
[2021.01.10-00.11.44:877][386]LogModuleManager: Shutting down and abandoning module PixelInspectorModule (266)
[2021.01.10-00.11.44:878][386]LogModuleManager: Shutting down and abandoning module CommonMenuExtensions (264)
[2021.01.10-00.11.44:878][386]LogModuleManager: Shutting down and abandoning module MainFrame (262)
[2021.01.10-00.11.44:879][386]LogModuleManager: Shutting down and abandoning module HotReload (261)
[2021.01.10-00.11.44:881][386]LogModuleManager: Shutting down and abandoning module ContentBrowser (257)
[2021.01.10-00.11.44:884][386]LogModuleManager: Shutting down and abandoning module TreeMap (255)
[2021.01.10-00.11.44:885][386]LogModuleManager: Shutting down and abandoning module LightPropagationVolumeRuntime (252)
[2021.01.10-00.11.44:885][386]LogModuleManager: Shutting down and abandoning module AISupportModule (250)
[2021.01.10-00.11.44:885][386]LogModuleManager: Shutting down and abandoning module Paper2D (248)
[2021.01.10-00.11.44:886][386]LogModuleManager: Shutting down and abandoning module WindowsMoviePlayer (246)
[2021.01.10-00.11.44:887][386]LogModuleManager: Shutting down and abandoning module WmfMedia (244)
[2021.01.10-00.11.44:890][386]LogModuleManager: Shutting down and abandoning module Media (243)
[2021.01.10-00.11.44:897][386]LogModuleManager: Shutting down and abandoning module PacketHandler (240)
[2021.01.10-00.11.44:897][386]LogModuleManager: Shutting down and abandoning module ClothingSystemEditor (238)
[2021.01.10-00.11.44:897][386]LogModuleManager: Shutting down and abandoning module ClothingSystemRuntime (236)
[2021.01.10-00.11.44:898][386]LogModuleManager: Shutting down and abandoning module MediaAssets (234)
[2021.01.10-00.11.44:898][386]LogModuleManager: Shutting down and abandoning module Overlay (232)
[2021.01.10-00.11.44:898][386]LogModuleManager: Shutting down and abandoning module OverlayEditor (231)
[2021.01.10-00.11.44:898][386]LogModuleManager: Shutting down and abandoning module VREditor (228)
[2021.01.10-00.11.44:899][386]LogModuleManager: Shutting down and abandoning module StringTableEditor (226)
[2021.01.10-00.11.44:900][386]LogModuleManager: Shutting down and abandoning module GameplayTasksEditor (224)
[2021.01.10-00.11.44:901][386]LogModuleManager: Shutting down and abandoning module BehaviorTreeEditor (222)
[2021.01.10-00.11.44:905][386]LogModuleManager: Shutting down and abandoning module FunctionalTesting (220)
[2021.01.10-00.11.44:907][386]LogModuleManager: Shutting down and abandoning module CollisionAnalyzer (218)
[2021.01.10-00.11.44:909][386]LogModuleManager: Shutting down and abandoning module WorkspaceMenuStructure (217)
[2021.01.10-00.11.44:909][386]LogModuleManager: Shutting down and abandoning module UMG (214)
[2021.01.10-00.11.44:910][386]LogModuleManager: Shutting down and abandoning module UMGEditor (213)
[2021.01.10-00.11.44:913][386]LogModuleManager: Shutting down and abandoning module Sequencer (212)
[2021.01.10-00.11.44:918][386]LogModuleManager: Shutting down and abandoning module MessageLog (209)
[2021.01.10-00.11.44:919][386]LogModuleManager: Shutting down and abandoning module SlateReflector (204)
[2021.01.10-00.11.44:923][386]LogModuleManager: Shutting down and abandoning module Slate (202)
[2021.01.10-00.11.44:923][386]LogModuleManager: Shutting down and abandoning module EditorStyle (200)
[2021.01.10-00.11.44:926][386]LogModuleManager: Shutting down and abandoning module MRMesh (198)
[2021.01.10-00.11.44:927][386]LogModuleManager: Shutting down and abandoning module SourceCodeAccess (196)
[2021.01.10-00.11.44:927][386]LogModuleManager: Shutting down and abandoning module HeadMountedDisplay (194)
[2021.01.10-00.11.44:927][386]LogModuleManager: Shutting down and abandoning module XAudio2 (192)
[2021.01.10-00.11.44:927][386]LogModuleManager: Shutting down and abandoning module Networking (190)
[2021.01.10-00.11.44:927][386]LogModuleManager: Shutting down and abandoning module Core (188)
[2021.01.10-00.11.44:927][386]LogModuleManager: Shutting down and abandoning module LevelSequence (186)
[2021.01.10-00.11.44:927][386]LogModuleManager: Shutting down and abandoning module KismetCompiler (184)
[2021.01.10-00.11.44:927][386]LogModuleManager: Shutting down and abandoning module MeshUtilities (182)
[2021.01.10-00.11.44:930][386]LogModuleManager: Shutting down and abandoning module MeshMergeUtilities (181)
[2021.01.10-00.11.44:931][386]LogModuleManager: Shutting down and abandoning module MeshReductionInterface (180)
[2021.01.10-00.11.44:931][386]LogModuleManager: Shutting down and abandoning module SimplygonSwarm (179)
[2021.01.10-00.11.44:933][386]LogModuleManager: Shutting down and abandoning module ProxyLODMeshReduction (177)
[2021.01.10-00.11.44:934][386]LogModuleManager: Shutting down and abandoning module SimplygonMeshReduction (175)
[2021.01.10-00.11.44:934][386]LogModuleManager: Shutting down and abandoning module QuadricMeshReduction (173)
[2021.01.10-00.11.44:936][386]LogModuleManager: Shutting down and abandoning module MaterialBaking (169)
[2021.01.10-00.11.44:937][386]LogModuleManager: Shutting down and abandoning module DirectoryWatcher (165)
[2021.01.10-00.11.44:938][386]LogModuleManager: Shutting down and abandoning module DerivedDataCache (162)
[2021.01.10-00.11.45:021][386]LogDerivedDataCache: Shutdown
[2021.01.10-00.11.45:021][386]LogModuleManager: Shutting down and abandoning module XGEController (160)
[2021.01.10-00.11.45:022][386]LogModuleManager: Shutting down and abandoning module TargetPlatform (158)
[2021.01.10-00.11.45:023][386]LogModuleManager: Shutting down and abandoning module VulkanShaderFormat (157)
[2021.01.10-00.11.45:023][386]LogModuleManager: Shutting down and abandoning module ShaderFormatVectorVM (155)
[2021.01.10-00.11.45:024][386]LogModuleManager: Shutting down and abandoning module ShaderFormatOpenGL (153)
[2021.01.10-00.11.45:024][386]LogModuleManager: Shutting down and abandoning module ShaderFormatD3D (151)
[2021.01.10-00.11.45:024][386]LogModuleManager: Shutting down and abandoning module MetalShaderFormat (149)
[2021.01.10-00.11.45:026][386]LogModuleManager: Shutting down and abandoning module TextureFormatUncompressed (147)
[2021.01.10-00.11.45:026][386]LogModuleManager: Shutting down and abandoning module TextureFormatPVR (145)
[2021.01.10-00.11.45:026][386]LogModuleManager: Shutting down and abandoning module TextureFormatDXT (143)
[2021.01.10-00.11.45:026][386]LogModuleManager: Shutting down and abandoning module TextureFormatIntelISPCTexComp (141)
[2021.01.10-00.11.45:027][386]LogModuleManager: Shutting down and abandoning module TextureFormatASTC (139)
[2021.01.10-00.11.45:027][386]LogModuleManager: Shutting down and abandoning module ImageWrapper (138)
[2021.01.10-00.11.45:027][386]LogModuleManager: Shutting down and abandoning module TextureFormatAndroid (135)
[2021.01.10-00.11.45:027][386]LogModuleManager: Shutting down and abandoning module AudioFormatOpus (133)
[2021.01.10-00.11.45:028][386]LogModuleManager: Shutting down and abandoning module AudioFormatOgg (131)
[2021.01.10-00.11.45:028][386]LogModuleManager: Shutting down and abandoning module AudioFormatADPCM (129)
[2021.01.10-00.11.45:028][386]LogModuleManager: Shutting down and abandoning module LuminTargetPlatform (127)
[2021.01.10-00.11.45:028][386]LogModuleManager: Shutting down and abandoning module LinuxTargetPlatform (125)
[2021.01.10-00.11.45:028][386]LogModuleManager: Shutting down and abandoning module LinuxServerTargetPlatform (123)
[2021.01.10-00.11.45:028][386]LogModuleManager: Shutting down and abandoning module LinuxNoEditorTargetPlatform (121)
[2021.01.10-00.11.45:028][386]LogModuleManager: Shutting down and abandoning module LinuxClientTargetPlatform (119)
[2021.01.10-00.11.45:029][386]LogModuleManager: Shutting down and abandoning module TVOSTargetPlatform (117)
[2021.01.10-00.11.45:040][386]LogModuleManager: Shutting down and abandoning module Messaging (115)
[2021.01.10-00.11.45:040][386]LogModuleManager: Shutting down and abandoning module IOSTargetPlatform (113)
[2021.01.10-00.11.45:045][386]LogModuleManager: Shutting down and abandoning module HTML5TargetPlatform (111)
[2021.01.10-00.11.45:045][386]LogModuleManager: Shutting down and abandoning module AndroidTargetPlatform (109)
[2021.01.10-00.11.45:079][386]LogModuleManager: Shutting down and abandoning module WindowsTargetPlatform (107)
[2021.01.10-00.11.45:079][386]LogModuleManager: Shutting down and abandoning module WindowsServerTargetPlatform (105)
[2021.01.10-00.11.45:079][386]LogModuleManager: Shutting down and abandoning module WindowsNoEditorTargetPlatform (103)
[2021.01.10-00.11.45:079][386]LogModuleManager: Shutting down and abandoning module WindowsClientTargetPlatform (101)
[2021.01.10-00.11.45:079][386]LogModuleManager: Shutting down and abandoning module MacTargetPlatform (99)
[2021.01.10-00.11.45:079][386]LogModuleManager: Shutting down and abandoning module MacServerTargetPlatform (97)
[2021.01.10-00.11.45:080][386]LogModuleManager: Shutting down and abandoning module MacNoEditorTargetPlatform (95)
[2021.01.10-00.11.45:080][386]LogModuleManager: Shutting down and abandoning module MacClientTargetPlatform (93)
[2021.01.10-00.11.45:080][386]LogModuleManager: Shutting down and abandoning module AllDesktopTargetPlatform (91)
[2021.01.10-00.11.45:080][386]LogModuleManager: Shutting down and abandoning module InputCore (88)
[2021.01.10-00.11.45:080][386]LogModuleManager: Shutting down and abandoning module Settings (86)
[2021.01.10-00.11.45:080][386]LogModuleManager: Shutting down and abandoning module PhysXCooking (84)
[2021.01.10-00.11.45:080][386]LogModuleManager: Shutting down and abandoning module SteamVR (82)
[2021.01.10-00.11.45:080][386]LogModuleManager: Shutting down and abandoning module OculusHMD (80)
[2021.01.10-00.11.45:081][386]LogModuleManager: Shutting down and abandoning module ExampleDeviceProfileSelector (78)
[2021.01.10-00.11.45:081][386]LogModuleManager: Shutting down and abandoning module LauncherChunkInstaller (76)
[2021.01.10-00.11.45:081][386]LogModuleManager: Shutting down and abandoning module OnlineBlueprintSupport (74)
[2021.01.10-00.11.45:081][386]LogModuleManager: Shutting down and abandoning module OnlineSubsystem (70)
[2021.01.10-00.11.45:084][386]LogModuleManager: Shutting down and abandoning module XMPP (65)
[2021.01.10-00.11.45:087][386]LogModuleManager: Shutting down and abandoning module WebSockets (64)
[2021.01.10-00.11.45:125][386]LogModuleManager: Shutting down and abandoning module HTTP (61)
[2021.01.10-00.11.45:126][386]LogHttp: Display: Http module shutting down, but needs to wait on 1 outstanding Http requests:
[2021.01.10-00.11.45:126][386]LogHttp: Display: 	verb=[POST] url=[https://datarouter.ol.epicgames.com/datarouter/api/v1/public/data?SessionID=%7BE7988DBC-4446-7028-E3E3-3FB3DD360BF6%7D&AppID=UEEditor.Rocket.Release&AppVersion=4.20.3-4369336%2B%2B%2BUE4%2BRelease-4.20&UserID=deaf08bc480f3f40012a7fb2499823fe%7C27591ec173fc45aba594a0e4d13e8e68%7Ce11feb4c-afe9-4519-94fe-2f11970f740e&AppEnvironment=datacollector-binary&UploadType=eteventstream] status=Processing
[2021.01.10-00.11.45:143][386]LogModuleManager: Shutting down and abandoning module SSL (60)
[2021.01.10-00.11.45:149][386]LogModuleManager: Shutting down and abandoning module MagicLeapEmulator (56)
[2021.01.10-00.11.45:150][386]LogModuleManager: Shutting down and abandoning module MagicLeapPrivileges (54)
[2021.01.10-00.11.45:150][386]LogModuleManager: Shutting down and abandoning module MagicLeapIdentity (52)
[2021.01.10-00.11.45:150][386]LogModuleManager: Shutting down and abandoning module MagicLeapHelperVulkan (50)
[2021.01.10-00.11.45:150][386]LogModuleManager: Shutting down and abandoning module MagicLeapHelperOpenGL (48)
[2021.01.10-00.11.45:150][386]LogModuleManager: Shutting down and abandoning module MagicLeapSecureStorage (46)
[2021.01.10-00.11.45:150][386]LogModuleManager: Shutting down and abandoning module MagicLeapGestures (44)
[2021.01.10-00.11.45:150][386]LogModuleManager: Shutting down and abandoning module MagicLeapEyeTracker (42)
[2021.01.10-00.11.45:150][386]LogModuleManager: Shutting down and abandoning module MagicLeapController (40)
[2021.01.10-00.11.45:151][386]LogSlate: Slate User Destroyed.  User Index 0, Is Virtual User: 0
[2021.01.10-00.11.45:154][386]LogModuleManager: Shutting down and abandoning module MagicLeap (38)
[2021.01.10-00.11.45:155][386]LogModuleManager: Shutting down and abandoning module AnimationModifiers (36)
[2021.01.10-00.11.45:160][386]LogModuleManager: Shutting down and abandoning module PropertyEditor (35)
[2021.01.10-00.11.45:160][386]LogModuleManager: Shutting down and abandoning module AudioEditor (32)
[2021.01.10-00.11.45:163][386]LogModuleManager: Shutting down and abandoning module TextureCompressor (30)
[2021.01.10-00.11.45:167][386]LogModuleManager: Shutting down and abandoning module ShaderCore (28)
[2021.01.10-00.11.45:168][386]LogModuleManager: Shutting down and abandoning module Landscape (26)
[2021.01.10-00.11.45:168][386]LogModuleManager: Shutting down and abandoning module SlateRHIRenderer (24)
[2021.01.10-00.11.45:176][386]LogModuleManager: Shutting down and abandoning module OpenGLDrv (22)
[2021.01.10-00.11.45:176][386]LogModuleManager: Shutting down and abandoning module D3D11RHI (20)
[2021.01.10-00.11.45:176][386]LogModuleManager: Shutting down and abandoning module AnimGraphRuntime (18)
[2021.01.10-00.11.45:177][386]LogModuleManager: Shutting down and abandoning module Renderer (16)
[2021.01.10-00.11.45:177][386]LogModuleManager: Shutting down and abandoning module Engine (14)
[2021.01.10-00.11.45:177][386]LogModuleManager: Shutting down and abandoning module CoreUObject (12)
[2021.01.10-00.11.45:177][386]LogModuleManager: Shutting down and abandoning module NetworkFile (10)
[2021.01.10-00.11.45:177][386]LogModuleManager: Shutting down and abandoning module CookedIterativeFile (8)
[2021.01.10-00.11.45:177][386]LogModuleManager: Shutting down and abandoning module StreamingFile (6)
[2021.01.10-00.11.45:178][386]LogModuleManager: Shutting down and abandoning module SandboxFile (4)
[2021.01.10-00.11.45:178][386]LogModuleManager: Shutting down and abandoning module PakFile (2)
[2021.01.10-00.11.45:198][386]LogExit: Exiting.
[2021.01.10-00.11.45:232][386]Log file closed, 01/10/21 01:11:45
